Sender: LSF System <lsfadmin@gpu18>
Subject: Job 14115: <PPO_League_Six> in cluster <cluster1> Exited

Job <PPO_League_Six> was submitted from host <login02> by user <weiweiwu> in cluster <cluster1> at Fri Mar 12 11:51:30 2021
Job was executed on host(s) <gpu18>, in queue <gpu_v100>, as user <weiweiwu> in cluster <cluster1> at Fri Mar 12 11:51:33 2021
</seu_share/home/weiweiwu> was used as the home directory.
</seu_share/home/weiweiwu/uRTS/microrts/sub_job/ZT_FG_v1> was used as the working directory.
Started at Fri Mar 12 11:51:33 2021
Terminated at Mon Mar 15 10:58:19 2021
Results reported at Mon Mar 15 10:58:19 2021

Your job looked like:

------------------------------------------------------------
# LSBATCH: User input
#!/bin/bash
#BSUB -J PPO_League_Six
#BSUB -o %J.out
#BSUB -e %J.err
#BSUB -q gpu_v100
#BSUB -gpu num=1
JAVA_HOME=/seu_share/home/weiweiwu/wlocal/jdk/jdk-11.0.1
#JRE_HOME=${JAVA_HOME}/jre
CLASSPATH=.:${JAVA_HOME}/lib
PATH=$JAVA_HOME/bin:$PATH
PATH=/seu_share/home/weiweiwu/anaconda3/bin:$PATH
LD_LIBRARY_PATH=/seu_share/home/weiweiwu/anaconda3/lib:$LD_LIBRARY_PATH
export JAVA_HOME  CLASSPATH PATH 
cd ~/uRTS/microrts
python3 test_paralell.py  --algo ppo -lr 1e-4 --env-id  fullgame-v1 --render 0 --saving-prefix PPO_League_Six --league Random,WorkerRush,NaiveMCTS,UCT,MCTS,Passive --num-process 16

------------------------------------------------------------

TERM_OWNER: job killed by owner.
Exited with exit code 130.

Resource usage summary:

    CPU time :                                   535283.69 sec.
    Max Memory :                                 25464 MB
    Average Memory :                             24263.52 MB
    Total Requested Memory :                     -
    Delta Memory :                               -
    Max Swap :                                   17592186044415 MB
    Max Processes :                              36
    Max Threads :                                737
    Run time :                                   256014 sec.
    Turnaround time :                            256009 sec.

The output (if any) follows:

Random,WorkerRush,NaiveMCTS,UCT,MCTS,Passive
cuda:0
league learning staring
Random
WorkerRush
NaiveMCTS
UCT
MCTS
Passive
All leagues participated are ['Random', 'WorkerRush', 'NaiveMCTS', 'UCT', 'MCTS', 'Passive', 'socketAI', 'socketAI', 'socketAI', 'socketAI', 'socketAI', 'socketAI', 'socketAI', 'socketAI', 'socketAI', 'socketAI']
16 16
fps 54.111487422699476
fps 57.68895191896826
fps 55.94159162834273
fps 60.717177309425615
fps 63.6165778830204
fps 66.21516487231074
fps 73.59428871806513
fps 66.01386807324879
fps 63.64037666621738
fps 59.24049260287701
fps 65.43899557189707
fps 61.740548782231606
fps 54.38826016849966
fps 62.18337680272971
fps 61.70398948808083
fps 63.520210438078145
fps 69.98888265504617
fps 63.13418484937666
fps 70.14978968844713
fps 58.226118870405664
fps 64.5657903603275
fps 64.46729499119208
fps 68.76089863579121
fps 63.169338821524924
fps 64.016126743263
fps 70.92859690800663
fps 62.337128432599116
fps 64.43679907375666
fps 68.71903292319678
fps 63.96858323970823
fps 67.51306030368927
fps 76.7696350181877
fps 65.34072617697358
fps 67.60116767838632
fps 65.93994287409419
fps 67.24354286431287
fps 59.17372003822632
fps 64.97391900225573
fps 64.49190434681361
fps 65.30068534545622
fps 63.40763630684073
fps 70.02334704096684
fps 68.9098499408657
fps 65.92402501286884
fps 65.8782439752077
fps 71.33305561405594
fps 61.33269548443706
fps 69.3529988793953
fps 70.00777390496641
fps 66.9600880587458
fps 65.51148079288794
fps 63.625330154900226
fps 63.88257515676353
fps 65.3068874310513
fps 73.11472694208932
fps 62.45212248606084
fps 68.28084058114692
fps 70.42051978417666
fps 77.94481989424273
fps 61.13539949526521
fps 60.47616426945193
fps 63.27577498173467
fps 68.69169907022886
fps 61.46948997280725
fps 69.29722726485141
fps 65.97020344523939
fps 62.529118263226366
fps 63.20034193291647
fps 61.73252556705575
fps 60.95187866901655
fps 67.60216708594906
fps 66.272016628362
fps 81.93370589272548
fps 69.73657576275494
fps 62.85213261031709
fps 68.8829916002693
fps 63.67226873296161
fps 72.58922945463316
fps 68.86261874895717
fps 71.7719412848653
fps 70.28490466806693
fps 68.8909028746553
fps 62.97319034266629
fps 73.10900658530147
fps 68.79415429845884
fps 80.44029247348436
fps 69.14296797600821
fps 69.00934052247814
fps 63.3871762120485
fps 64.26228080299775
fps 77.25244703973368
fps 65.44899029711218
fps 69.75728172349683
fps 63.35447837193299
fps 66.98453634654595
fps 66.10441599256703
fps 78.91651387450882
fps 69.24934162119686
fps 68.26232784522425
fps 64.97509859082776
fps 67.80330894821638
fps 68.31089140905164
fps 72.48386249256009
fps 73.91948212916373
fps 63.52563487913588
fps 72.07262534829516
fps 67.61371110465504
fps 67.73123678471032
fps 68.75013860261537
fps 77.7150972564741
fps 71.12208624765412
fps 73.54884435241316
fps 66.20127320944974
fps 74.80682560356048
fps 64.87805887014451
fps 68.30410406105592
fps 67.54824432180939
fps 72.18418625238786
fps 75.29403899837908
fps 80.12167650188336
fps 74.4260870789978
fps 72.59266913955817
fps 68.75801516124632
fps 70.18800166640914
fps 68.07606428201174
fps 68.40877318600872
fps 75.25077639208737
fps 71.99112654385551
fps 66.78188353664314
fps 69.07490687925298
fps 66.01276293339129
fps 75.97653520484599
fps 67.10283561545398
fps 71.07591359203954
fps 65.04243740513611
fps 73.8159417557612
fps 64.74002068698145
fps 71.88589523979311
fps 71.290295325244
fps 72.57781862498051
fps 70.63751924453689
fps 83.56624274084582
fps 72.0417648520705
fps 72.27218831540341
fps 76.13781831891829
fps 70.72242898423447
fps 74.82752609978897
fps 70.56902103480559
fps 78.33421104114053
fps 70.61679183226994
fps 70.35445486770344
fps 70.0881016711725
fps 73.95744784500214
fps 66.83574880218173
fps 68.14387148511558
fps 72.83402349523196
fps 81.07128684614491
fps 78.72850867433333
fps 76.70942257756435
fps 74.01581130445449
fps 80.40614910533375
fps 67.41041295517435
fps 68.19970754665495
fps 76.5457733023362
fps 78.31148624876035
fps 80.38274313100794
fps 75.64756010665614
fps 78.76844989679445
fps 90.98592090315616
fps 72.59545396370062
fps 79.88999122699954
fps 74.17416014473807
fps 78.46791334831184
fps 77.77844505934047
fps 73.76186125040546
fps 75.16243149678482
fps 81.70127953114189
fps 79.54718863854322
fps 83.12539473308732
fps 74.45323006444852
fps 71.94575695112036
fps 72.1559230326975
fps 75.30591317639163
fps 78.67615762682712
fps 70.42978278107091
fps 70.03225019363603
fps 76.89766288313906
fps 79.98986668212123
fps 86.88799720088252
fps 74.02640551911924
fps 78.73038695313362
fps 79.09099430204736
fps 72.4500960559223
fps 77.31682013497262
fps 76.97937844921358
fps 77.80572943009888
fps 78.14389488280266
fps 75.61997464802788
fps 75.43230976149637
fps 75.37711843853526
fps 75.78931557537739
fps 69.80614960751907
fps 75.65949377007142
fps 73.44430680520486
fps 79.8766685265474
fps 78.75889512485277
fps 78.11259457068354
fps 74.60193626661484
fps 90.65204752232326
fps 77.88592702737125
fps 72.99327845717943
fps 70.68805528140078
fps 75.82337669167278
fps 73.20010168649017
fps 77.8839542351291
fps 75.042082005092
fps 73.2503929612828
fps 82.27119112998814
fps 82.24349381981827
fps 74.9544845958572
fps 79.6455266640107
fps 75.70763864772488
fps 73.12145787290855
fps 76.91676137726154
fps 79.72549596827959
fps 73.46326246238016
fps 82.81559352629851
fps 74.14457417603892
fps 79.0828982265568
fps 78.87987895355032
fps 74.06478370109689
fps 73.66366994506318
fps 79.30189020466146
fps 84.10802182989912
fps 76.5032195193876
fps 76.04037893827278
fps 75.94051211821404
fps 80.12362701092202
fps 83.10556150023763
fps 75.60440103383283
fps 75.8217167953092
fps 74.2610505619652
fps 76.81481210424643
fps 77.58002329900134
fps 79.20279469201242
fps 76.66067580740737
fps 74.03181699764608
fps 83.08894584127995
fps 76.37302139612814
fps 74.42931416495952
fps 85.32312112245954
fps 78.1751150168665
fps 76.37664840193646
fps 81.19083690763361
fps 81.90404550785405
fps 79.9142983176424
fps 77.02070761738982
fps 77.71702829284601
fps 84.84762010938971
fps 75.32025711504998
fps 79.93852736348245
fps 76.10041379968776
fps 76.01866956788997
fps 75.20220543977767
fps 78.47878892981753
fps 80.89580080075613
fps 80.67785655861589
fps 77.97405054729747
fps 80.861986352302
fps 72.5286230934414
fps 76.35067738202491
fps 75.04380175995801
fps 81.71607231458316
fps 75.87974859626647
fps 78.05741904401079
fps 81.7193713619195
fps 78.5586041977566
fps 80.04634288172436
fps 76.6493638715812
fps 79.48028690952995
fps 77.5381358470038
fps 78.99008570189191
fps 80.84581988804092
fps 73.14840898323753
fps 80.74462915529186
fps 82.00016126360421
fps 76.34783369451556
fps 78.26174510076623
fps 77.89898287743479
fps 75.71002750474192
fps 81.6908033479705
fps 78.24078350581281
fps 78.01800944692135
fps 74.97842384196213
fps 83.34320145050872
fps 73.2146058670389
fps 76.11338614457007
fps 79.5110471463338
fps 71.96919907218624
fps 77.57310597189286
fps 77.51255431547987
fps 74.61572661697674
fps 76.30275770383976
fps 81.80089551958379
fps 77.96042059604942
fps 74.99676056228934
fps 84.25865735352221
fps 80.6950443022571
fps 76.42145173321263
fps 82.57111334506263
fps 78.49510864439718
fps 79.1650281267277
fps 79.84053864910636
fps 78.16644911717201
fps 76.62420068108021
fps 75.26851380864748
fps 79.48694761481512
fps 76.52251835626812
fps 77.33093811322658
fps 75.28032766394107
fps 73.2078209613187
fps 78.08507197161013
fps 75.76863982628056
fps 76.47882441348057
fps 80.04858218881525
fps 79.55171335046923
fps 78.22260946507895
fps 84.29901937866906
fps 77.0200694882675
fps 84.0508483451084
fps 76.93719302883119
fps 73.18628501703483
fps 72.52135625565842
fps 75.52782692631202
fps 74.65999617092648
fps 70.23459186154199
fps 80.60233212305039
fps 83.79528895660074
fps 78.00495220688998
fps 83.09319939418918
fps 79.37867411287743
fps 79.93478830784791
fps 75.43829466549433
fps 87.03339512467473
fps 77.19702441672439
fps 73.8590656618968
fps 75.21620884711005
fps 80.94315308948794
fps 78.75602551298103
fps 81.07539068455972
fps 77.58115693425772
fps 82.48676929033566
fps 83.8847229548944
fps 79.9269379910852
fps 76.10260131111998
fps 78.35906708428736
fps 79.36980082488417
fps 78.89721853264138
fps 80.06689415307902
fps 77.22153915693796
fps 72.93116936511616
fps 79.25567085872922
fps 77.03308927362134
fps 83.72095966288568
fps 79.5686430574029
fps 78.53713127853041
fps 74.14873969001694
fps 74.81216972629838
fps 75.59126322048355
fps 77.33824769920984
fps 71.42615911848313
fps 72.25538361301686
fps 79.03389479714514
fps 78.96831765353446
fps 78.6407100385184
fps 79.51209707759412
fps 80.78716289584726
fps 77.09118287059187
fps 76.22652084453358
fps 76.04564517966502
fps 79.1373175524208
fps 78.40398322997449
fps 84.68302848792494
fps 76.45914270696386
fps 82.65117973525969
fps 83.6971853916119
fps 87.96461293724947
fps 76.46023554508052
fps 77.59406603077043
fps 83.55641422551327
fps 76.54993514590207
fps 72.59412705625994
fps 74.74004743717848
fps 80.08925829816394
fps 71.45274579364747
fps 72.15189315430042
fps 79.94612242996563
fps 76.60684527755484
fps 75.97930536407941
fps 78.76014648048495
fps 74.78158246138929
fps 73.88754801069483
fps 81.22700150480924
fps 75.77798789333615
fps 79.39396114364192
fps 69.81328052875749
fps 77.3921542544487
fps 80.15542547003867
fps 80.29024994344802
fps 75.48901531475099
fps 83.32639669588693
fps 74.92534036829917
fps 74.83059317464684
fps 75.83266346303364
fps 74.4779826848888
fps 75.70794774122332
fps 73.67072578598892
fps 74.74788779176181
fps 77.48371036169905
fps 74.16293578845871
fps 77.72513364423642
fps 84.69136584067613
fps 72.36800075899801
fps 70.86086607741161
fps 76.03763645948798
fps 79.19085060695942
fps 75.71085799008142
fps 80.61266189246402
fps 80.71893583482314
fps 77.58656529682567
fps 74.22399870924372
fps 79.3443908985475
fps 75.06463464152091
fps 76.13606498668834
fps 72.36411671830652
fps 75.27593516744899
fps 84.28355788765587
fps 77.66229619701792
fps 71.95146689228868
fps 76.11222533499765
fps 81.5647657311009
fps 79.16029732596684
fps 78.31386176133599
fps 78.96610613451419
fps 81.35221447355359
fps 79.05661663284138
fps 81.75005050657457
fps 75.7633959701866
fps 79.54673632766526
fps 77.70093322704571
fps 82.71515496091831
fps 72.03403744564177
fps 75.60219982445325
fps 73.24725290374063
fps 79.84762877506297
fps 74.5183289804776
fps 78.87676040385891
fps 71.9333654018012
fps 71.13199307323984
fps 75.37863336329929
fps 77.87310119093846
fps 80.09633215619172
fps 79.73417205961549
fps 80.81172431766821
fps 78.75674153305661
fps 76.63380088283748
fps 74.22439661860442
fps 74.52971216528849
fps 79.61615872208205
fps 76.59749575046484
fps 78.01456923667085
fps 71.29709839780416
fps 74.60475132186826
fps 70.93254647319945
fps 79.07334034600404
fps 76.02729951238237
fps 81.36883845850163
fps 85.58765152344364
fps 77.0760711365168
fps 78.8258354887443
fps 76.2077342945556
fps 73.7557613912833
fps 76.87728084081611
fps 73.16077663078298
fps 77.02315477574071
fps 79.06497979413172
fps 76.3722473294972
fps 73.28806760981601
fps 75.1324479794181
fps 72.44260244468462
fps 77.83949806070702
fps 81.81844405482931
fps 80.10000440587321
fps 76.47744578812295
fps 80.76594816383067
fps 77.06281859429252
fps 79.29975582328076
fps 73.55410964475304
fps 77.85156962900136
fps 74.97366194128011
fps 73.05523257076295
fps 75.26078795108286
fps 73.88107165992531
fps 80.13481495239127
fps 68.62861411995308
fps 76.78130435692938
fps 75.38506872577422
fps 79.42160447528849
fps 81.6248966050417
fps 73.46795313978079
fps 74.90820461397323
fps 77.98281610785934
fps 75.10215125825053
fps 76.00477545034504
fps 75.22860916365123
fps 76.64340279024306
fps 78.69405618751051
fps 72.9436511658208
fps 79.02088873367201
fps 77.92485770480977
fps 75.09963504406275
fps 73.08090798176148
fps 77.28488594756206
fps 76.73839526614495
fps 70.91876643849089
fps 70.88979241635374
fps 74.44966483005594
fps 78.09785030753868
fps 74.10111092508166
fps 82.44149701364472
fps 72.294828710011
fps 75.98315161315165
fps 76.99944272617495
fps 76.9611190821927
fps 82.16834831611168
fps 74.59736692959488
fps 80.45614493345538
fps 76.73153455663383
fps 72.02071431081012
fps 77.30013604386163
fps 70.7147497409271
fps 79.5808543599121
fps 73.69189195346236
fps 76.64688744512942
fps 76.6320088819178
fps 79.67170295843421
fps 76.56938004561721
fps 69.80670451166007
fps 73.44780188081542
fps 83.3740695215272
fps 79.18209512132778
fps 78.43971267786749
fps 76.92679604475725
fps 77.92470288686592
fps 78.94326263200838
fps 76.64255032004654
fps 72.5920424402655
fps 68.82537229513464
fps 72.51238395743523
fps 71.19080380349148
fps 71.9676482968764
fps 78.14578313389521
fps 73.74697826092061
fps 67.90018154272249
fps 77.03210927254983
fps 75.72194551437462
fps 70.0356385578112
fps 73.8949986377478
fps 70.61961855072845
fps 73.97612958338975
fps 69.9630419057327
fps 79.20499686594414
fps 69.47276824133932
fps 72.04499266736819
fps 80.90413471841097
fps 76.22366120402235
fps 76.07785623314965
fps 77.78498477217529
fps 73.09041828243726
fps 75.79254152558255
fps 71.75676048500299
fps 67.96707824796712
fps 72.2064683832219
fps 72.55032881558036
fps 72.61794235645112
fps 71.04462910392274
fps 67.52614090991298
fps 77.15206288305603
fps 70.72300384320219
fps 75.60049253602718
fps 71.48276934705142
fps 71.79596615126319
fps 71.37632188226344
fps 73.59268148387197
fps 73.83807089540397
fps 70.37906505116008
fps 70.49564792251776
fps 72.4298900173274
fps 70.72774609678174
fps 74.52672408095677
fps 75.44026194336548
fps 72.83826804563662
fps 71.8573926531908
fps 67.69707412872583
fps 76.00269710742145
fps 76.23506987675295
fps 73.83443622441736
fps 69.76604278311832
fps 74.16208736389395
fps 74.23346094573677
fps 68.40887667121619
fps 70.20368109561792
fps 69.9185449228369
fps 70.4664491580851
fps 68.19823061913819
fps 64.2992115109368
fps 72.59453422486469
fps 72.6820398884379
fps 73.73935140443038
fps 73.89484924758432
fps 78.05619945159073
fps 70.34570240069375
fps 70.12359934033297
fps 71.9387016744288
fps 67.7602571753188
fps 72.02685514860696
fps 70.998920559039
fps 71.05076649331342
fps 70.38862080077125
fps 73.8031575608195
fps 65.58733163046999
fps 73.64541220799852
fps 71.50981118856821
fps 75.73147990630173
fps 74.89875458383311
fps 71.91068388000481
fps 72.62761848249094
fps 69.07442227495247
fps 74.39335105647004
fps 68.8584601760697
fps 72.35984431033447
fps 77.07399593276016
fps 68.33065680033071
fps 59.673484674953954
fps 69.61014371496529
fps 72.22306876711221
fps 71.5722869516938
fps 70.85462611951782
fps 68.05861095848935
fps 72.06117972517828
fps 73.79392819988313
fps 71.20308125977162
fps 69.55134079133589
fps 71.50826361287477
fps 75.30812885708063
fps 72.5619733587238
fps 74.22407398906581
fps 70.91011299988811
fps 70.480321766904
fps 70.07378002211748
fps 75.28221416791975
fps 75.80841026775572
fps 72.96613020819004
fps 75.86685224571323
fps 72.19496444734241
fps 70.76257857680224
fps 71.58836123923196
fps 72.2781089948661
fps 72.46449879976146
fps 74.68704599146665
fps 64.53966762056712
fps 72.18652525633067
fps 72.11008420035519
fps 71.79694726430304
fps 70.65499406332182
fps 70.76222087325465
fps 72.36282064818877
fps 76.20941295302023
fps 61.59815071419308
fps 73.7026085426701
fps 67.68720500408611
fps 69.79542104105727
fps 63.33239065785314
fps 67.66702356390974
fps 67.14883266392238
fps 69.32935834702201
fps 66.49268328572295
fps 72.54385278788561
fps 72.6245549326417
fps 72.61291206005403
fps 72.0789637845559
fps 73.09028287437715
fps 71.57180285379025
fps 73.79046055325836
fps 73.10114720440382
fps 72.02586828323972
fps 75.5162808683945
fps 71.47153099299054
fps 69.44231271538509
fps 68.36442416302881
fps 73.62292700682352
fps 74.30807714202767
fps 69.58267224312257
fps 67.9577467081456
fps 70.6626455265934
fps 69.23478716704699
fps 68.46540836664738
fps 75.91329888015571
fps 71.62324046169445
fps 70.63667937755109
fps 69.52158891346281
fps 58.52076632991115
fps 71.49785971513195
fps 74.0669075746767
fps 71.63313616082914
fps 71.4659392072679
fps 72.82273898490658
fps 71.10877670604798
fps 68.72466020717795
fps 74.80685520624452
fps 76.25391357736004
fps 71.57383966624538
fps 74.18856166709479
fps 70.86456999166337
fps 66.89657481087463
fps 67.79055374170805
fps 72.69873620039448
fps 69.44252584359866
fps 68.82334689562849
fps 67.74653756611671
fps 68.6633598265261
fps 73.62585573705518
fps 67.41711547935762
fps 72.6309659054139
fps 71.18756598658608
fps 69.84987311593757
fps 72.58361630562008
fps 73.0870700056208
fps 70.23384960674082
fps 72.6016002109275
fps 66.54280861523534
fps 68.38787712470075
fps 66.909868764415
fps 73.79266138703767
fps 70.15243115415934
fps 72.88070286275338
fps 70.50145566486559
fps 71.78361116924233
fps 72.64830762734839
fps 69.1497073176987
fps 70.60005708507326
fps 67.72040984278519
fps 70.34652673485705
fps 72.82049787938314
fps 71.23818088044409
fps 67.67266193239695
fps 69.96677882322999
fps 66.24526489122469
fps 72.64132383633606
fps 67.90215090913044
fps 74.07956628480247
fps 70.06874360230793
fps 73.1673946287867
fps 69.55787750565636
fps 76.0738601697201
fps 66.86645537963814
fps 75.79923020405242
fps 70.28646128617815
fps 68.09335458834397
fps 70.14282989021096
fps 72.56198795195
fps 67.34127834789057
fps 66.74965739370154
fps 66.68945568046196
fps 74.07531001213098
fps 65.36326257827879
fps 65.84828168188353
fps 67.041509004899
fps 66.05811710010084
fps 66.48008524874442
fps 61.91357306209033
fps 63.730178142737614
fps 65.3388079879518
fps 67.86314054808183
fps 68.9061824760796
fps 65.66063626311842
fps 69.19562889494351
fps 64.0149940515652
fps 61.4744868531873
fps 67.77804730216774
fps 66.01819229911952
fps 64.57920217156695
fps 59.5811218376367
fps 63.51845037254249
fps 63.59741110694811
fps 68.2202694024498
fps 63.05857692207765
fps 63.5313306553173
fps 64.64999947337922
fps 60.117353461201674
fps 62.555501003053564
fps 69.66792387544552
fps 70.14318069926507
fps 66.26670869507886
fps 64.24696120491336
fps 66.09910804850162
fps 68.98822501358727
fps 67.31580240274579
fps 66.44475478880335
fps 65.37925718939813
fps 67.07865774255329
fps 62.32388612878678
fps 67.72300075428917
fps 68.06762419024261
fps 67.47505510508354
fps 66.48044878246452
fps 65.87124643387932
fps 67.96612212565951
fps 64.24584622344284
fps 64.4708262305746
fps 64.55080692548562
fps 67.96605735261578
fps 67.81507719339722
fps 68.52871958691222
fps 65.22307497293804
fps 68.01711531350506
fps 66.80517342684647
fps 68.16087530811554
fps 58.02852822048249
fps 68.51763928525175
fps 68.81122204914493
fps 70.28301158475398
fps 62.79815010754896
fps 64.64097089064454
fps 65.86790509323438
fps 68.84817863502467
fps 64.1670724594344
fps 61.273786047986064
fps 63.73514027113365
fps 65.15094348138423
fps 68.45032499389517
fps 64.47416608102121
fps 67.51545625581835
fps 69.2621789455436
fps 68.5389094984858
fps 70.42188237146462
fps 65.5491145598597
fps 69.77311378891822
fps 63.368296149537684
fps 70.20283168474572
fps 65.14259034672838
fps 59.92416508274875
fps 65.64033306584209
fps 70.20719727012137
fps 68.62835542719905
fps 66.636003325736
fps 69.00175300219232
fps 65.15789414886838
fps 62.45528481653147
fps 71.44605796361473
fps 67.13882208093956
fps 66.27048261889564
fps 63.70316767070893
fps 67.75122091361877
fps 68.79126091205882
fps 71.98357090646833
fps 69.43192060165426
fps 67.99642514522037
fps 69.429619287458
fps 68.30117861912524
fps 64.3037675006849
fps 65.46732605362845
fps 65.08769205833858
fps 68.07145336858181
fps 67.9951528027813
fps 63.24635067185631
fps 66.2054256226242
fps 63.81698238682331
fps 65.12472192663154
fps 66.62788257926303
fps 63.99828465291007
fps 62.11834936050285
fps 67.15075519281798
fps 66.78797788762797
fps 66.14471932303414
fps 64.25528720908676
fps 62.384617181466936
fps 67.45624402697189
fps 66.30041012531436
fps 65.7460366932912
fps 65.94092985599428
fps 73.7441018788134
fps 66.87803952929563
fps 64.50196503021796
fps 67.5620313935439
fps 62.73623235754903
fps 66.73348514306343
fps 66.33230533355872
fps 61.68256544623165
fps 65.36101172073775
fps 67.57744567039127
fps 66.3952300083675
fps 65.57262698678322
fps 71.99204016955652
fps 67.31432961502817
fps 69.1568745772198
fps 69.7657694245266
fps 70.22620436923593
fps 65.1851377495377
fps 71.73748519882896
fps 69.80191194698492
fps 66.71876942967886
fps 65.20368052762527
fps 63.47478750253973
fps 62.134748824956084
fps 66.0795559074611
fps 66.65422267910763
fps 69.198994295875
fps 70.87246159291767
fps 66.0386233155787
fps 65.74381871487269
fps 69.51977237380582
fps 64.44463779976954
fps 67.21821546675812
fps 64.82532521407458
fps 66.49199864536335
fps 67.49404339395343
fps 72.36757170157172
fps 67.77655189118772
fps 70.89008715997664
fps 69.5330338629255
fps 66.09346526826074
fps 65.12648302116084
fps 67.71007284120904
fps 67.72873095921365
fps 67.92789212853556
fps 64.25498845454943
fps 70.07108996863745
fps 65.47644929724784
fps 63.734273962925876
fps 64.9102200290878
fps 66.8463832535108
fps 70.49539243937679
fps 67.42765582080408
fps 66.33260306434632
fps 63.05902724612357
fps 62.82289893643225
fps 63.702210379673375
fps 63.89094298801644
fps 64.24871389771727
fps 64.32513708646269
fps 68.83365589864547
fps 64.77621328922002
fps 66.4343816984588
fps 68.85351371471324
fps 70.9431233707179
fps 59.32632403389205
fps 68.3464415170147
fps 65.38909789990534
fps 68.13910436323302
fps 67.58020368494533
fps 66.14134177227957
fps 67.83337751758907
fps 68.64897590289728
fps 68.07411968668913
fps 66.79651979960845
fps 65.30373031945454
fps 66.63917966641141
fps 63.571617524841855
fps 69.06835797310066
fps 64.66273195199311
fps 62.319496928001215
fps 68.08920294773144
fps 64.52759308558299
fps 66.99572048831209
fps 66.00323944583229
fps 68.37727531196471
fps 67.31717247998877
fps 63.76747266404372
fps 67.13223494634858
fps 62.90579960074116
fps 67.69873171486931
fps 67.15560329255757
fps 69.80665506224156
fps 68.08033684314563
fps 64.38080953884676
fps 63.27184507611685
fps 65.81475247104696
fps 57.771688854921784
fps 62.125343227849655
fps 66.89737157223246
fps 68.71757584732781
fps 64.65001211647089
fps 64.67946344574874
fps 62.95760108202523
fps 70.92532585370009
fps 63.28447913907963
fps 62.66156085413686
fps 66.45448831492514
fps 64.9982781944555
fps 68.25262601338622
fps 53.57177781967089
fps 65.63432502609062
fps 64.40686037327268
fps 70.5998064892929
fps 68.43739514673855
fps 67.18628053391197
fps 65.02601978689718
fps 64.37203881270877
fps 66.32069381984743
fps 67.36011466802738
fps 66.8898114394731
fps 69.04920806224587
fps 64.04502658983894
fps 63.94437967868822
fps 68.49130398619646
fps 62.55542461562485
fps 69.15694776890247
fps 67.19927430684808
fps 72.96926390154933
fps 65.54283943369892
fps 70.39168201806817
fps 66.08428042978197
fps 65.94149142449795
fps 68.55517639550587
fps 66.71495236866436
fps 67.46001957638266
fps 66.87499891878107
fps 65.41529338810743
fps 67.4203527041079
fps 67.476420952927
fps 70.64257812574014
fps 64.71513090734821
fps 67.56451891285474
fps 67.29402903901122
fps 68.99744906632822
fps 66.51591268551073
fps 67.20039052869774
fps 64.56979325177721
fps 65.52010887820227
fps 69.51077051368746
fps 64.9218111365554
fps 64.30798002588885
fps 67.55601823045161
fps 66.43194638186945
fps 65.55976278905959
fps 62.25236519184687
fps 63.17200451465605
fps 68.18808250967963
fps 66.59640116343809
fps 66.93075964225373
fps 65.36257075905381
fps 63.702793724529
fps 66.07228694410874
fps 63.22085637603063
fps 67.23331757716757
fps 62.675255942699906
fps 69.33230541396902
fps 68.64964880000551
fps 63.61497342132605
fps 68.59804201907373
fps 59.121909895723824
fps 66.67600676456081
fps 66.57832833232104
fps 65.59276073393437
fps 64.6784964106682
fps 66.87313252981014
fps 69.0836381734354
fps 72.53774422628072
fps 67.22219389669043
fps 67.9084302167058
fps 67.01791392199854
fps 72.42092048474699
fps 67.16675300941623
fps 66.73850062619147
fps 65.02714808751426
fps 65.39522235095963
fps 67.81293628664994
fps 64.5485173663459
fps 68.40260689754514
fps 68.6915854464397
fps 66.19486933909818
fps 65.10500013070212
fps 69.4117812147848
fps 63.31538423292254
fps 68.22190346819892
fps 68.1198561253427
fps 63.92491808120263
fps 65.39380035094214
fps 63.06118942439731
fps 65.21354582731244
fps 69.08758557934577
fps 68.53008587664623
fps 67.20780464168129
fps 66.31119470290372
fps 67.01211144441177
fps 67.14158054794466
fps 69.70047927872444
fps 66.626627267752
fps 64.59323163240636
fps 63.03042429867651
fps 72.8294795690605
fps 71.97000014832871
fps 69.90678127611659
fps 68.01491682475056
fps 71.09767574309916
fps 67.74575792600702
fps 66.61276311525245
fps 66.47150009367826
fps 65.732013248656
fps 64.94320734572347
fps 66.85296828602581
fps 65.97388186157718
fps 67.1998952629196
fps 65.45522180026585
fps 63.30233100993967
fps 64.03652040055104
fps 64.65858483494118
fps 64.60239539167169
fps 68.52230083982103
fps 66.80342125552338
fps 67.41055400230859
fps 66.50525057435777
fps 64.48593037990332
fps 68.52047583817159
fps 69.814174502036
fps 71.8095584863454
fps 68.36776442728531
fps 68.3148472443215
fps 66.70125184953248
fps 67.98790209011874
fps 66.37047737312561
fps 63.96135336809914
fps 67.27712017548592
fps 72.02342867887388
java -jar /seu_share/home/weiweiwu/uRTS/microrts/microrts/rts_wrapper/microrts-java.jar --map /seu_share/home/weiweiwu/uRTS/microrts/microrts/rts_wrapper/maps/6x6/fullgame6x6.xml --ai1_type socketAI --ai2_type WorkerRush --maxCycles 2000 --maxEpisodes 100000 --period 1 --render 0 --port1 41722
Player0 Wait for Java client connection...
Player0: Send welcome msg to client...
Client: ack!
Server: Send reset command...
Client received info:
--map
/seu_share/home/weiweiwu/uRTS/microrts/microrts/rts_wrapper/maps/6x6/fullgame6x6.xml
--ai1_type
socketAI
--ai2_type
WorkerRush
--maxCycles
2000
--maxEpisodes
100000
--period
1
--render
0
--port1
41722
GymSocketAI: welcome message received

java -jar /seu_share/home/weiweiwu/uRTS/microrts/microrts/rts_wrapper/microrts-java.jar --map /seu_share/home/weiweiwu/uRTS/microrts/microrts/rts_wrapper/maps/6x6/fullgame6x6.xml --ai1_type socketAI --ai2_type Random --maxCycles 2000 --maxEpisodes 100000 --period 1 --render 0 --port1 57436
Player0 Wait for Java client connection...
Player0: Send welcome msg to client...
Client: ack!
Server: Send reset command...
Client received info:
--map
/seu_share/home/weiweiwu/uRTS/microrts/microrts/rts_wrapper/maps/6x6/fullgame6x6.xml
--ai1_type
socketAI
--ai2_type
Random
--maxCycles
2000
--maxEpisodes
100000
--period
1
--render
0
--port1
57436
GymSocketAI: welcome message received

java -jar /seu_share/home/weiweiwu/uRTS/microrts/microrts/rts_wrapper/microrts-java.jar --map /seu_share/home/weiweiwu/uRTS/microrts/microrts/rts_wrapper/maps/6x6/fullgame6x6.xml --ai1_type socketAI --ai2_type socketAI --maxCycles 2000 --maxEpisodes 100000 --period 1 --render 0 --port1 39230 --port2 48338
Player0 Wait for Java client connection...
Player0: Send welcome msg to client...
Client: ack!
Player1 Wait for Java client connection...
Player1: Send welcome msg to client...
Client: ack!
Server: Send reset command...
Server: Send reset command...
ParallelVecEnv worker: got KeyboardInterrupt
Client received info:
--map
/seu_share/home/weiweiwu/uRTS/microrts/microrts/rts_wrapper/maps/6x6/fullgame6x6.xml
--ai1_type
socketAI
--ai2_type
socketAI
--maxCycles
2000
--maxEpisodes
100000
--period
1
--render
0
--port1
39230
--port2
48338
GymSocketAI: welcome message received
GymSocketAI: welcome message received

java -jar /seu_share/home/weiweiwu/uRTS/microrts/microrts/rts_wrapper/microrts-java.jar --map /seu_share/home/weiweiwu/uRTS/microrts/microrts/rts_wrapper/maps/6x6/fullgame6x6.xml --ai1_type socketAI --ai2_type socketAI --maxCycles 2000 --maxEpisodes 100000 --period 1 --render 0 --port1 33930 --port2 40145
Player0 Wait for Java client connection...
Player0: Send welcome msg to client...
Client: ack!
Player1 Wait for Java client connection...
Player1: Send welcome msg to client...
Client: ack!
Server: Send reset command...
Server: Send reset command...
ParallelVecEnv worker: got KeyboardInterrupt
Client received info:
--map
/seu_share/home/weiweiwu/uRTS/microrts/microrts/rts_wrapper/maps/6x6/fullgame6x6.xml
--ai1_type
socketAI
--ai2_type
socketAI
--maxCycles
2000
--maxEpisodes
100000
--period
1
--render
0
--port1
33930
--port2
40145
GymSocketAI: welcome message received
GymSocketAI: welcome message received

java -jar /seu_share/home/weiweiwu/uRTS/microrts/microrts/rts_wrapper/microrts-java.jar --map /seu_share/home/weiweiwu/uRTS/microrts/microrts/rts_wrapper/maps/6x6/fullgame6x6.xml --ai1_type socketAI --ai2_type socketAI --maxCycles 2000 --maxEpisodes 100000 --period 1 --render 0 --port1 35162 --port2 33876
Player0 Wait for Java client connection...
Player0: Send welcome msg to client...
Client: ack!
Player1 Wait for Java client connection...
Player1: Send welcome msg to client...
Client: ack!
Server: Send reset command...
Server: Send reset command...
ParallelVecEnv worker: got KeyboardInterrupt
Client received info:
--map
/seu_share/home/weiweiwu/uRTS/microrts/microrts/rts_wrapper/maps/6x6/fullgame6x6.xml
--ai1_type
socketAI
--ai2_type
socketAI
--maxCycles
2000
--maxEpisodes
100000
--period
1
--render
0
--port1
35162
--port2
33876
GymSocketAI: welcome message received
client request for connecting to server...
GymSocketAI: welcome message received

java -jar /seu_share/home/weiweiwu/uRTS/microrts/microrts/rts_wrapper/microrts-java.jar --map /seu_share/home/weiweiwu/uRTS/microrts/microrts/rts_wrapper/maps/6x6/fullgame6x6.xml --ai1_type socketAI --ai2_type socketAI --maxCycles 2000 --maxEpisodes 100000 --period 1 --render 0 --port1 38531 --port2 37327
Player0 Wait for Java client connection...
Player0: Send welcome msg to client...
Client: ack!
Player1 Wait for Java client connection...
Player1: Send welcome msg to client...
Client: ack!
Server: Send reset command...
Server: Send reset command...
Client received info:
--map
/seu_share/home/weiweiwu/uRTS/microrts/microrts/rts_wrapper/maps/6x6/fullgame6x6.xml
--ai1_type
socketAI
--ai2_type
socketAI
--maxCycles
2000
--maxEpisodes
100000
--period
1
--render
0
--port1
38531
--port2
37327
GymSocketAI: welcome message received
client request for connecting to server...
GymSocketAI: welcome message received

java -jar /seu_share/home/weiweiwu/uRTS/microrts/microrts/rts_wrapper/microrts-java.jar --map /seu_share/home/weiweiwu/uRTS/microrts/microrts/rts_wrapper/maps/6x6/fullgame6x6.xml --ai1_type socketAI --ai2_type Passive --maxCycles 2000 --maxEpisodes 100000 --period 1 --render 0 --port1 35255
Player0 Wait for Java client connection...
Player0: Send welcome msg to client...
Client: ack!
Server: Send reset command...
Client received info:
--map
/seu_share/home/weiweiwu/uRTS/microrts/microrts/rts_wrapper/maps/6x6/fullgame6x6.xml
--ai1_type
socketAI
--ai2_type
Passive
--maxCycles
2000
--maxEpisodes
100000
--period
1
--render
0
--port1
35255
GymSocketAI: welcome message received

java -jar /seu_share/home/weiweiwu/uRTS/microrts/microrts/rts_wrapper/microrts-java.jar --map /seu_share/home/weiweiwu/uRTS/microrts/microrts/rts_wrapper/maps/6x6/fullgame6x6.xml --ai1_type socketAI --ai2_type socketAI --maxCycles 2000 --maxEpisodes 100000 --period 1 --render 0 --port1 38532 --port2 38969
Player0 Wait for Java client connection...
Player0: Send welcome msg to client...
Client: ack!
Player1 Wait for Java client connection...
Player1: Send welcome msg to client...
Client: ack!
Server: Send reset command...
Server: Send reset command...
Client received info:
--map
/seu_share/home/weiweiwu/uRTS/microrts/microrts/rts_wrapper/maps/6x6/fullgame6x6.xml
--ai1_type
socketAI
--ai2_type
socketAI
--maxCycles
2000
--maxEpisodes
100000
--period
1
--render
0
--port1
38532
--port2
38969
GymSocketAI: welcome message received
GymSocketAI: welcome message received

java -jar /seu_share/home/weiweiwu/uRTS/microrts/microrts/rts_wrapper/microrts-java.jar --map /seu_share/home/weiweiwu/uRTS/microrts/microrts/rts_wrapper/maps/6x6/fullgame6x6.xml --ai1_type socketAI --ai2_type MCTS --maxCycles 2000 --maxEpisodes 100000 --period 1 --render 0 --port1 37789
Player0 Wait for Java client connection...
Player0: Send welcome msg to client...
Client: ack!
Server: Send reset command...
Client received info:
--map
/seu_share/home/weiweiwu/uRTS/microrts/microrts/rts_wrapper/maps/6x6/fullgame6x6.xml
--ai1_type
socketAI
--ai2_type
MCTS
--maxCycles
2000
--maxEpisodes
100000
--period
1
--render
0
--port1
37789
GymSocketAI: welcome message received

java -jar /seu_share/home/weiweiwu/uRTS/microrts/microrts/rts_wrapper/microrts-java.jar --map /seu_share/home/weiweiwu/uRTS/microrts/microrts/rts_wrapper/maps/6x6/fullgame6x6.xml --ai1_type socketAI --ai2_type socketAI --maxCycles 2000 --maxEpisodes 100000 --period 1 --render 0 --port1 42605 --port2 50811
Player0 Wait for Java client connection...
Player0: Send welcome msg to client...
Client: ack!
Player1 Wait for Java client connection...
Player1: Send welcome msg to client...
Client: ack!
Server: Send reset command...
Server: Send reset command...
Client received info:
--map
/seu_share/home/weiweiwu/uRTS/microrts/microrts/rts_wrapper/maps/6x6/fullgame6x6.xml
--ai1_type
socketAI
--ai2_type
socketAI
--maxCycles
2000
--maxEpisodes
100000
--period
1
--render
0
--port1
42605
--port2
50811
GymSocketAI: welcome message received
GymSocketAI: welcome message received

java -jar /seu_share/home/weiweiwu/uRTS/microrts/microrts/rts_wrapper/microrts-java.jar --map /seu_share/home/weiweiwu/uRTS/microrts/microrts/rts_wrapper/maps/6x6/fullgame6x6.xml --ai1_type socketAI --ai2_type socketAI --maxCycles 2000 --maxEpisodes 100000 --period 1 --render 0 --port1 48050 --port2 33152
Player0 Wait for Java client connection...
Player0: Send welcome msg to client...
Client: ack!
Player1 Wait for Java client connection...
Player1: Send welcome msg to client...
Client: ack!
Server: Send reset command...
Server: Send reset command...
Client received info:
--map
/seu_share/home/weiweiwu/uRTS/microrts/microrts/rts_wrapper/maps/6x6/fullgame6x6.xml
--ai1_type
socketAI
--ai2_type
socketAI
--maxCycles
2000
--maxEpisodes
100000
--period
1
--render
0
--port1
48050
--port2
33152
GymSocketAI: welcome message received
GymSocketAI: welcome message received

java -jar /seu_share/home/weiweiwu/uRTS/microrts/microrts/rts_wrapper/microrts-java.jar --map /seu_share/home/weiweiwu/uRTS/microrts/microrts/rts_wrapper/maps/6x6/fullgame6x6.xml --ai1_type socketAI --ai2_type socketAI --maxCycles 2000 --maxEpisodes 100000 --period 1 --render 0 --port1 56388 --port2 35585
Player0 Wait for Java client connection...
Player0: Send welcome msg to client...
Client: ack!
Player1 Wait for Java client connection...
Player1: Send welcome msg to client...
Client: ack!
Server: Send reset command...
Server: Send reset command...
Client received info:
--map
/seu_share/home/weiweiwu/uRTS/microrts/microrts/rts_wrapper/maps/6x6/fullgame6x6.xml
--ai1_type
socketAI
--ai2_type
socketAI
--maxCycles
2000
--maxEpisodes
100000
--period
1
--render
0
--port1
56388
--port2
35585
GymSocketAI: welcome message received
GymSocketAI: welcome message received

java -jar /seu_share/home/weiweiwu/uRTS/microrts/microrts/rts_wrapper/microrts-java.jar --map /seu_share/home/weiweiwu/uRTS/microrts/microrts/rts_wrapper/maps/6x6/fullgame6x6.xml --ai1_type socketAI --ai2_type NaiveMCTS --maxCycles 2000 --maxEpisodes 100000 --period 1 --render 0 --port1 37956
Player0 Wait for Java client connection...
Player0: Send welcome msg to client...
Client: ack!
Server: Send reset command...
Client received info:
--map
/seu_share/home/weiweiwu/uRTS/microrts/microrts/rts_wrapper/maps/6x6/fullgame6x6.xml
--ai1_type
socketAI
--ai2_type
NaiveMCTS
--maxCycles
2000
--maxEpisodes
100000
--period
1
--render
0
--port1
37956
GymSocketAI: welcome message received

java -jar /seu_share/home/weiweiwu/uRTS/microrts/microrts/rts_wrapper/microrts-java.jar --map /seu_share/home/weiweiwu/uRTS/microrts/microrts/rts_wrapper/maps/6x6/fullgame6x6.xml --ai1_type socketAI --ai2_type socketAI --maxCycles 2000 --maxEpisodes 100000 --period 1 --render 0 --port1 54678 --port2 51868
Player0 Wait for Java client connection...
Player0: Send welcome msg to client...
Client: ack!
Player1 Wait for Java client connection...
Player1: Send welcome msg to client...
Client: ack!
Server: Send reset command...
Server: Send reset command...
Client received info:
--map
/seu_share/home/weiweiwu/uRTS/microrts/microrts/rts_wrapper/maps/6x6/fullgame6x6.xml
--ai1_type
socketAI
--ai2_type
socketAI
--maxCycles
2000
--maxEpisodes
100000
--period
1
--render
0
--port1
54678
--port2
51868
GymSocketAI: welcome message received
client request for connecting to server...
GymSocketAI: welcome message received

java -jar /seu_share/home/weiweiwu/uRTS/microrts/microrts/rts_wrapper/microrts-java.jar --map /seu_share/home/weiweiwu/uRTS/microrts/microrts/rts_wrapper/maps/6x6/fullgame6x6.xml --ai1_type socketAI --ai2_type socketAI --maxCycles 2000 --maxEpisodes 100000 --period 1 --render 0 --port1 35422 --port2 56729
Player0 Wait for Java client connection...
Player0: Send welcome msg to client...
Client: ack!
Player1 Wait for Java client connection...
Player1: Send welcome msg to client...
Client: ack!
Server: Send reset command...
Server: Send reset command...
Client received info:
--map
/seu_share/home/weiweiwu/uRTS/microrts/microrts/rts_wrapper/maps/6x6/fullgame6x6.xml
--ai1_type
socketAI
--ai2_type
socketAI
--maxCycles
2000
--maxEpisodes
100000
--period
1
--render
0
--port1
35422
--port2
56729
GymSocketAI: welcome message received
GymSocketAI: welcome message received

java -jar /seu_share/home/weiweiwu/uRTS/microrts/microrts/rts_wrapper/microrts-java.jar --map /seu_share/home/weiweiwu/uRTS/microrts/microrts/rts_wrapper/maps/6x6/fullgame6x6.xml --ai1_type socketAI --ai2_type UCT --maxCycles 2000 --maxEpisodes 100000 --period 1 --render 0 --port1 54653
Player0 Wait for Java client connection...
Player0: Send welcome msg to client...
Client: ack!
Server: Send reset command...
Client received info:
--map
/seu_share/home/weiweiwu/uRTS/microrts/microrts/rts_wrapper/maps/6x6/fullgame6x6.xml
--ai1_type
socketAI
--ai2_type
UCT
--maxCycles
2000
--maxEpisodes
100000
--period
1
--render
0
--port1
54653
GymSocketAI: welcome message received



PS:

Read file <14115.err> for stderr output of this job.

