Sender: LSF System <lsfadmin@gpu15>
Subject: Job 14116: <PPO_League_Six_Copy> in cluster <cluster1> Exited

Job <PPO_League_Six_Copy> was submitted from host <login02> by user <weiweiwu> in cluster <cluster1> at Fri Mar 12 11:51:30 2021
Job was executed on host(s) <gpu15>, in queue <gpu_v100>, as user <weiweiwu> in cluster <cluster1> at Fri Mar 12 11:51:32 2021
</seu_share/home/weiweiwu> was used as the home directory.
</seu_share/home/weiweiwu/uRTS/microrts/sub_job/ZT_FG_v1> was used as the working directory.
Started at Fri Mar 12 11:51:32 2021
Terminated at Mon Mar 15 10:56:21 2021
Results reported at Mon Mar 15 10:56:21 2021

Your job looked like:

------------------------------------------------------------
# LSBATCH: User input
#!/bin/bash
#BSUB -J PPO_League_Six_Copy
#BSUB -o %J.out
#BSUB -e %J.err
#BSUB -q gpu_v100
#BSUB -gpu num=1
JAVA_HOME=/seu_share/home/weiweiwu/wlocal/jdk/jdk-11.0.1
#JRE_HOME=${JAVA_HOME}/jre
CLASSPATH=.:${JAVA_HOME}/lib
PATH=$JAVA_HOME/bin:$PATH
PATH=/seu_share/home/weiweiwu/anaconda3/bin:$PATH
LD_LIBRARY_PATH=/seu_share/home/weiweiwu/anaconda3/lib:$LD_LIBRARY_PATH
export JAVA_HOME  CLASSPATH PATH 
cd ~/uRTS/microrts
python3 test_paralell.py  --algo ppo -lr 1e-4 --env-id  fullgame-v1 --render 0 --saving-prefix PPO_League_Six_Copy --league Random,WorkerRush,NaiveMCTS,UCT,MCTS,Passive --num-process 16

------------------------------------------------------------

TERM_OWNER: job killed by owner.
Exited with exit code 130.

Resource usage summary:

    CPU time :                                   540100.06 sec.
    Max Memory :                                 25143 MB
    Average Memory :                             24424.57 MB
    Total Requested Memory :                     -
    Delta Memory :                               -
    Max Swap :                                   2 MB
    Max Processes :                              36
    Max Threads :                                616
    Run time :                                   255889 sec.
    Turnaround time :                            255891 sec.

The output (if any) follows:

Random,WorkerRush,NaiveMCTS,UCT,MCTS,Passive
cuda:0
league learning staring
Random
WorkerRush
NaiveMCTS
UCT
MCTS
Passive
All leagues participated are ['Random', 'WorkerRush', 'NaiveMCTS', 'UCT', 'MCTS', 'Passive', 'socketAI', 'socketAI', 'socketAI', 'socketAI', 'socketAI', 'socketAI', 'socketAI', 'socketAI', 'socketAI', 'socketAI']
16 16
fps 135.1881011603477
fps 160.75201232001666
fps 123.7122376841848
fps 130.35793006634177
fps 122.28244151830701
fps 130.24725327794323
fps 118.65566181457105
fps 124.34681772420367
fps 131.57644223578671
fps 123.67343323651093
fps 118.1613338001058
fps 129.50814863394862
fps 135.22766772272712
fps 140.78879437332077
fps 135.00925350096276
fps 144.11997606326614
fps 139.3406745704834
fps 151.1768603694785
fps 136.46753394814974
fps 138.88782040566616
fps 139.05266220662466
fps 132.09178001672356
fps 140.08209133198446
fps 154.20466105046435
fps 138.42073320515092
fps 146.78151014925913
fps 144.41847419223896
fps 137.04705793276312
fps 132.64140376297482
fps 135.20678128911652
fps 149.58089714358997
fps 156.44027930529083
fps 145.41740861461938
fps 133.14608944962447
fps 136.0420701178334
fps 143.13228251401344
fps 137.27653557138362
fps 138.90989476918165
fps 150.12287153214322
fps 141.09271579631553
fps 129.7683996291914
fps 125.76608603767792
fps 130.15937584227547
fps 128.1039938452386
fps 134.98011757081903
fps 145.27906412565162
fps 130.571286912095
fps 152.52823638417547
fps 137.31526740180408
fps 150.2165221698863
fps 123.75125430040123
fps 152.26124182314248
fps 141.80771449857042
fps 138.18266198618358
fps 139.6395458821793
fps 127.32033088759694
fps 149.32316101197807
fps 140.29562634831166
fps 157.64131748005025
fps 143.53080801284364
fps 147.3124598324739
fps 154.26967719248876
fps 140.93277978105266
fps 142.2769750999397
fps 156.03752816532617
fps 143.17663358748985
fps 148.08270778344846
fps 129.5351391959508
fps 138.53142621879917
fps 139.19450878966393
fps 132.87906523042355
fps 134.7198461105945
fps 135.2439220945063
fps 142.8084062353576
fps 142.33777887907544
fps 153.67385612047508
fps 145.1278750684195
fps 142.68086854416848
fps 144.65494508228946
fps 131.07938806441555
fps 142.43040350866164
fps 140.2460970915234
fps 146.82152393944688
fps 142.0207120493891
fps 152.19141338519174
fps 131.4343686617244
fps 137.9163952648289
fps 159.08669463694054
fps 156.67113909524628
fps 142.9407532178668
fps 139.9749917960668
fps 138.30965168621447
fps 147.8689612219567
fps 145.9051273103683
fps 147.18958756520612
fps 147.70893445698735
fps 146.12607332163475
fps 144.7364391636104
fps 153.00792637795146
fps 153.7177541889782
fps 151.34106680858704
fps 147.57485569349342
fps 148.14812917931988
fps 158.53284217794314
fps 147.19282142736847
fps 161.13829848013734
fps 149.1722214180113
fps 132.90515904159804
fps 139.24184963364416
fps 140.87357503788326
fps 137.77306103665484
fps 145.93858397685523
fps 144.02221235675185
fps 153.54076019992127
fps 138.72948526783173
fps 147.33365296195416
fps 139.4595564139311
fps 139.25192805453392
fps 144.71568543842739
fps 143.96909701113893
fps 144.61858997310947
fps 133.75361472721465
fps 136.18798380314115
fps 142.76341557027482
fps 144.49264445061795
fps 140.30916568131838
fps 144.7244688554971
fps 148.43861521623
fps 144.89211499394247
fps 142.44906850688648
fps 149.07675100871978
fps 148.32608614455017
fps 135.11485415054904
fps 144.3315233740654
fps 146.3936050246853
fps 144.53061181425107
fps 148.2242469959311
fps 148.26388655147588
fps 145.03713103096877
fps 149.7765541932907
fps 152.42663794779966
fps 141.9108709997456
fps 157.6134406243009
fps 145.94753202449377
fps 157.654867013813
fps 146.57878558746236
fps 146.28049412761283
fps 138.63979166798885
fps 137.85346593657556
fps 147.79206891741654
fps 159.63383968231838
fps 162.58437783874865
fps 179.89276804891665
fps 175.92298411745867
fps 185.41642245331917
fps 182.48122868988804
fps 168.06534958218273
fps 168.45303030318243
fps 183.99907221880474
fps 181.48831008760285
fps 178.5058003503816
fps 160.00661801054298
fps 165.01231419399713
fps 180.17563638999258
fps 169.3996861183475
fps 155.39010282865786
fps 174.16929410637388
fps 183.0045426499579
fps 174.47933857447183
fps 167.4606133443734
fps 170.1798819883595
fps 164.2594310031401
fps 147.9525411538139
fps 162.33361499454276
fps 159.48397592976994
fps 163.31328236852198
fps 157.72644964753687
fps 152.53917471659136
fps 158.04197956641104
fps 154.8163413174594
fps 184.19196719003295
fps 177.4279298867826
fps 194.1310176980451
fps 158.89924258142557
fps 174.54211997105367
fps 165.78541084637456
fps 177.0496273071278
fps 175.15222391379987
fps 165.84008158946236
fps 151.02093217282632
fps 142.9861341968061
fps 143.37561699481
fps 156.45360163429942
fps 145.22689155801913
fps 157.47602734191483
fps 147.43295298275632
fps 145.9905768851232
fps 136.24991178425154
fps 151.75375347532096
fps 153.67462502728137
fps 157.4159448368975
fps 157.31466747931267
fps 160.43109614729735
fps 140.09021511670693
fps 139.72463117403024
fps 139.3848593831059
fps 144.7578695552742
fps 149.3656817765502
fps 142.33179732009398
fps 151.09862504340558
fps 148.42976849540648
fps 144.04693821139688
fps 152.26673346700844
fps 151.7851053837557
fps 151.96286172211586
fps 164.74219559178016
fps 175.0035554147877
fps 170.1436166241996
fps 151.82067310883463
fps 161.79805950718492
fps 155.5608480982572
fps 161.94627084394313
fps 174.0392462524406
fps 153.0931117345231
fps 162.98873324406293
fps 173.63831067364615
fps 161.30060705336928
fps 150.79346602266963
fps 140.37657503991042
fps 137.5006909214219
fps 150.429315070868
fps 143.14833826688323
fps 149.71148284046356
fps 150.0041708392289
fps 156.68632625762314
fps 144.65854311956056
fps 146.48722874301396
fps 155.8643073327162
fps 153.5530047345762
fps 152.2319454710867
fps 150.86294853754262
fps 160.90918687075435
fps 156.95481676362138
fps 152.14334689584288
fps 165.77456980289236
fps 154.08485863374958
fps 149.58760022226807
fps 144.4997284226865
fps 144.98645046170077
fps 142.5750972437154
fps 150.6916529377982
fps 150.02593261479777
fps 149.48002711784213
fps 152.90258365926465
fps 146.99112152245146
fps 159.9568761737654
fps 155.33361065014705
fps 162.93678958244897
fps 155.97383291644005
fps 139.54784995137817
fps 153.4231575475258
fps 146.88149440703185
fps 152.07007712621365
fps 142.96050118117816
fps 154.32152660538037
fps 148.70361281952847
fps 160.77320942389113
fps 144.36115638233767
fps 151.14578813893226
fps 164.78533921443528
fps 156.23252605007292
fps 167.32424554399714
fps 155.85019226215104
fps 169.5971075558913
fps 156.18327908605164
fps 149.64196389004925
fps 153.39889591064355
fps 141.71434874214327
fps 154.74552002810213
fps 147.81610323200303
fps 152.0667398070744
fps 149.1124501640247
fps 142.37142069993808
fps 150.40818448817654
fps 151.9625626926662
fps 158.74560923525158
fps 149.16059858070145
fps 160.96646370900953
fps 158.52687053263375
fps 144.02728586997284
fps 163.26359858267088
fps 151.47825255756658
fps 147.3272638829768
fps 150.90065086119702
fps 140.13563161998326
fps 151.82237121663715
fps 155.51164918182283
fps 147.17297368798967
fps 147.4871044398018
fps 146.52115926787533
fps 161.91939483750346
fps 155.67121819496884
fps 157.06927908607696
fps 149.46939127200287
fps 159.7549877382222
fps 151.73899551963981
fps 155.3742701571806
fps 145.63219824036045
fps 146.8679349796001
fps 150.99515105210088
fps 152.75756369026684
fps 164.1806512021761
fps 154.44000850527559
fps 155.27233380852655
fps 149.99197648917436
fps 147.89318025653313
fps 161.92431986170644
fps 161.1906599242434
fps 153.03437434165144
fps 155.88118579029768
fps 144.364358765956
fps 153.12722460077077
fps 149.30737879967486
fps 152.70109451630756
fps 169.81943948008205
fps 154.28730277850295
fps 158.19396321617643
fps 169.5237411699333
fps 166.30809124913173
fps 148.40778528708475
fps 154.47633581932112
fps 161.91767197021525
fps 152.76858710533216
fps 154.24914551112022
fps 162.97168677329586
fps 159.8561121044847
fps 154.49587451276744
fps 148.50100523561093
fps 162.26868999780288
fps 161.21743783846685
fps 157.0401279537166
fps 145.41871220854784
fps 156.01183172286883
fps 154.16544073279
fps 155.41596701568537
fps 149.6943475644217
fps 151.01665928950587
fps 147.6107118105213
fps 151.87583672447914
fps 145.3114253030246
fps 151.3298931970354
fps 153.8388334038969
fps 154.67652320601536
fps 156.35048975494036
fps 162.53219516729425
fps 147.38907873725952
fps 148.15602978954905
fps 155.06078397822844
fps 149.13719162927464
fps 158.87561828750543
fps 163.41546290508472
fps 156.27276163760902
fps 167.81109720888537
fps 148.71820938507477
fps 150.10103865369592
fps 144.6005663327165
fps 152.7142768845548
fps 148.6067422587553
fps 161.65317432783118
fps 150.43292385109146
fps 162.3713534862039
fps 159.4675924976525
fps 162.35050310130032
fps 167.5060381320385
fps 156.23150110365538
fps 160.33698334513502
fps 168.09574514989228
fps 153.7156866753547
fps 150.9449515226268
fps 156.13335589856422
fps 144.74265763833057
fps 157.03305489208037
fps 148.63603124987804
fps 160.89901505262978
fps 154.25235594064034
fps 153.22902576219906
fps 157.1491950022085
fps 156.28807293779258
fps 155.31602882440268
fps 150.51574742882914
fps 152.45991685739057
fps 149.04963844312127
fps 144.65336142887867
fps 139.66437755214773
fps 145.51799577315
fps 156.2571746419143
fps 141.3130660925428
fps 149.76289884536854
fps 143.96929375387194
fps 159.44568471469677
fps 144.25998711427604
fps 154.62253007380204
fps 165.0023379414989
fps 151.1740402634352
fps 150.30395530870618
fps 147.95978022192395
fps 151.29122812678102
fps 142.83067052883706
fps 152.58092120966182
fps 154.04649166007994
fps 153.09068556116168
fps 159.5237936142873
fps 157.26106696215533
fps 170.83565761755244
fps 161.2398526704591
fps 155.75012879310117
fps 156.82250054323873
fps 158.59774063756473
fps 148.3189429660648
fps 152.42774306384678
fps 154.40658047947784
fps 158.18111017431758
fps 153.45383391194784
fps 142.11693395451056
fps 142.19113785967585
fps 143.67744094152394
fps 142.75611423395958
fps 147.85911014021414
fps 151.0125337889232
fps 153.5160438053219
fps 155.39607833493537
fps 158.26974538410124
fps 156.77229575318808
fps 152.9577997831199
fps 156.3615645892001
fps 159.27622556698782
fps 147.56861311774801
fps 150.1886694572631
fps 157.07349620213685
fps 158.780072173543
fps 165.0001005605476
fps 162.2983087122317
fps 150.61289939470186
fps 162.1429644685645
fps 151.49261306489626
fps 160.50166029353556
fps 161.80394152393848
fps 152.6780440467119
fps 147.18103047712586
fps 151.57324020867554
fps 152.53585560765583
fps 149.93115940955622
fps 144.78092800200014
fps 166.23080975120342
fps 166.1060942805736
fps 159.91703561059992
fps 166.8694870190971
fps 165.39085176586966
fps 152.0370711575805
fps 146.72852898055788
fps 148.63157754949057
fps 143.28665260849428
fps 137.9624093950048
fps 150.66940906845872
fps 145.0806983916072
fps 147.25450281271284
fps 159.1674140123454
fps 155.36076054099917
fps 172.34046806357654
fps 174.59647537473927
fps 170.73804155612424
fps 160.16592047798082
fps 159.21662330160515
fps 152.31869912844402
fps 155.28095831209762
fps 145.6649468093739
fps 152.1060681423284
fps 164.39303607356976
fps 152.79233945119267
fps 144.93033079339008
fps 148.119644788821
fps 168.17677439931765
fps 156.16980068800723
fps 155.19345931031268
fps 156.44696024553437
fps 166.2758300872885
fps 165.78405195245807
fps 158.28694053107566
fps 150.81737377326692
fps 148.1410698420126
fps 150.2909881877234
fps 155.1132738190154
fps 157.15531871310287
fps 144.86233429832652
fps 153.76068632233796
fps 142.9022647441013
fps 152.594168885872
fps 151.30676560704865
fps 154.8641920389841
fps 147.60276633865078
fps 155.66220366303745
fps 155.2517448615846
fps 147.30176871877856
fps 156.6316899373849
fps 163.54984755706886
fps 146.1694849601284
fps 151.54712234524087
fps 142.91211644510258
fps 149.82646080419968
fps 153.3846600935995
fps 162.47772306396666
fps 148.1256891873484
fps 156.73606892703367
fps 149.8574285972254
fps 150.64486442930286
fps 148.17162219748536
fps 150.1718250084852
fps 155.1468579221708
fps 154.28126929935078
fps 146.8170967283723
fps 164.4180776637661
fps 149.36963633235322
fps 147.8912592851323
fps 160.021581890212
fps 157.27419552242745
fps 142.1718569746229
fps 163.81214353702688
fps 156.86656392149655
fps 148.75201485809305
fps 151.0911694708737
fps 146.90187425907396
fps 160.9924526751244
fps 152.95049914545808
fps 149.34340087941186
fps 148.9331692778556
fps 152.37362263271814
fps 152.8297897234189
fps 153.72384191708912
fps 161.87432755497812
fps 153.11404281185824
fps 150.47277390664388
fps 151.46891674756355
fps 154.61389733505823
fps 161.09084588425137
fps 153.98059222929467
fps 157.403498488128
fps 174.62004756177942
fps 149.8037365947941
fps 150.34458482324516
fps 164.7110787219382
fps 161.595150624424
fps 152.67064470630956
fps 146.06741998566187
fps 155.0160038773737
fps 154.68823715358886
fps 169.29825382179365
fps 159.75655079601577
fps 158.5667706793448
fps 151.50190767518833
fps 148.23215376253702
fps 155.09291305485323
fps 156.21018977550247
fps 151.0994779430295
fps 145.377280575644
fps 151.53047649421538
fps 150.12993091883928
fps 158.1595223615638
fps 176.38381073042282
fps 159.04535338800184
fps 153.00277392728592
fps 151.53384129950504
fps 154.03192433265596
fps 142.62091372928262
fps 150.44613065729845
fps 143.16257126463734
fps 148.50777323777265
fps 141.54781172121483
fps 152.68793144626756
fps 150.6897330214604
fps 145.78287788544574
fps 148.8995658777532
fps 153.74304559246897
fps 152.30764962947364
fps 152.3280507813072
fps 154.73272566865785
fps 145.47348458187125
fps 150.32826976768112
fps 152.0684768487619
fps 149.4561110747579
fps 146.90359756998643
fps 165.40246045143218
fps 158.4434265619203
fps 146.46634681201192
fps 132.77675420070094
fps 146.51443837557682
fps 156.0405275662593
fps 144.98010985478592
fps 149.26821359657595
fps 149.99625897052212
fps 160.87150365421815
fps 150.61222065039144
fps 144.62694301079804
fps 150.8244403260552
fps 152.231349782735
fps 140.48434845250816
fps 154.10824492837278
fps 155.86375600245876
fps 172.71314677024333
fps 154.21881523272162
fps 151.4773772551218
fps 153.40042016882884
fps 157.6668108442188
fps 146.36099535361947
fps 165.82757055679792
fps 165.8684160363894
fps 158.6817149733298
fps 152.72784143454723
fps 157.68548582650294
fps 156.6803517087274
fps 162.59867897082594
fps 166.08264896088252
fps 171.17352471743283
fps 168.58888971918907
fps 161.02558530629787
fps 148.91490378832637
fps 145.69534661137357
fps 144.28695504798736
fps 145.5581529229215
fps 148.95218807299065
fps 149.78818596494642
fps 147.70900175530173
fps 135.52673766157054
fps 147.56325914333516
fps 146.1393007062302
fps 155.59587560959443
fps 163.32762735651428
fps 166.93990323197417
fps 161.26289259597328
fps 156.10897186195737
fps 156.34250253873327
fps 153.318113269675
fps 161.90982811343835
fps 155.20440636815732
fps 151.04393744229043
fps 153.91125413553766
fps 149.32657038143296
fps 141.1735266669105
fps 147.9973018296532
fps 140.84460260862178
fps 144.63196414911408
fps 160.64245007404386
fps 163.55347635081984
fps 159.12767477851997
fps 155.39890954755523
fps 148.99989327821328
fps 157.3618435706707
fps 167.4860824658378
fps 151.8206016682387
fps 151.29533987608042
fps 152.73507251295987
fps 152.44224123300188
fps 153.57388709635208
fps 154.170766355213
fps 145.91190123379525
fps 149.35179046184197
fps 155.24730535934037
fps 155.11997742897935
fps 143.53773259241171
fps 162.96342071483866
fps 163.68658219323655
fps 162.1146493289293
fps 162.38198657299156
fps 153.72151296698874
fps 157.13541986915604
fps 142.14966027986108
fps 151.83016878060744
fps 148.89562824407736
fps 153.60164310351408
fps 153.69414235256394
fps 161.7356564265641
fps 157.17593896038528
fps 152.5408927493786
fps 155.45112231112694
fps 151.2843851434082
fps 149.6533882110663
fps 170.27816892814542
fps 151.77680235250202
fps 157.74452139255243
fps 144.04102670395633
fps 156.74460163072874
fps 152.28828481037297
fps 159.01737606902756
fps 148.49118574613072
fps 152.0222125904368
fps 151.83667646618446
fps 150.97830626613862
fps 161.91185902869054
fps 151.90329001499234
fps 145.68687761535682
fps 143.32493582213561
fps 148.82518776702068
fps 154.34722440928573
fps 151.1668711088105
fps 153.63829915663896
fps 174.11072402320212
fps 160.1106080267357
fps 164.43362022262662
fps 149.28106160433643
fps 150.80569751547216
fps 144.70601848318935
fps 150.90558261840482
fps 153.1011437656646
fps 157.60462244827198
fps 141.38400922568292
fps 142.58012111199724
fps 149.20839393799457
fps 140.70507831045285
fps 155.3992168561992
fps 141.6800951170673
fps 143.29336731603775
fps 143.26065974108593
fps 143.60421411185416
fps 144.42344294667825
fps 151.89015789594345
fps 145.30842271610837
fps 160.62246651377157
fps 156.50685269426654
fps 134.1549104997781
fps 144.73837488754495
fps 148.7045486220819
fps 145.34971279127475
fps 164.80299224629192
fps 152.3237789858179
fps 151.62048120785843
fps 157.4408090895095
fps 126.11749016360889
fps 150.48555678591583
fps 151.2162275140666
fps 146.87260248057208
fps 147.22428224287475
fps 147.75191057176454
fps 151.79715252176717
fps 153.11442708845453
fps 143.35788161255323
fps 145.48865306093992
fps 144.76594389163597
fps 139.5208586330918
fps 147.88185428544597
fps 155.3912185910154
fps 153.5923949078144
fps 153.025469289299
fps 144.87554498607972
fps 151.25805784539625
fps 146.36004923364092
fps 151.34918706406816
fps 147.67911920895503
fps 154.70640824592707
fps 145.06884794186914
fps 152.71869016439715
fps 143.47348517115714
fps 146.7389172550909
fps 140.9228478088831
fps 149.36857544693615
fps 154.2527470158961
fps 157.4366390787306
fps 146.12186166853593
fps 141.64049083855656
fps 144.3913411967594
fps 150.98243974757693
fps 149.031887483253
fps 154.34957484275265
fps 145.87858364083436
fps 146.90666194111458
fps 142.37026328863274
fps 154.9254832978914
fps 147.2014754597354
fps 157.24555890582081
fps 144.52994943086918
fps 143.24836354438244
fps 132.0588624669876
fps 137.9883930324934
fps 139.8539180987421
fps 133.76617486118286
fps 138.4042026818606
fps 137.2282776340888
fps 140.88606968103215
fps 135.10467913997022
fps 140.8183277247374
fps 137.13135431981797
fps 136.06828884034485
fps 135.06149715090487
fps 136.40273199113767
fps 141.33808757413183
fps 140.57142453289043
fps 135.49545775436934
fps 130.83591655459432
fps 140.08502480410064
fps 137.146320632897
fps 136.50487260061826
fps 135.53411365049126
fps 130.41611443579478
fps 136.88280919217544
fps 141.19720822956623
fps 135.88104047892637
fps 135.45588500254266
fps 139.27863445768992
fps 145.12275824252401
fps 133.46376689043038
fps 139.838204687606
fps 131.0892448925791
fps 138.3480985853285
fps 134.3809244948962
fps 137.1472573271294
fps 128.09414927790172
fps 125.3054895826514
fps 131.80349316908044
fps 132.47822243535612
fps 144.21373952861805
fps 137.07388948171246
fps 138.4117870197877
fps 138.60311532245996
fps 142.33802311511482
fps 140.17811373153904
fps 135.95920856478824
fps 133.61070490603538
fps 131.47791160241445
fps 137.99973011147114
fps 137.93798610962548
fps 133.71954513702838
fps 133.2132870273383
fps 134.5128335533273
fps 141.0035865145627
fps 136.70800762895337
fps 146.6683829773308
fps 150.33800233439823
fps 144.8411743235732
fps 147.05115427852203
fps 139.33252408231434
fps 136.44426730584254
fps 138.11706471641932
fps 126.89790243482017
fps 130.6210313993322
fps 132.61385204556208
fps 146.26685766057528
fps 140.11809509968785
fps 138.1142929589039
fps 134.21914052223485
fps 132.85403737079258
fps 131.53891226999474
fps 134.4815727768939
fps 130.18654511288557
fps 135.65616437917816
fps 138.75868104438254
fps 132.41722111816435
fps 134.01357814770154
fps 127.91493181764261
fps 134.93451932736872
fps 133.21190749609352
fps 131.55674291669823
fps 136.48448303996923
fps 139.0145372081421
fps 129.86152923515996
fps 132.97644764750694
fps 139.30410392042032
fps 126.82889497794224
fps 130.44899927430367
fps 136.98467906674495
fps 139.09114339489645
fps 142.85428493242222
fps 140.39818175774687
fps 131.67958942900117
fps 133.838278279073
fps 135.19633749561103
fps 135.2709451440143
fps 129.73358923702492
fps 128.08092662093736
fps 131.7601642946497
fps 136.1603373363216
fps 131.75212686645307
fps 137.87860176757238
fps 139.30942941373036
fps 140.7033118008754
fps 147.2398403393748
fps 142.13742941748995
fps 139.6372687946071
fps 136.72963961979983
fps 132.16341503220775
fps 132.39169959631388
fps 129.59512809853297
fps 126.73171547554445
fps 128.88619955841278
fps 135.8685845629247
fps 128.84188314237343
fps 137.94501102641442
fps 132.5679778456215
fps 127.57999014870371
fps 132.5416701889588
fps 132.45668851035032
fps 132.16222503777888
fps 137.6598768791558
fps 139.14693988513653
fps 135.64549696190076
fps 130.392781961376
fps 141.05455837596628
fps 127.18541902874244
fps 124.09053765601277
fps 132.00650576682375
fps 125.35858935542268
fps 127.20808521966094
fps 129.85509217039623
fps 104.33661029789117
fps 127.24535129605205
fps 132.2969383860866
fps 133.3464500296007
fps 141.13622400719817
fps 139.0877126232663
fps 131.33782262260445
fps 139.51008782486434
fps 130.8849334757337
fps 126.80877468991726
fps 130.81059342428128
fps 129.9305605332566
fps 137.08621006206488
fps 139.95174204569162
fps 131.88112236810736
fps 136.90523945791665
fps 126.68414948849791
fps 131.58726927482252
fps 133.24751261986594
fps 128.8693749627545
fps 131.55262004611586
fps 131.75864318444312
fps 128.493141643365
fps 133.27467162568846
fps 130.43117533169846
fps 134.27204695096174
fps 134.79512263823062
fps 129.1605969765658
fps 134.97602574218809
fps 131.44671762255257
fps 132.99888577905944
fps 133.27374050032688
fps 134.8289014779278
fps 131.51147332882968
fps 127.58763113425279
fps 134.52435824836314
fps 134.83742353939687
fps 144.99900332294035
fps 130.72791824663167
fps 130.40117534894793
fps 134.93325177766008
fps 140.2508394555049
fps 142.7238730164951
fps 139.9496812423658
fps 131.08439182743913
fps 133.18937153051914
fps 127.38207201963363
fps 127.70662099780803
fps 134.52456912545532
fps 135.19414254844563
fps 136.19982387934212
fps 124.59917483426288
fps 126.49273615371258
fps 126.10627218774395
fps 136.2545813865985
fps 129.67176477459807
fps 129.971269259043
fps 137.82723756059576
fps 130.35273347510858
fps 130.3253715463294
fps 134.682230041452
fps 139.483542498657
fps 145.95655767347859
fps 139.1360599938806
fps 136.9248419388544
fps 133.41204412714535
fps 141.18585714951428
fps 138.93970042462067
fps 139.28785870777355
fps 140.2605813592066
fps 133.25158921789787
fps 129.1771483477197
fps 133.86016153965625
fps 128.32073354795708
fps 133.94586718170027
fps 127.83168110199868
fps 138.4247013467454
fps 130.3020596358955
fps 127.88379772646809
fps 129.3906748268454
fps 124.89599059607906
fps 139.40796256296682
fps 132.13612889310568
fps 128.62181767926097
fps 134.115762200083
fps 131.46264561641985
fps 133.1849506277551
fps 128.70435543160724
fps 137.63574095838266
fps 132.0660830743927
fps 139.1042658345884
fps 138.78806333789723
fps 135.75853002569193
fps 126.5787252232616
fps 140.2010667749876
fps 129.74424252836155
fps 129.43761125450825
fps 126.60597139182589
fps 136.0532962159224
fps 121.69586947906308
fps 127.64777999025416
fps 137.6657509287862
fps 127.6410858911311
fps 130.93876137089276
fps 129.82177472585283
fps 137.746140854207
fps 136.15190191865642
fps 128.15923544470772
fps 129.75897601786917
fps 135.65554738690903
fps 136.51915702763938
fps 141.07500833115526
fps 140.21161351482652
fps 136.3348063118489
fps 138.60229403711892
fps 127.50067181699065
fps 131.49616682577005
fps 137.5114991352919
fps 130.83487048549816
fps 131.4019322868644
fps 135.70116070821416
fps 136.52925984375892
fps 127.88671753347391
fps 117.99805890522724
fps 132.5897889798282
fps 134.44782415742822
fps 135.9155516358088
fps 137.92619172225082
fps 139.93318883042596
fps 138.99238841103065
fps 133.934426686247
fps 140.56312619343356
fps 133.56780894678562
fps 124.93259906223977
fps 130.5039628944914
fps 136.9515624857244
fps 125.4165109664065
fps 130.35849778415843
fps 126.06849128714656
fps 135.5304802980816
fps 132.35901276618668
fps 133.3883687436253
fps 130.89466099882736
fps 139.52508387764857
fps 137.29238885165458
fps 139.28739094711153
fps 138.8730161948192
fps 144.87257101863344
fps 148.2737677300652
fps 128.44474330453886
fps 135.83312479495524
fps 133.91027536417488
fps 138.69222516726424
fps 135.1810236487281
fps 136.11273937483912
fps 135.3455246306917
fps 134.358344487457
fps 143.2767632751771
fps 135.11533429571335
fps 144.71177032040646
fps 142.3578093202194
fps 146.12896215268105
fps 142.4994570075736
fps 127.63113198710734
fps 144.0809273522349
fps 134.06442318705484
fps 139.3932621012775
fps 130.59240678292525
fps 112.3103141490313
fps 142.36199855369557
fps 144.6951145570247
fps 155.5980326130882
fps 138.74895473397822
fps 145.55585267054386
fps 134.4004588638713
fps 134.90949261250975
fps 131.7830314855493
fps 132.2468786873112
fps 137.8311524971858
fps 137.92235160361156
fps 134.69906703410234
fps 139.55248600970964
fps 146.48918791845256
fps 145.6412617346774
fps 139.27097390221357
fps 131.86156438382395
fps 137.9201707087257
fps 138.09799496713904
fps 131.74224536332179
fps 141.342556670821
fps 120.41303140461262
fps 138.27753855592186
fps 140.80825410934003
fps 140.00201192409247
fps 133.4161742981109
fps 134.6997502480642
fps 142.28011856292096
fps 141.2326033990631
fps 132.5967153864409
fps 142.24381687550414
fps 150.83439624572205
fps 138.61790413166818
fps 148.45097008389567
fps 137.72564677461813
fps 140.52894591815198
fps 139.7625796979352
fps 142.85395985757063
fps 131.8945300969889
fps 135.8934626303388
fps 133.0913028376855
fps 143.46269228334486
fps 135.43342637860732
fps 135.93048390493541
fps 135.4634982843008
fps 137.84882003469465
fps 137.40005057128144
fps 131.18012983381698
fps 136.48247672815407
fps 145.1731529147121
fps 142.25969501977093
fps 136.03776777238298
fps 136.71339409661735
fps 140.36365066396843
fps 139.8922130492452
fps 134.23523844991485
fps 134.8855325131483
fps 134.70221685143824
fps 138.04525750191993
fps 131.85252160358894
fps 136.56197183913423
fps 138.11848034260336
fps 138.19833564583158
fps 137.43711490204765
fps 136.07638086209903
fps 140.89065842844124
fps 139.8848093816883
fps 145.2365395954924
fps 137.09969156786852
fps 136.23831938631423
fps 144.51601464065254
fps 143.2460387882943
fps 151.97545058749358
fps 146.34531955736
fps 143.33970331148086
fps 151.70973343581196
fps 159.28903753100292
fps 143.24711477742463
fps 144.24876520665873
fps 142.908015893361
fps 142.50750197055368
fps 136.7579664733688
fps 152.0899752056509
fps 142.50363793887252
fps 139.07021748444782
fps 129.87955751811342
fps 139.4513847682107
fps 148.30179001854205
fps 144.09131350147103
fps 138.61325408869547
fps 153.55696417058383
fps 139.37673498778844
fps 141.5398935519306
fps 143.61494470813423
fps 138.39570986082123
fps 146.22837165750542
fps 146.67128687948403
fps 150.70807675210122
fps 159.29702540016146
fps 146.15952189942834
fps 146.2546153499853
fps 138.10834731596836
fps 137.00678386762746
fps 143.20726963049333
fps 141.13148628241822
fps 145.92415223416637
fps 155.28884389763334
fps 149.64718245431362
fps 157.07740691478247
fps 152.98016097077078
fps 153.1696949648866
fps 142.16292681031643
fps 143.59329308901448
fps 145.63374587927754
fps 138.98502614058302
fps 134.9590860613065
fps 142.73869268308246
fps 143.6641362925835
fps 137.60938429291738
fps 143.66322533292347
fps 158.5933479563397
fps 156.32414829285048
fps 146.51766918925196
fps 150.06547771069873
fps 136.76210462577558
fps 143.023298024366
fps 138.17094292762374
fps 135.18456040568609
fps 148.80751794249136
fps 143.53797513058427
fps 148.94155117667725
fps 156.64312859385183
fps 147.61308071558736
fps 152.95438085605423
fps 144.05424107705232
fps 145.7321011750306
fps 140.67127658428714
fps 144.33916464037625
fps 152.28939103145856
fps 143.20655331280253
fps 140.88262816874976
fps 146.05131623691653
fps 151.9777699523716
fps 154.78277875872982
fps 147.25682637019915
fps 142.38556003429244
fps 147.8473486833659
fps 151.2539736901351
fps 146.03376376920852
fps 143.44414736261788
fps 151.1412968004499
fps 153.67973238251653
fps 156.2319728392112
fps 158.05369102937513
fps 142.13766393496016
fps 143.2713402772512
fps 139.21767944679007
fps 142.27384112629213
fps 148.7213644309659
fps 141.66793236191043
fps 153.17507088324354
fps 151.89076741860683
fps 148.18414632482447
fps 146.6068619678622
fps 143.49310202592127
fps 137.76338756342352
fps 145.86459303853653
fps 148.15009574938745
fps 149.94281219289454
fps 133.84842253423628
fps 139.58302157929515
fps 151.01250048678784
fps 152.34549761479914
fps 152.47991640096518
fps 145.73841151480894
fps 146.66890739579307
fps 137.32691734770918
fps 142.4084786796214
fps 155.4199842366127
fps 154.19952193432846
fps 146.13746735113727
fps 143.9278432619801
fps 151.84834868868336
fps 144.2397331338792
fps 139.83143577862774
fps 147.51059058683532
fps 141.5949530560582
fps 143.23855103652915
fps 144.1670700305148
fps 127.84896163701139
fps 142.99227325370185
fps 149.0201514917295
fps 147.14217584272222
fps 140.01677154328496
fps 140.32545811412817
fps 146.24923486448654
fps 137.44496238102926
fps 144.31401096152604
fps 147.9125058406978
fps 154.7694442593427
fps 148.61866829740862
fps 144.69535447064737
fps 140.91530802111112
fps 142.6635972803653
fps 145.73812065559872
fps 144.13443080419574
fps 140.6597622535203
fps 140.3337788889481
fps 143.58025622310117
fps 145.64429895451818
fps 134.79908030721148
fps 146.0893971048662
fps 142.51997911846271
fps 143.74285335212102
fps 141.4382207363293
fps 146.15741173601378
fps 142.78280925194395
fps 151.1844384996232
fps 150.96557911908462
fps 150.7876637380425
fps 145.94040060232933
fps 146.5648236110209
fps 147.95841207770988
fps 148.74499676064661
fps 135.9026567489219
fps 135.46825469558712
fps 140.27642502880136
fps 142.89507607810677
fps 142.29075053607107
fps 135.38098423330928
fps 140.65525722300814
fps 154.40343965057122
fps 149.9492703267011
fps 151.1657378909188
fps 137.84783720620763
fps 142.87500702145357
fps 147.2439396447955
fps 139.66957830809443
fps 137.75310722213177
fps 146.50946959825194
fps 145.18156888286316
fps 147.45637490495318
fps 145.45908886937596
fps 150.3718791338192
fps 141.23519795186766
fps 143.01812979947192
fps 144.2304092603379
fps 141.19659268402435
fps 146.3349272647932
fps 146.885142976853
fps 134.61252040752632
fps 145.25998064271388
fps 146.5315114799164
fps 144.0006692078219
fps 143.07622707013545
fps 147.87112598387
fps 146.69144522606862
fps 148.75621891208948
fps 145.7735789024495
fps 140.1056620007198
fps 146.7180943827265
fps 145.67332345112715
fps 143.68504848410842
fps 139.7557328320129
fps 143.6112272171863
fps 139.34175518277777
fps 156.78187628955772
fps 154.6570553449929
fps 152.73163120869341
fps 156.4458602709391
fps 148.83472271416642
fps 148.0039378226851
fps 145.5221117848054
fps 141.31760830106987
fps 147.3525857177137
fps 148.38215234478128
fps 146.47269052958535
fps 152.3670466997328
fps 145.72018552589032
fps 140.91808741020802
fps 143.660820664053
fps 142.28786122619746
fps 139.5540484563024
fps 145.23532224466504
fps 142.11615115646694
fps 140.05933127238725
fps 147.59151369223227
fps 148.29381781997844
fps 147.38676557063656
fps 141.77224645634683
fps 139.3728863264261
fps 130.41677668926326
fps 139.70085001506155
fps 150.3231049470601
fps 148.24394836244744
fps 145.3325633385181
fps 139.97153742921665
fps 146.34677356208437
fps 148.26362090078504
fps 146.9932178358435
fps 154.7053500860371
fps 146.6456686152027
fps 143.54332284503917
fps 147.76873383761748
fps 144.47776909458838
fps 142.00419157932672
fps 140.77078277551232
fps 154.5390524159352
fps 162.08285368921975
fps 143.92897551240264
fps 159.08981052270107
fps 164.4933788651981
fps 153.66168519228816
fps 149.8695994052459
fps 140.7234658598474
fps 142.80937506834286
fps 138.63204657720638
fps 141.68798081831073
fps 145.97609072148015
fps 139.73455295143745
fps 141.6203288017121
fps 147.3710446943692
fps 143.8086233503175
fps 143.19078147108257
fps 145.62548565435137
fps 137.66589354331023
fps 145.09491828736824
fps 148.88783056664104
fps 150.67465894569492
fps 148.63237484396797
fps 151.71616323173023
fps 146.61460032129875
fps 139.06454053754803
fps 147.73715831186163
fps 145.8382441297994
fps 142.49964642565882
fps 161.77184803033717
fps 164.48028569182313
fps 153.17002253655096
fps 150.21940417897355
fps 147.79338125857643
fps 143.7533472460339
fps 145.90663380599136
fps 140.97350366234608
fps 141.19889803661619
fps 148.14152047357314
fps 148.22406300585686
fps 147.253834290566
fps 146.0427292134225
fps 143.07129689804495
fps 144.07825657849892
fps 141.9874802837229
fps 139.99350966503098
fps 144.800196059893
fps 150.65640012387934
fps 141.5005654161851
fps 145.4073880757627
fps 138.8765774934332
fps 141.34629398497688
fps 139.2768859512132
fps 157.02596924042476
fps 164.7339127314505
fps 154.2930344887004
fps 151.2124198948729
fps 149.04779655299004
fps 144.18551890220465
fps 140.54485586994144
fps 153.66361895635376
fps 150.67072869194584
fps 144.83444756094488
fps 148.6456111160855
fps 142.31651302871413
fps 149.07187713187943
fps 153.52790401218968
fps 165.59542225013288
fps 144.3680324277215
fps 144.97032893615898
fps 141.32951691548783
fps 148.0080445310835
fps 147.95870142798879
fps 146.43924770596013
fps 143.41656791838196
fps 143.16413130097212
fps 150.67754672019296
fps 149.43665025435826
fps 149.99440802619694
fps 142.9887963196247
fps 141.83138121143887
fps 145.10712848619102
fps 145.94947139418818
fps 143.4761271288163
fps 140.92160256382124
fps 143.23019405238833
fps 147.70093354710707
fps 150.43667545307045
fps 146.02038136982867
fps 139.19831122604722
fps 141.5557215201968
fps 146.36735836014415
fps 146.7128535846456
fps 146.77823783384602
fps 143.25089416828374
fps 144.24179076701975
fps 150.729835391429
fps 156.68384339165377
fps 156.40419954645185
fps 155.33430816693937
fps 153.88357773528756
fps 144.81552632403273
fps 143.96698692508778
fps 141.8783376064432
fps 145.95904679555832
fps 147.82951071196473
fps 141.092727958545
fps 143.2755748849887
fps 143.32888707254733
fps 142.29522215317
fps 156.40544656659716
fps 152.92892656063648
fps 148.95684649106977
fps 145.23142296185839
fps 145.77088807124466
fps 149.25361775064647
fps 157.43447733457506
fps 142.24646379076486
fps 142.52460530072145
fps 139.31547342808705
fps 149.93487262685144
fps 141.04295187033864
fps 153.21630287871275
fps 141.09353215354116
fps 148.52486933900443
fps 155.13914096632678
fps 155.8931846789803
fps 153.79915777642182
fps 142.94457035241552
fps 147.40585897578276
fps 144.98591733196437
fps 144.23435417471785
fps 137.68736901436372
fps 150.62363234524054
fps 147.14426743319683
fps 142.97699422445191
fps 143.32602156779828
fps 146.64924234684173
fps 145.6766785517998
fps 144.2095196290132
fps 151.78721810384832
fps 153.69288433780062
fps 144.60852341546945
fps 149.25502787839096
fps 149.37526782163474
fps 136.78406571675131
fps 145.99037045051628
fps 145.43531593284206
fps 153.03912791916673
fps 151.94157128909475
fps 146.11781473949728
fps 151.96881915706027
fps 154.90823652957
fps 155.67521648221984
fps 146.15539553481807
fps 153.927718232962
fps 150.74573725237673
fps 150.9959300789214
fps 152.96980889927127
fps 164.85001827296725
fps 151.08256633619067
fps 152.64558126710816
fps 156.00288613246786
fps 143.59160693427867
fps 154.98520235776135
fps 164.07307148612617
fps 150.44837760659476
fps 148.43783378894412
fps 147.75821941686706
fps 147.5424047369006
fps 150.2745599185065
fps 152.82355613299794
fps 143.74189644286653
fps 145.6755189533462
fps 157.11459506754787
fps 152.78386185890355
fps 156.33772582453565
fps 142.52475543571882
fps 147.15911159406645
fps 154.22087964570028
fps 149.909728511723
fps 155.4076596829676
fps 140.9296736697062
fps 143.78785601846954
fps 149.3380589196081
fps 145.8958767959837
fps 145.9824625390772
fps 157.99188858597273
fps 126.15547119419642
fps 151.69657680945315
fps 153.14673942185686
fps 142.8544093066342
fps 145.22610398123123
fps 144.69427564555346
fps 162.2140277330882
fps 153.7272886392046
fps 152.3892631651622
fps 147.99153910705462
fps 149.96358299218463
fps 146.95965824930738
fps 147.25424141304535
fps 145.65908860205784
fps 147.56685502439993
fps 147.77769034868794
fps 150.48102024154446
fps 162.4790094133787
fps 154.12594479155624
fps 154.07519594232303
fps 156.66789010228445
fps 149.48645643589316
fps 153.51164682796804
fps 156.30245055251243
fps 145.92430549177948
fps 143.70711306767473
fps 148.49938061256145
fps 138.8709614614929
fps 147.63281448030563
fps 156.0535159002331
fps 146.57554055281366
fps 149.0811681728022
fps 158.40163375628387
fps 154.13990644488715
fps 141.1653925669561
fps 145.48556492655362
fps 145.3677240416489
fps 145.46390845925052
fps 152.21102699849726
fps 155.89910332872452
fps 144.99216854031508
fps 145.4388734665063
fps 147.93455452336912
fps 158.45326818809627
fps 156.75113613971791
fps 147.27332538160957
fps 152.39044836833267
fps 147.54576117124728
fps 145.99822268140298
fps 150.38318231944822
fps 155.4076747981811
fps 155.73474923609896
fps 148.5201471808893
fps 143.91031479169757
fps 140.85063955636693
fps 146.209944240627
fps 160.07334865797026
fps 149.5027794454022
fps 150.93679650476733
fps 168.39547331855653
fps 170.5724131929053
fps 156.2542473101887
fps 159.62610390478986
fps 156.3101489672582
fps 155.9338938493057
fps 153.8978410260173
fps 152.3040813464172
fps 148.13236743508597
fps 155.42350168003816
fps 149.21123805674836
fps 150.65838176266996
fps 154.1249982703419
fps 150.9504168724566
fps 154.73366004661702
fps 159.76346626760375
fps 145.8757313364808
fps 151.96785799353992
fps 148.97596426480516
fps 154.85174822760857
fps 155.93896913418064
fps 157.36087459911136
fps 148.64533652303436
fps 151.84341008955698
fps 148.72201536328635
fps 149.39477617886126
fps 151.92849652578178
fps 148.60339233341435
fps 141.89517503095723
fps 150.6074391917613
fps 147.8073940364268
fps 153.72258235971645
fps 145.92456568142507
fps 152.70923905807493
fps 145.29469445461277
fps 145.68730837933143
fps 158.3141885752584
fps 153.24355604049123
fps 141.04887657922532
fps 146.5075844042549
fps 152.61741304102733
fps 158.10768058860913
fps 156.05639325660144
fps 153.8083896445785
fps 156.93945566189356
fps 157.7463349500871
fps 153.12174233597364
fps 148.38825723236232
fps 158.34364318672178
fps 149.47377846656414
fps 144.88454863575535
fps 149.2417505631809
fps 162.8385026580493
fps 153.90831379540745
fps 147.56330651619302
fps 147.45728470719288
fps 145.79082594905472
fps 147.0584265743769
fps 152.24443942499903
fps 147.82636050403823
fps 143.63880749295973
fps 149.0319331560634
fps 144.8170219656679
fps 151.79267389017653
fps 165.02375576971707
fps 153.3110804545188
fps 151.62607164037203
fps 144.94832371953225
fps 152.13757339713678
fps 155.2568060099074
fps 151.3304200851136
fps 146.3441496087763
fps 143.1896608051773
fps 151.18683392029894
fps 149.67668241055898
fps 160.75790671121365
fps 165.07523549896203
fps 111.82546107891935
fps 144.84410979989252
fps 156.16540918960726
fps 156.56525724489822
fps 146.947943557581
fps 145.53794532751874
fps 147.79445373722177
fps 151.06434998687624
fps 144.04892015905477
fps 145.914898355518
fps 155.05426639994755
fps 146.20824831444483
fps 147.0174542203262
fps 160.13012550317376
fps 154.44346431442457
fps 149.8479729626005
fps 144.96291097537832
fps 150.60819495704686
fps 144.05137648936775
fps 150.67191742153653
fps 151.888453458647
fps 150.48494161662845
fps 150.51287597997603
fps 140.01086107106505
fps 146.01676292545739
fps 144.98529054931575
fps 143.97941700118812
fps 135.822194222124
fps 153.7023435366223
fps 152.75258107236928
fps 146.5769306240583
fps 151.30922119615855
fps 150.6262835350879
fps 154.92915472641366
fps 153.46281696619502
fps 147.49465105252906
fps 152.571356030197
fps 164.5224540815108
fps 156.95673738809631
fps 155.85824038056606
fps 145.52784379150242
fps 145.71092237990857
fps 149.89078146507623
fps 151.64659523756868
fps 150.52423447329247
fps 145.09124675094748
fps 143.7993203081828
fps 146.81201265492405
fps 162.2719482570293
fps 148.2865643785527
fps 150.0039824038036
fps 144.85801569565652
fps 146.71307778396024
fps 147.59412056708808
fps 144.42333478475035
fps 153.48531413200695
fps 147.9153594545803
fps 142.948828599404
fps 156.93397594491853
fps 149.92164523434082
fps 153.6512793795389
fps 151.76619273917663
fps 143.388243256839
fps 154.42236684703724
fps 151.75335129070265
fps 149.6726244546263
fps 149.97020881096037
fps 143.87105912924284
fps 152.45774068983758
fps 146.7877434582156
fps 153.62043822698925
fps 152.06403146576432
fps 159.71982436129218
fps 160.71486261367176
fps 151.27418695921986
fps 153.9153443249006
fps 148.24701651032063
fps 148.0225992139975
fps 144.03631639611646
fps 144.0523477276728
fps 142.3838108916128
fps 147.35889027545073
fps 152.95683060095715
fps 154.16093635873378
fps 152.5693958957865
fps 146.04561030039977
fps 152.58142805124237
fps 144.2495527607807
fps 151.960347709095
fps 148.33869017261316
fps 154.3509732089049
fps 156.34903270462664
fps 150.97294826050586
fps 148.6902963734698
fps 146.0612028782227
fps 161.0995190124524
fps 147.54794048621346
fps 144.11044237475164
fps 147.1272638130285
fps 151.9117468492555
fps 140.57581170708616
fps 146.13017480210596
fps 150.50347246498416
fps 147.35204507482922
fps 143.5580475443038
fps 148.58961348725163
fps 147.7886120906111
fps 153.17708052548156
fps 155.23385012939323
fps 165.96523015322973
fps 159.43484822927024
fps 149.91342660221056
fps 125.59201749899403
fps 145.90392600629445
fps 158.34466539707535
fps 155.74108307273684
fps 148.93733102159567
fps 148.26225237260624
fps 158.59966944631924
fps 152.6675553474698
fps 151.0149013365324
fps 161.2902174507731
fps 152.93728955868124
fps 146.28749268743616
fps 146.66137613201673
fps 140.1027402413731
fps 140.92646263611994
fps 148.66818718848077
fps 145.28442221348047
fps 154.0488983628971
fps 137.60963655648362
fps 144.51237483255548
fps 151.72841897789783
fps 149.06837441600072
fps 148.21719447903314
fps 154.12444501743911
fps 158.39088637918414
fps 151.99432041219617
fps 147.67176524957713
fps 145.50591698303518
fps 145.83768443406257
fps 153.87619657305834
fps 142.45559970558082
fps 143.83037417707664
fps 145.3364161201158
fps 142.463214498603
fps 148.97034267039723
fps 148.65808937871697
fps 150.02896260790422
fps 147.7738469694812
fps 146.27397001182024
fps 144.7225740763853
fps 139.91216661270508
fps 144.45648840518913
fps 144.9750228607403
fps 145.30312357724324
fps 146.1006543698051
fps 141.02021101792812
fps 146.49587515446424
fps 137.7173548735815
fps 135.89719004890267
fps 141.9206284949868
fps 149.25036805205565
fps 148.9458995054615
fps 145.54531651175762
fps 147.1456863803469
fps 149.20866829302793
fps 147.270271226419
fps 143.61096015286714
fps 137.4769735230948
fps 146.14072770634186
fps 151.03187155690145
fps 143.1895737312708
fps 139.16605052694072
fps 141.49638346748426
fps 152.47599637633104
fps 149.37922720764288
fps 143.16659145084458
fps 147.33594537682143
fps 142.98465054354028
fps 143.69445797216045
fps 142.7062341634679
fps 150.93184573443597
fps 146.13140051806735
fps 149.14814388049163
fps 146.41283933222556
fps 152.17636900715215
fps 158.0918498146951
fps 140.41245596527236
fps 146.99294866985053
fps 151.0144867469763
fps 157.0101100453381
fps 149.83837198636715
fps 140.5867500638061
fps 141.76444929985163
fps 141.4013256917901
fps 148.10705344029532
fps 150.5871560144395
fps 141.6924951057832
fps 140.34009084714373
fps 140.29346829842223
fps 130.79445697234186
fps 146.1570593583485
fps 149.73267802159663
fps 154.21780874068483
fps 141.53443079131364
fps 142.62728185038753
fps 146.2628600761719
fps 138.0107281826342
fps 143.72059804191838
fps 138.08271710400064
fps 139.92259203560636
fps 147.55322619256006
fps 151.8003413559102
fps 150.4813441749484
fps 162.2465350295123
fps 152.33341480846093
fps 153.54316834005888
fps 137.90289804280664
fps 141.06131160809147
fps 142.19413652732774
fps 140.92699444419887
fps 141.8133808791855
fps 152.9275346751679
fps 146.1189050339307
fps 144.431707867375
fps 144.4001887515199
fps 148.74436244114807
fps 138.14537735160772
fps 155.79373402688185
fps 155.88299586164638
fps 136.38248878461638
fps 144.7579866496666
fps 140.04989262231993
fps 143.402741876922
fps 146.94813018510033
fps 139.6263687423254
fps 144.79370209617448
fps 132.8727009646355
fps 143.05030225105025
fps 142.98270112479264
fps 141.036914432313
fps 142.83074348710687
fps 151.03122234148913
fps 148.14152505184688
fps 142.80758267687673
fps 143.0565544683675
fps 142.0081553843439
fps 141.93236789786067
fps 142.1099877883928
fps 139.33612229549323
fps 144.25880158408089
fps 147.25373606452715
fps 137.7300554155412
fps 134.0624191005955
fps 140.6577262423402
fps 147.62136955957513
fps 141.68360561445115
fps 144.53136665233936
fps 142.220946372846
fps 138.26778613699548
fps 140.71100122034002
fps 148.9488400769514
fps 143.36952798320613
fps 146.232502781123
fps 139.82536614176308
fps 138.2455274795993
fps 133.09579750729543
fps 140.44759776787967
fps 135.026316352212
fps 141.2980256821794
fps 138.07018380754684
fps 141.1373237438443
fps 138.35272030121845
fps 143.2626987101784
fps 150.6799000540885
fps 145.6127160367253
fps 140.25320020544234
fps 140.03579868899067
fps 138.6732450020023
fps 141.35918527586733
fps 142.60927683502842
fps 145.0643351438098
fps 144.3586484859915
fps 139.85676070324703
fps 146.61391421408032
fps 142.40267671146162
fps 141.49762576416865
fps 138.44264962163103
fps 140.4538311934077
fps 141.21527266227906
fps 136.85570492061342
fps 140.46643906615836
fps 145.7182813544284
fps 146.9813049646918
fps 138.68981893519614
fps 135.4285622724228
fps 129.9651522882138
fps 149.3774526399406
fps 153.8524908920982
fps 149.00545755103923
fps 148.2847930685596
fps 139.1481559837879
fps 143.27284548583995
fps 151.67996359221456
fps 147.06295697763295
fps 147.68017443060114
fps 147.02316999724695
fps 158.18443230089989
fps 143.6756362294909
fps 140.57921468678853
fps 137.07637464398655
fps 140.39190069828882
fps 147.56261669251256
fps 133.76497396016697
fps 131.5105053412472
fps 141.28718488592705
fps 137.7890393975427
fps 136.17491503919263
fps 150.5806978929679
fps 147.53081263736786
fps 142.2002635061468
fps 146.54977746483985
fps 146.20586185235038
fps 144.0863997471491
fps 140.49361074863359
fps 141.07042832591137
fps 143.50470931152537
fps 147.65735874675008
fps 148.71441579514504
fps 146.6607258050764
fps 144.5296907668266
fps 151.65083941572865
fps 148.2911740458272
fps 147.3959212281866
fps 158.08907939208478
fps 151.32882509968897
fps 145.4626336930118
fps 150.66984341519083
fps 146.1516634493628
fps 144.89978726468354
fps 150.4103396206861
fps 154.35687154694543
fps 145.64764197087962
fps 151.07134516031658
fps 145.17223182477355
fps 142.99196430791972
fps 142.77812376510443
fps 140.98977184351006
fps 151.31740831990115
fps 143.30387126554675
fps 140.1035899345731
fps 149.23549891791757
fps 149.08724294606017
fps 144.1993909564398
fps 145.17424454547108
fps 151.6515518852321
fps 149.88786585257856
fps 148.06201304787524
fps 146.49318093587593
fps 146.48835877187162
fps 148.03799275534226
fps 147.26869442698924
fps 150.8217384303149
fps 146.31143373029192
fps 160.20042163956035
fps 148.57652863083857
fps 150.25489446979728
fps 150.5085980417179
fps 160.06380373814292
fps 141.31088496017344
fps 145.6805274631763
fps 153.87459333949278
fps 155.0280744286052
fps 152.3000276091876
fps 154.54488577145653
fps 147.363219814595
fps 150.22081546561986
fps 155.35348298334796
fps 163.93916278113565
fps 158.01655077970068
fps 155.9745104562064
fps 157.62806461796492
fps 149.92242226656109
fps 157.10873751190312
fps 149.17247673957496
fps 149.38158239042914
fps 158.2699413478601
fps 155.5799277612386
fps 147.05096158922012
fps 146.06610664279566
fps 152.1769718570242
fps 154.22639057001922
fps 163.35377962852556
fps 151.81963344871588
fps 144.58867611916864
fps 157.03460629566723
fps 156.19628792435182
fps 160.29999762615356
fps 156.23956828295275
fps 158.93838972900429
fps 153.65256063590772
fps 152.7311045985399
fps 148.3529193671677
fps 156.4763374043969
fps 165.04406130046291
fps 156.3223002877413
fps 158.47516193225303
fps 163.725824021856
fps 153.4600372619443
fps 151.6735334361862
fps 153.23102142593876
fps 150.58559760783717
fps 166.50398117857353
fps 160.98260552183618
fps 167.38189822446628
fps 173.80867430557197
fps 161.55980268984317
fps 158.94505196672216
fps 151.58787759570654
fps 159.47645780133018
fps 158.0040684275948
fps 160.99619056797053
fps 156.63623894950672
fps 167.75890872379992
fps 164.88577717278287
fps 164.82054259777246
fps 170.64184779378974
fps 163.78298304902606
fps 158.8747776478954
fps 150.15587499761762
fps 156.94409157151225
fps 150.90630880225922
fps 152.68233295673934
fps 162.22738532998488
fps 159.55787981368755
fps 156.13090796205893
fps 159.600274050034
fps 173.22679102187746
fps 157.819367223083
fps 154.62430533204042
fps 164.39520627908112
fps 153.5939845324692
fps 162.17311065055412
fps 172.17284674128535
fps 171.0953300525068
fps 158.15856404223575
fps 165.29830189463314
fps 172.37583415416373
fps 161.39647781565816
fps 171.69174387150323
fps 167.13588954640633
fps 156.656313985783
fps 158.90188833785473
fps 161.56293296938728
fps 153.77182856813005
fps 154.3675240636959
fps 150.16416526062056
fps 153.48847458954833
fps 165.46540880417857
fps 163.48617655909942
fps 158.54536776659333
fps 162.33090673667638
fps 153.0966821594265
fps 165.47196523723073
fps 167.71091239407096
fps 161.9649293243412
fps 173.1437902635143
fps 167.1513531882049
fps 157.8748576876158
fps 172.86393060341817
fps 156.96350546779266
fps 161.97509523293965
fps 156.34260233747634
fps 162.8578581722207
fps 156.66731624822933
fps 160.16240031097092
fps 156.40732023261216
fps 172.82924124742084
fps 172.8050905497394
fps 181.36681572950673
fps 159.26457035678007
fps 156.22049814352738
fps 158.8397916115416
fps 165.38968316096498
fps 158.23743890253803
fps 154.90805237782206
fps 151.2203668777264
fps 156.2478869449661
fps 164.4479974896249
fps 159.56525955219618
fps 164.2336025083866
fps 164.35950846529965
fps 163.75286077015403
fps 154.95776027249087
fps 158.77417129256378
fps 154.58412636013904
fps 153.7303418006557
fps 158.36057711526092
fps 162.0153284691023
fps 155.45769274218756
fps 162.23372021303362
fps 154.3720980455575
fps 167.94198125202223
fps 163.46089324353005
fps 160.23116158565952
fps 161.05921281516018
fps 162.9664267450719
fps 162.2199353279979
fps 156.53971826273883
fps 158.5288620297148
fps 162.19170893899414
fps 165.12917711209641
fps 157.20835182581266
fps 161.2226103559641
fps 160.57760716718397
fps 163.5185411515239
fps 164.7336531220083
fps 168.12840770340375
fps 153.14592581183177
fps 162.52449672630019
fps 168.47116878052233
fps 156.2917495377077
fps 160.98563932693142
fps 158.9259619210549
fps 159.02889827459373
fps 151.654971763495
fps 160.29436993648957
fps 167.86625323159265
fps 168.90341978988266
fps 160.2243321873594
fps 158.34137688583442
fps 160.2622945207259
fps 158.14032277917053
fps 153.59688932081067
fps 162.1124194764911
fps 161.73752549539054
fps 164.34052965618403
fps 160.09391151880305
fps 161.414021345688
fps 164.4375703862481
fps 171.91106193197126
fps 169.74500949065447
fps 167.52426722201022
fps 162.18435275525164
fps 158.7248255025628
fps 155.12590815262743
fps 157.12820724914673
fps 149.7452041440124
fps 158.0779349990336
fps 153.43399729630133
fps 168.11732420007505
fps 165.91184892196475
fps 165.57757127551048
fps 157.59992152701471
fps 162.01600318855594
fps 147.99129499188496
fps 148.25716630740078
fps 162.79701722093623
fps 169.73940447696157
fps 162.92758602739767
fps 152.39711353300487
fps 161.99767745808649
fps 156.98212032974206
fps 160.93918706396352
fps 158.41932353954851
fps 150.47612699221565
fps 158.01837022552164
fps 161.91829899590306
fps 164.11185914768703
fps 166.5119529977655
fps 160.3395680159585
fps 166.4582926280605
fps 168.5962813839025
fps 163.71595638484303
fps 159.9593723489372
fps 154.1562792706778
fps 160.11162682009484
fps 154.1184674492291
fps 159.10510509901067
fps 152.8535308166658
fps 151.52758946394738
fps 152.34080708661025
fps 158.28836037466033
fps 155.38993228142164
fps 149.7545522399995
fps 158.28246835826593
fps 168.48924559580146
fps 155.84851614292484
fps 155.8122446504097
fps 150.2233327799234
fps 151.99769689807152
fps 157.72295248827623
fps 162.898622541273
fps 122.67303447802001
fps 163.83272072342663
fps 160.3988927704782
fps 158.4686550294362
fps 160.98568026245616
fps 161.9619425371842
fps 156.75898976751745
fps 164.3977418153624
fps 162.82697689259504
fps 163.02412594092428
fps 159.40766747089842
fps 162.48143858440733
fps 169.54968156055088
fps 163.10267199242483
fps 163.7720541893831
fps 149.61216675206774
fps 150.3221119602228
fps 145.14908248373035
fps 155.89824065474002
fps 166.0414682658975
fps 142.76899396405193
fps 164.3653753026397
fps 156.06944666072417
fps 156.82885683361226
fps 164.45127494448707
fps 155.32506442077803
fps 146.62330822683663
fps 158.48124982049234
fps 154.90406837089662
fps 155.9072133655209
fps 155.35583755019528
fps 159.9677600987037
fps 153.2244996747252
fps 152.17589521950572
fps 149.95425167139703
fps 157.97362810793274
fps 158.56339500905622
fps 154.4608366918508
fps 161.74494021881975
fps 152.68228884021573
fps 155.79978076642666
fps 152.91021071399672
fps 152.7943449771433
fps 156.6926228541509
fps 166.52986676122063
fps 150.0686881670368
fps 154.49938012952208
fps 147.796196426157
fps 153.83236665823253
fps 155.0125768237353
fps 163.4918649093088
fps 156.71733523598078
fps 155.00070773537254
fps 156.3305389038544
java -jar /seu_share/home/weiweiwu/uRTS/microrts/microrts/rts_wrapper/microrts-java.jar --map /seu_share/home/weiweiwu/uRTS/microrts/microrts/rts_wrapper/maps/6x6/fullgame6x6.xml --ai1_type socketAI --ai2_type NaiveMCTS --maxCycles 2000 --maxEpisodes 100000 --period 1 --render 0 --port1 32867
Player0 Wait for Java client connection...
Player0: Send welcome msg to client...
Client: ack!
Server: Send reset command...
Client received info:
--map
/seu_share/home/weiweiwu/uRTS/microrts/microrts/rts_wrapper/maps/6x6/fullgame6x6.xml
--ai1_type
socketAI
--ai2_type
NaiveMCTS
--maxCycles
2000
--maxEpisodes
100000
--period
1
--render
0
--port1
32867
GymSocketAI: welcome message received

java -jar /seu_share/home/weiweiwu/uRTS/microrts/microrts/rts_wrapper/microrts-java.jar --map /seu_share/home/weiweiwu/uRTS/microrts/microrts/rts_wrapper/maps/6x6/fullgame6x6.xml --ai1_type socketAI --ai2_type Random --maxCycles 2000 --maxEpisodes 100000 --period 1 --render 0 --port1 42866
Player0 Wait for Java client connection...
Player0: Send welcome msg to client...
Client: ack!
Server: Send reset command...
Client received info:
--map
/seu_share/home/weiweiwu/uRTS/microrts/microrts/rts_wrapper/maps/6x6/fullgame6x6.xml
--ai1_type
socketAI
--ai2_type
Random
--maxCycles
2000
--maxEpisodes
100000
--period
1
--render
0
--port1
42866
GymSocketAI: welcome message received

java -jar /seu_share/home/weiweiwu/uRTS/microrts/microrts/rts_wrapper/microrts-java.jar --map /seu_share/home/weiweiwu/uRTS/microrts/microrts/rts_wrapper/maps/6x6/fullgame6x6.xml --ai1_type socketAI --ai2_type socketAI --maxCycles 2000 --maxEpisodes 100000 --period 1 --render 0 --port1 45235 --port2 43045
Player0 Wait for Java client connection...
Player0: Send welcome msg to client...
Client: ack!
Player1 Wait for Java client connection...
Player1: Send welcome msg to client...
Client: ack!
Server: Send reset command...
Server: Send reset command...
ParallelVecEnv worker: got KeyboardInterrupt
Client received info:
--map
/seu_share/home/weiweiwu/uRTS/microrts/microrts/rts_wrapper/maps/6x6/fullgame6x6.xml
--ai1_type
socketAI
--ai2_type
socketAI
--maxCycles
2000
--maxEpisodes
100000
--period
1
--render
0
--port1
45235
--port2
43045
GymSocketAI: welcome message received
GymSocketAI: welcome message received

java -jar /seu_share/home/weiweiwu/uRTS/microrts/microrts/rts_wrapper/microrts-java.jar --map /seu_share/home/weiweiwu/uRTS/microrts/microrts/rts_wrapper/maps/6x6/fullgame6x6.xml --ai1_type socketAI --ai2_type socketAI --maxCycles 2000 --maxEpisodes 100000 --period 1 --render 0 --port1 37723 --port2 39251
Player0 Wait for Java client connection...
Player0: Send welcome msg to client...
Client: ack!
Player1 Wait for Java client connection...
Player1: Send welcome msg to client...
Client: ack!
Server: Send reset command...
Server: Send reset command...
Client received info:
--map
/seu_share/home/weiweiwu/uRTS/microrts/microrts/rts_wrapper/maps/6x6/fullgame6x6.xml
--ai1_type
socketAI
--ai2_type
socketAI
--maxCycles
2000
--maxEpisodes
100000
--period
1
--render
0
--port1
37723
--port2
39251
GymSocketAI: welcome message received
client request for connecting to server...
GymSocketAI: welcome message received

java -jar /seu_share/home/weiweiwu/uRTS/microrts/microrts/rts_wrapper/microrts-java.jar --map /seu_share/home/weiweiwu/uRTS/microrts/microrts/rts_wrapper/maps/6x6/fullgame6x6.xml --ai1_type socketAI --ai2_type MCTS --maxCycles 2000 --maxEpisodes 100000 --period 1 --render 0 --port1 48279
Player0 Wait for Java client connection...
Player0: Send welcome msg to client...
Client: ack!
Server: Send reset command...
Client received info:
--map
/seu_share/home/weiweiwu/uRTS/microrts/microrts/rts_wrapper/maps/6x6/fullgame6x6.xml
--ai1_type
socketAI
--ai2_type
MCTS
--maxCycles
2000
--maxEpisodes
100000
--period
1
--render
0
--port1
48279
GymSocketAI: welcome message received

java -jar /seu_share/home/weiweiwu/uRTS/microrts/microrts/rts_wrapper/microrts-java.jar --map /seu_share/home/weiweiwu/uRTS/microrts/microrts/rts_wrapper/maps/6x6/fullgame6x6.xml --ai1_type socketAI --ai2_type UCT --maxCycles 2000 --maxEpisodes 100000 --period 1 --render 0 --port1 43142
Player0 Wait for Java client connection...
Player0: Send welcome msg to client...
Client: ack!
Server: Send reset command...
Client received info:
--map
/seu_share/home/weiweiwu/uRTS/microrts/microrts/rts_wrapper/maps/6x6/fullgame6x6.xml
--ai1_type
socketAI
--ai2_type
UCT
--maxCycles
2000
--maxEpisodes
100000
--period
1
--render
0
--port1
43142
GymSocketAI: welcome message received

java -jar /seu_share/home/weiweiwu/uRTS/microrts/microrts/rts_wrapper/microrts-java.jar --map /seu_share/home/weiweiwu/uRTS/microrts/microrts/rts_wrapper/maps/6x6/fullgame6x6.xml --ai1_type socketAI --ai2_type socketAI --maxCycles 2000 --maxEpisodes 100000 --period 1 --render 0 --port1 35591 --port2 45694
Player0 Wait for Java client connection...
Player0: Send welcome msg to client...
Client: ack!
Player1 Wait for Java client connection...
Player1: Send welcome msg to client...
Client: ack!
Server: Send reset command...
Server: Send reset command...
Client received info:
--map
/seu_share/home/weiweiwu/uRTS/microrts/microrts/rts_wrapper/maps/6x6/fullgame6x6.xml
--ai1_type
socketAI
--ai2_type
socketAI
--maxCycles
2000
--maxEpisodes
100000
--period
1
--render
0
--port1
35591
--port2
45694
GymSocketAI: welcome message received
client request for connecting to server...
GymSocketAI: welcome message received

java -jar /seu_share/home/weiweiwu/uRTS/microrts/microrts/rts_wrapper/microrts-java.jar --map /seu_share/home/weiweiwu/uRTS/microrts/microrts/rts_wrapper/maps/6x6/fullgame6x6.xml --ai1_type socketAI --ai2_type socketAI --maxCycles 2000 --maxEpisodes 100000 --period 1 --render 0 --port1 34016 --port2 33903
Player0 Wait for Java client connection...
Player0: Send welcome msg to client...
Client: ack!
Player1 Wait for Java client connection...
Player1: Send welcome msg to client...
Client: ack!
Server: Send reset command...
Server: Send reset command...
ParallelVecEnv worker: got KeyboardInterrupt
Client received info:
--map
/seu_share/home/weiweiwu/uRTS/microrts/microrts/rts_wrapper/maps/6x6/fullgame6x6.xml
--ai1_type
socketAI
--ai2_type
socketAI
--maxCycles
2000
--maxEpisodes
100000
--period
1
--render
0
--port1
34016
--port2
33903
GymSocketAI: welcome message received
GymSocketAI: welcome message received

java -jar /seu_share/home/weiweiwu/uRTS/microrts/microrts/rts_wrapper/microrts-java.jar --map /seu_share/home/weiweiwu/uRTS/microrts/microrts/rts_wrapper/maps/6x6/fullgame6x6.xml --ai1_type socketAI --ai2_type socketAI --maxCycles 2000 --maxEpisodes 100000 --period 1 --render 0 --port1 53922 --port2 56279
Player0 Wait for Java client connection...
Player0: Send welcome msg to client...
Client: ack!
Player1 Wait for Java client connection...
Player1: Send welcome msg to client...
Client: ack!
Server: Send reset command...
Server: Send reset command...
ParallelVecEnv worker: got KeyboardInterrupt
Client received info:
--map
/seu_share/home/weiweiwu/uRTS/microrts/microrts/rts_wrapper/maps/6x6/fullgame6x6.xml
--ai1_type
socketAI
--ai2_type
socketAI
--maxCycles
2000
--maxEpisodes
100000
--period
1
--render
0
--port1
53922
--port2
56279
GymSocketAI: welcome message received
GymSocketAI: welcome message received

java -jar /seu_share/home/weiweiwu/uRTS/microrts/microrts/rts_wrapper/microrts-java.jar --map /seu_share/home/weiweiwu/uRTS/microrts/microrts/rts_wrapper/maps/6x6/fullgame6x6.xml --ai1_type socketAI --ai2_type WorkerRush --maxCycles 2000 --maxEpisodes 100000 --period 1 --render 0 --port1 37345
Player0 Wait for Java client connection...
Player0: Send welcome msg to client...
Client: ack!
Server: Send reset command...
Client received info:
--map
/seu_share/home/weiweiwu/uRTS/microrts/microrts/rts_wrapper/maps/6x6/fullgame6x6.xml
--ai1_type
socketAI
--ai2_type
WorkerRush
--maxCycles
2000
--maxEpisodes
100000
--period
1
--render
0
--port1
37345
GymSocketAI: welcome message received

java -jar /seu_share/home/weiweiwu/uRTS/microrts/microrts/rts_wrapper/microrts-java.jar --map /seu_share/home/weiweiwu/uRTS/microrts/microrts/rts_wrapper/maps/6x6/fullgame6x6.xml --ai1_type socketAI --ai2_type socketAI --maxCycles 2000 --maxEpisodes 100000 --period 1 --render 0 --port1 54590 --port2 42191
Player0 Wait for Java client connection...
Player0: Send welcome msg to client...
Client: ack!
Player1 Wait for Java client connection...
Player1: Send welcome msg to client...
Client: ack!
Server: Send reset command...
Server: Send reset command...
ParallelVecEnv worker: got KeyboardInterrupt
Client received info:
--map
/seu_share/home/weiweiwu/uRTS/microrts/microrts/rts_wrapper/maps/6x6/fullgame6x6.xml
--ai1_type
socketAI
--ai2_type
socketAI
--maxCycles
2000
--maxEpisodes
100000
--period
1
--render
0
--port1
54590
--port2
42191
GymSocketAI: welcome message received
client request for connecting to server...
GymSocketAI: welcome message received

java -jar /seu_share/home/weiweiwu/uRTS/microrts/microrts/rts_wrapper/microrts-java.jar --map /seu_share/home/weiweiwu/uRTS/microrts/microrts/rts_wrapper/maps/6x6/fullgame6x6.xml --ai1_type socketAI --ai2_type Passive --maxCycles 2000 --maxEpisodes 100000 --period 1 --render 0 --port1 49735
Player0 Wait for Java client connection...
Player0: Send welcome msg to client...
Client: ack!
Server: Send reset command...
Client received info:
--map
/seu_share/home/weiweiwu/uRTS/microrts/microrts/rts_wrapper/maps/6x6/fullgame6x6.xml
--ai1_type
socketAI
--ai2_type
Passive
--maxCycles
2000
--maxEpisodes
100000
--period
1
--render
0
--port1
49735
GymSocketAI: welcome message received

java -jar /seu_share/home/weiweiwu/uRTS/microrts/microrts/rts_wrapper/microrts-java.jar --map /seu_share/home/weiweiwu/uRTS/microrts/microrts/rts_wrapper/maps/6x6/fullgame6x6.xml --ai1_type socketAI --ai2_type socketAI --maxCycles 2000 --maxEpisodes 100000 --period 1 --render 0 --port1 60159 --port2 53719
Player0 Wait for Java client connection...
Player0: Send welcome msg to client...
Client: ack!
Player1 Wait for Java client connection...
Player1: Send welcome msg to client...
Client: ack!
Server: Send reset command...
Server: Send reset command...
Client received info:
--map
/seu_share/home/weiweiwu/uRTS/microrts/microrts/rts_wrapper/maps/6x6/fullgame6x6.xml
--ai1_type
socketAI
--ai2_type
socketAI
--maxCycles
2000
--maxEpisodes
100000
--period
1
--render
0
--port1
60159
--port2
53719
GymSocketAI: welcome message received
client request for connecting to server...
GymSocketAI: welcome message received

java -jar /seu_share/home/weiweiwu/uRTS/microrts/microrts/rts_wrapper/microrts-java.jar --map /seu_share/home/weiweiwu/uRTS/microrts/microrts/rts_wrapper/maps/6x6/fullgame6x6.xml --ai1_type socketAI --ai2_type socketAI --maxCycles 2000 --maxEpisodes 100000 --period 1 --render 0 --port1 58446 --port2 36721
Player0 Wait for Java client connection...
Player0: Send welcome msg to client...
Client: ack!
Player1 Wait for Java client connection...
Player1: Send welcome msg to client...
Client: ack!
Server: Send reset command...
Server: Send reset command...
ParallelVecEnv worker: got KeyboardInterrupt
Client received info:
--map
/seu_share/home/weiweiwu/uRTS/microrts/microrts/rts_wrapper/maps/6x6/fullgame6x6.xml
--ai1_type
socketAI
--ai2_type
socketAI
--maxCycles
2000
--maxEpisodes
100000
--period
1
--render
0
--port1
58446
--port2
36721
GymSocketAI: welcome message received
client request for connecting to server...
GymSocketAI: welcome message received

java -jar /seu_share/home/weiweiwu/uRTS/microrts/microrts/rts_wrapper/microrts-java.jar --map /seu_share/home/weiweiwu/uRTS/microrts/microrts/rts_wrapper/maps/6x6/fullgame6x6.xml --ai1_type socketAI --ai2_type socketAI --maxCycles 2000 --maxEpisodes 100000 --period 1 --render 0 --port1 39421 --port2 51939
Player0 Wait for Java client connection...
Player0: Send welcome msg to client...
Client: ack!
Player1 Wait for Java client connection...
Player1: Send welcome msg to client...
Client: ack!
Server: Send reset command...
Server: Send reset command...
Client received info:
--map
/seu_share/home/weiweiwu/uRTS/microrts/microrts/rts_wrapper/maps/6x6/fullgame6x6.xml
--ai1_type
socketAI
--ai2_type
socketAI
--maxCycles
2000
--maxEpisodes
100000
--period
1
--render
0
--port1
39421
--port2
51939
GymSocketAI: welcome message received
GymSocketAI: welcome message received

java -jar /seu_share/home/weiweiwu/uRTS/microrts/microrts/rts_wrapper/microrts-java.jar --map /seu_share/home/weiweiwu/uRTS/microrts/microrts/rts_wrapper/maps/6x6/fullgame6x6.xml --ai1_type socketAI --ai2_type socketAI --maxCycles 2000 --maxEpisodes 100000 --period 1 --render 0 --port1 44225 --port2 59326
Player0 Wait for Java client connection...
Player0: Send welcome msg to client...
Client: ack!
Player1 Wait for Java client connection...
Player1: Send welcome msg to client...
Client: ack!
Server: Send reset command...
Server: Send reset command...
ParallelVecEnv worker: got KeyboardInterrupt
Client received info:
--map
/seu_share/home/weiweiwu/uRTS/microrts/microrts/rts_wrapper/maps/6x6/fullgame6x6.xml
--ai1_type
socketAI
--ai2_type
socketAI
--maxCycles
2000
--maxEpisodes
100000
--period
1
--render
0
--port1
44225
--port2
59326
GymSocketAI: welcome message received
client request for connecting to server...
GymSocketAI: welcome message received



PS:

Read file <14116.err> for stderr output of this job.

