Sender: LSF System <lsfadmin@gpu12>
Subject: Job 14122: <PPO_SP_Six_Single> in cluster <cluster1> Exited

Job <PPO_SP_Six_Single> was submitted from host <login02> by user <weiweiwu> in cluster <cluster1> at Fri Mar 12 11:51:37 2021
Job was executed on host(s) <gpu12>, in queue <gpu_v100>, as user <weiweiwu> in cluster <cluster1> at Fri Mar 12 11:53:33 2021
</seu_share/home/weiweiwu> was used as the home directory.
</seu_share/home/weiweiwu/uRTS/microrts/sub_job/ZT_FG_v1> was used as the working directory.
Started at Fri Mar 12 11:53:33 2021
Terminated at Sun Mar 14 19:01:09 2021
Results reported at Sun Mar 14 19:01:09 2021

Your job looked like:

------------------------------------------------------------
# LSBATCH: User input
#!/bin/bash
#BSUB -J PPO_SP_Six_Single
#BSUB -o %J.out
#BSUB -e %J.err
#BSUB -q gpu_v100
#BSUB -gpu num=1
JAVA_HOME=/seu_share/home/weiweiwu/wlocal/jdk/jdk-11.0.1
#JRE_HOME=${JAVA_HOME}/jre
CLASSPATH=.:${JAVA_HOME}/lib
PATH=$JAVA_HOME/bin:$PATH
PATH=/seu_share/home/weiweiwu/anaconda3/bin:$PATH
LD_LIBRARY_PATH=/seu_share/home/weiweiwu/anaconda3/lib:$LD_LIBRARY_PATH
export JAVA_HOME  CLASSPATH PATH 
cd ~/uRTS/microrts
python3 test.py  --algo ppo -lr 1e-4 --env-id  fullgame-v1 --render 0 --saving-prefix PPO_SP_Six_Single

------------------------------------------------------------

TERM_OWNER: job killed by owner.
Exited with exit code 1.

Resource usage summary:

    CPU time :                                   685.00 sec.
    Max Memory :                                 2018 MB
    Average Memory :                             2011.25 MB
    Total Requested Memory :                     -
    Delta Memory :                               -
    Max Swap :                                   17592186044415 MB
    Max Processes :                              5
    Max Threads :                                51
    Run time :                                   198455 sec.
    Turnaround time :                            198572 sec.

The output (if any) follows:

Namespace(algo='ppo', debug=False, entropy_coef=0.01, env_id='fullgame-v1', episodes=100000.0, gamma=0.99, log_interval=100, lr=0.0001, model_path=None, opponent='socketAI', recurrent=False, render=0, saving_prefix='PPO_SP_Six_Single', value_loss_coef=0.1)
java -jar /seu_share/home/weiweiwu/uRTS/microrts/microrts/rts_wrapper/microrts-java.jar --map /seu_share/home/weiweiwu/uRTS/microrts/microrts/rts_wrapper/maps/6x6/fullgame6x6.xml --ai1_type socketAI --ai2_type socketAI --maxCycles 2000 --maxEpisodes 1000000000 --period 1 --render 0 --port1 46916 --port2 51344
Player0 Wait for Java client connection...
Player0: Send welcome msg to client...
Client: ack!
Player1 Wait for Java client connection...
Player1: Send welcome msg to client...
Client: ack!


PS:

Read file <14122.err> for stderr output of this job.

