Sender: LSF System <lsfadmin@gpu18>
Subject: Job 14142: <PPO_SP_Six_Paralell> in cluster <cluster1> Exited

Job <PPO_SP_Six_Paralell> was submitted from host <login02> by user <weiweiwu> in cluster <cluster1> at Fri Mar 12 12:02:36 2021
Job was executed on host(s) <gpu18>, in queue <gpu_v100>, as user <weiweiwu> in cluster <cluster1> at Fri Mar 12 12:06:56 2021
</seu_share/home/weiweiwu> was used as the home directory.
</seu_share/home/weiweiwu/uRTS/microrts/sub_job/ZT_FG_v1> was used as the working directory.
Started at Fri Mar 12 12:06:56 2021
Terminated at Mon Mar 15 10:58:20 2021
Results reported at Mon Mar 15 10:58:20 2021

Your job looked like:

------------------------------------------------------------
# LSBATCH: User input
#!/bin/bash
#BSUB -J PPO_SP_Six_Paralell
#BSUB -o %J.out
#BSUB -e %J.err
#BSUB -q gpu_v100
#BSUB -gpu num=1
JAVA_HOME=/seu_share/home/weiweiwu/wlocal/jdk/jdk-11.0.1
#JRE_HOME=${JAVA_HOME}/jre
CLASSPATH=.:${JAVA_HOME}/lib
PATH=$JAVA_HOME/bin:$PATH
PATH=/seu_share/home/weiweiwu/anaconda3/bin:$PATH
LD_LIBRARY_PATH=/seu_share/home/weiweiwu/anaconda3/lib:$LD_LIBRARY_PATH
export JAVA_HOME  CLASSPATH PATH 
cd ~/uRTS/microrts

python3 test_paralell.py  --algo ppo -lr 1e-4 --env-id  fullgame-v1 --render 0 --league None --saving-prefix PPO_SP_Six_Paralell --num-process 16

------------------------------------------------------------

TERM_OWNER: job killed by owner.
Exited with exit code 130.

Resource usage summary:

    CPU time :                                   573601.75 sec.
    Max Memory :                                 25363 MB
    Average Memory :                             23938.94 MB
    Total Requested Memory :                     -
    Delta Memory :                               -
    Max Swap :                                   -
    Max Processes :                              36
    Max Threads :                                740
    Run time :                                   255083 sec.
    Turnaround time :                            255344 sec.

The output (if any) follows:

None
cuda:0
league learning staring
None
All leagues participated are ['socketAI', 'socketAI', 'socketAI', 'socketAI', 'socketAI', 'socketAI', 'socketAI', 'socketAI', 'socketAI', 'socketAI', 'socketAI', 'socketAI', 'socketAI', 'socketAI', 'socketAI', 'socketAI']
16 16
fps 51.366126302582266
fps 65.23521494889896
fps 52.88367988143844
fps 61.014576036169345
fps 61.30691831763781
fps 56.85411078021664
fps 57.774956788533814
fps 58.28561398367723
fps 66.89263529561543
fps 59.26413781618157
fps 63.88692577836796
fps 61.245678161748124
fps 61.63842312816389
fps 61.834678726287365
fps 64.08561174391666
fps 62.41530328532886
fps 60.60842452323645
fps 66.74144613208837
fps 66.12760232827966
fps 68.9681094675595
fps 56.46439633803235
fps 73.81896625064911
fps 63.6213272769077
fps 60.43615545784519
fps 69.54770498518211
fps 69.66632741950912
fps 70.96847387752668
fps 66.37630095882344
fps 70.45749637326996
fps 62.445349856241315
fps 68.27329835249816
fps 64.53568937791252
fps 61.14622976133506
fps 63.48729998315595
fps 58.53026711874672
fps 66.52618555582661
fps 65.87295457234636
fps 75.38309407941311
fps 61.50449461760942
fps 74.49140625406801
fps 59.77103978531069
fps 82.43610536609806
fps 66.04305393092677
fps 72.48304289046972
fps 63.73320309519467
fps 67.60998174761534
fps 71.96909549470575
fps 66.53115152378972
fps 69.95285838664887
fps 64.98198177267065
fps 66.55173057986488
fps 74.2094476150866
fps 60.90915063606998
fps 76.05888280763655
fps 72.87589226901672
fps 72.85845328615143
fps 74.01917264027182
fps 71.69383547934638
fps 67.01255964741766
fps 69.64760471927622
fps 83.90217212197985
fps 67.70875763426895
fps 75.298597936345
fps 64.70661244228249
fps 73.72499738928785
fps 66.40853893963597
fps 75.96181685381961
fps 70.50871053992175
fps 79.32547631469977
fps 79.21893711747649
fps 77.22378564390127
fps 70.64401111758286
fps 71.69716263958827
fps 77.59983475615402
fps 72.36672374672898
fps 70.29207624033411
fps 68.42759360432807
fps 72.63725166587984
fps 71.83234924881272
fps 69.65581103802954
fps 64.20652778506357
fps 72.4429710043876
fps 67.92051407527907
fps 76.85471609335187
fps 77.0104394334927
fps 70.29792434684185
fps 71.11732201835432
fps 75.13956994304161
fps 71.0927589602215
fps 72.98418242644622
fps 75.49801217883989
fps 66.90786414499397
fps 79.74020503237463
fps 67.03454045878443
fps 76.59203636462901
fps 73.28159861183542
fps 76.20409622902763
fps 69.71984869873907
fps 65.48615787131142
fps 67.06813117655189
fps 73.26651338949256
fps 69.59104966841569
fps 79.34114471061525
fps 80.81021794745028
fps 75.41382268622115
fps 65.04365459729354
fps 65.87523914719088
fps 67.82150483729937
fps 64.40820954620435
fps 81.24975321074471
fps 74.36699998152373
fps 76.52562045653794
fps 78.19658876655724
fps 76.10074293669533
fps 78.83003951083435
fps 75.78751663337438
fps 71.80198244831118
fps 70.09109368614172
fps 69.11302214581329
fps 68.30044976551532
fps 73.87373435534276
fps 72.38193727804068
fps 71.50258486592713
fps 75.02142115263513
fps 74.99490694271935
fps 71.7682812169992
fps 71.66933194732545
fps 71.87200851194895
fps 77.14264773406218
fps 69.81883001150591
fps 74.880146834431
fps 72.01876528932301
fps 74.37457432691328
fps 72.82153793242794
fps 72.08204813839025
fps 65.76859190983193
fps 69.16945456101632
fps 76.04531169346207
fps 79.55065030242774
fps 77.04763394174613
fps 71.64226257811328
fps 77.37411098022432
fps 77.56203988164519
fps 69.31120150544619
fps 83.54668163147393
fps 75.42562167535868
fps 76.04673855236155
fps 73.06705695188667
fps 71.28908521993807
fps 74.62086432905522
fps 72.48618275044015
fps 78.01362740606278
fps 75.82770196432236
fps 75.02603864615416
fps 72.88514980184412
fps 76.04838366872491
fps 70.1051214893693
fps 74.37269578231265
fps 76.00258736167946
fps 81.64535139651227
fps 82.8449690345978
fps 79.28097724603579
fps 75.1851407734288
fps 75.62567540528418
fps 68.81724346691063
fps 83.89372030597542
fps 72.95190439767535
fps 73.10811496349926
fps 72.19904178232503
fps 75.10596905845594
fps 78.28197927372818
fps 74.26334357540038
fps 78.82217887363579
fps 76.43767192296313
fps 75.70903535360883
fps 72.34401475415991
fps 74.93733584435464
fps 73.43572650771641
fps 77.64560570920136
fps 80.54820632917662
fps 79.45448720501754
fps 71.63135585407132
fps 74.74071418751173
fps 71.5908909809806
fps 79.09848090699487
fps 74.59633880018148
fps 80.06639455005754
fps 72.52245189011066
fps 79.85869918855762
fps 76.99977014416527
fps 82.54834100254557
fps 70.15369721574069
fps 82.75985921474759
fps 70.92716711521082
fps 78.983381671683
fps 70.87294930016746
fps 76.04063793788458
fps 83.24455727613125
fps 76.29037092792514
fps 81.54805357389276
fps 70.61324053017432
fps 80.58978638290586
fps 73.23957175094543
fps 78.84169104062796
fps 84.9373119499303
fps 74.37397846744558
fps 81.92495910018538
fps 76.9455000061187
fps 77.43149125920336
fps 76.9848765037917
fps 77.93975513580958
fps 79.2523305645888
fps 76.36319758099872
fps 80.89000218580274
fps 72.84285378792308
fps 92.40961150807127
fps 77.48816119678146
fps 71.30536180750089
fps 81.89120132762686
fps 76.72183100088635
fps 76.71162226721479
fps 77.58592269027908
fps 77.53749251945794
fps 81.45040026261093
fps 71.0545607795125
fps 75.97567058217477
fps 77.96320245096386
fps 83.97309722696782
fps 81.14695519547683
fps 78.79712026323395
fps 74.99535372395376
fps 80.00993451447387
fps 81.48928704039335
fps 80.32137125836364
fps 78.47893503599198
fps 76.94684623913166
fps 73.22100656006296
fps 80.87480051644526
fps 70.85493388698323
fps 78.16572112012003
fps 76.29177464718978
fps 75.38412631228002
fps 76.91719159106763
fps 73.93047360103445
fps 77.70984724148497
fps 77.14932592862928
fps 72.9679437633203
fps 71.80088289319458
fps 75.1559675953205
fps 78.97949459543327
fps 78.6626451600628
fps 77.54970412634586
fps 81.4917768280856
fps 78.01450937964353
fps 76.05158939406539
fps 76.87294683843446
fps 78.3117545536483
fps 70.90956888654043
fps 79.80048176738539
fps 75.84565637027782
fps 80.17640043341771
fps 79.19384058941587
fps 75.7681993531086
fps 74.11197142800076
fps 80.62389859144433
fps 81.85491874484121
fps 77.78600494067373
fps 83.16807307960885
fps 81.25021565238907
fps 77.76602469763284
fps 76.8968854585323
fps 79.98093229924712
fps 81.89292135380293
fps 82.55807272011353
fps 76.58455015264275
fps 81.24367664016566
fps 75.03989151707043
fps 78.59349556996533
fps 82.56632479610478
fps 82.00990325633501
fps 82.76019234302368
fps 77.70384747590184
fps 83.02542577503851
fps 76.27449736150614
fps 79.51501969714339
fps 81.20275603939477
fps 77.32776592570376
fps 74.62339619266811
fps 82.80985997649698
fps 73.41466224253153
fps 79.72162651739903
fps 80.00963079030444
fps 82.38536841632519
fps 87.52624465594062
fps 81.60098646185347
fps 78.11579801623907
fps 83.26658999715877
fps 78.13871205661498
fps 77.03066411931862
fps 73.36227511506236
fps 68.34005067524468
fps 75.46464365371018
fps 75.56574580246402
fps 83.91626468040555
fps 79.95990274828672
fps 76.05063403430687
fps 90.0605964414219
fps 74.08645420426399
fps 81.28145893093506
fps 75.19390829887487
fps 79.99014575285626
fps 79.69760542157536
fps 77.70925559175063
fps 78.67584051640324
fps 78.72412033878658
fps 76.1268648146187
fps 87.9604472803248
fps 90.41301316385233
fps 79.61090296071079
fps 79.84925072476975
fps 76.27925583326216
fps 79.85372938483549
fps 73.42783665728264
fps 77.35042452800775
fps 79.23108153327868
fps 70.24137990594078
fps 80.75246300835933
fps 74.71580886199983
fps 75.57751535294639
fps 79.42606038908319
fps 75.73367215526001
fps 81.2980027949251
fps 75.38637285016283
fps 81.95318393661829
fps 85.08584443605966
fps 84.2506511024636
fps 79.81038653017151
fps 76.19773388917632
fps 81.41017158303546
fps 79.52902707825525
fps 81.92821942461137
fps 80.54179325590151
fps 73.22803977761205
fps 79.37804635708119
fps 78.07890493579295
fps 80.76428205295088
fps 80.30914443663303
fps 79.05194934428367
fps 85.20007928781736
fps 78.96143289609122
fps 81.31100498974985
fps 79.82756430838596
fps 72.36864817866984
fps 76.56728276583131
fps 81.25347630558156
fps 76.73073609790063
fps 72.51497731119662
fps 74.37201835580802
fps 80.89425570279923
fps 74.97251343939685
fps 73.91559617702109
fps 82.16893596719265
fps 77.2619500315589
fps 74.7932248566686
fps 72.75927737662481
fps 74.11744715850125
fps 78.2433516856371
fps 73.88140278306719
fps 73.50289639281962
fps 75.61956615104687
fps 77.26734404850464
fps 77.39897328864201
fps 75.37808285936796
fps 80.25883607816183
fps 78.04959980532931
fps 82.66545593085254
fps 73.07348136264099
fps 81.66504028876244
fps 80.22875924530011
fps 74.13425190868082
fps 72.35797433476458
fps 75.18032074394606
fps 75.81795291374387
fps 76.89121530744924
fps 77.39680336011195
fps 74.54570358872857
fps 72.2341755666836
fps 78.34761583801483
fps 76.5679170832207
fps 76.08255276520353
fps 73.31757932461618
fps 72.24857207501
fps 81.15316500101137
fps 78.42009562440268
fps 78.19831554830854
fps 75.50252679035263
fps 74.86022271655793
fps 75.78555978820913
fps 71.51590361854102
fps 80.51488937587631
fps 74.60791470788207
fps 82.4733427720025
fps 80.43035346849132
fps 71.65731324826528
fps 71.13932581823191
fps 77.06482160140342
fps 76.76959251278005
fps 73.98774740839444
fps 76.17395115059233
fps 76.44364501762472
fps 80.43852966417028
fps 75.15582358413316
fps 84.90225180992152
fps 77.99235525773089
fps 80.06136801176962
fps 78.24784268818199
fps 80.62023906889594
fps 76.2192312584922
fps 82.80450474100769
fps 74.14178858025045
fps 81.16657375611611
fps 71.048832456243
fps 78.0586010854198
fps 78.86741578081063
fps 82.29028791288988
fps 84.01736164350116
fps 76.32349677250947
fps 75.4727326042978
fps 76.25890336631588
fps 74.16819101125569
fps 85.19903655791182
fps 81.8814707299217
fps 81.71235386704775
fps 76.32444641329188
fps 79.81904626699834
fps 79.84084289562881
fps 81.045476862624
fps 73.63338827783511
fps 72.80059348838166
fps 74.52190278050901
fps 74.84610444704313
fps 74.2299914443924
fps 79.10717053889049
fps 77.16361357163133
fps 70.88916047811215
fps 75.87747435872329
fps 79.43455211068628
fps 76.26133667226746
fps 76.21747123156014
fps 77.93625013879762
fps 73.99410426916504
fps 79.26007353593248
fps 78.26302168897
fps 80.88040696691877
fps 76.0418174165127
fps 74.89845799745751
fps 73.18127989906915
fps 78.48824804082572
fps 78.76950887672155
fps 75.42269660925656
fps 75.4133978541627
fps 73.67947765686529
fps 72.74526339534536
fps 73.76180328224126
fps 75.47440076818428
fps 68.18674063085827
fps 72.87541055607517
fps 75.7389949828855
fps 72.34259088533811
fps 80.91698361255881
fps 75.41399285767616
fps 74.53669713245519
fps 73.40217425361254
fps 73.40041435393888
fps 81.12641932610778
fps 72.52212272606674
fps 68.2598427655152
fps 71.66321434419973
fps 76.18313408158758
fps 72.33227134446697
fps 71.31147954013304
fps 76.37480773688056
fps 77.77028244158956
fps 69.93244711371547
fps 74.100773002183
fps 74.75010997285109
fps 78.66453394451909
fps 71.5422192877843
fps 74.79760146435741
fps 69.70453173886716
fps 73.45829794875193
fps 71.43920529406026
fps 70.45625741758627
fps 70.55637113215946
fps 73.30661814055613
fps 71.96474512386551
fps 76.73008179700096
fps 70.31428643850055
fps 75.50040175533991
fps 77.44106444832254
fps 78.13393109468647
fps 75.53908571748852
fps 79.96291783513827
fps 77.07286264232384
fps 72.42261059269846
fps 73.02284567375645
fps 70.41301013213887
fps 69.44505071486331
fps 77.80573430131118
fps 74.13312373891537
fps 73.80997964156299
fps 76.27193561344023
fps 74.8120382885642
fps 71.02343053106013
fps 71.50057511312052
fps 75.6866881811853
fps 76.51173181163186
fps 73.94894736762012
fps 76.36298251968033
fps 70.70558945838201
fps 73.63540466514156
fps 74.93378183001231
fps 78.93217671135216
fps 70.6201901789191
fps 71.2656134135832
fps 74.24836072671242
fps 74.05962182771121
fps 69.06906648522832
fps 72.04573293625124
fps 80.76729473024884
fps 82.39682050297638
fps 76.29629309191311
fps 73.75819046446347
fps 78.10861372466692
fps 71.09242088106974
fps 73.85857208298955
fps 70.95964458604291
fps 69.8023441555027
fps 68.53252495542165
fps 76.87976002358548
fps 71.47362810018036
fps 71.10308845524067
fps 76.79786953175808
fps 71.54311316520446
fps 74.90206935553694
fps 69.98178025679805
fps 73.44030597454368
fps 76.21935271131251
fps 69.02128030384918
fps 73.52513029876665
fps 80.08676047897329
fps 73.23956415756314
fps 71.75494709844604
fps 76.8003183704604
fps 74.20973565144571
fps 69.67986953024622
fps 70.539524796745
fps 72.33116811761106
fps 79.5964465148922
fps 71.4200953463664
fps 70.17877617503514
fps 71.61291603050526
fps 70.74994519316645
fps 68.89386787855896
fps 70.054942868204
fps 75.09886329539742
fps 71.65713879667072
fps 69.53266031279011
fps 69.77446464079537
fps 72.73923337583204
fps 75.37605668131008
fps 69.52116089495571
fps 72.63838241163252
fps 71.7629842398002
fps 76.9173713478109
fps 75.38430752752967
fps 72.34523340828042
fps 77.29674772143218
fps 63.783058306033844
fps 69.21291330905645
fps 70.73364865826595
fps 75.60181894408824
fps 82.29264413700363
fps 75.16941348317047
fps 79.22814934946202
fps 68.75405644017782
fps 73.69907225947362
fps 73.52989832757584
fps 72.15799260674821
fps 68.67746871728514
fps 71.46533713856826
fps 71.10256020984025
fps 75.4946125188721
fps 73.62551090713265
fps 72.63389155702188
fps 70.61116084296599
fps 75.88937168773147
fps 71.79960469213812
fps 77.09659691147344
fps 75.2883605079534
fps 76.0759992395128
fps 76.25157258321902
fps 72.04728104536343
fps 71.59623942446778
fps 72.4877528215871
fps 75.42604825585798
fps 70.37773851379475
fps 75.32453202478597
fps 73.33651601642966
fps 74.88431485856619
fps 72.24060108573336
fps 76.59801822220656
fps 69.85661717322232
fps 71.46013538610042
fps 75.47165660853646
fps 77.40393488312299
fps 75.61380454717525
fps 75.37253517347084
fps 73.10908105402874
fps 74.44283035398233
fps 76.89732998875581
fps 72.40463407600843
fps 73.55258236149822
fps 73.26182712408661
fps 75.88500857165138
fps 74.49511689452447
fps 74.20364206662873
fps 73.21437870078574
fps 79.10211015045559
fps 70.57818174024534
fps 71.69772702669893
fps 75.40755204776393
fps 69.16210428836628
fps 71.87592943396756
fps 78.97977307424273
fps 42.462643075689876
fps 75.11678476388848
fps 70.74694685939883
fps 76.16460645163384
fps 83.18552385645334
fps 77.70725394777654
fps 74.38943887175114
fps 73.26743135664938
fps 75.14086424102611
fps 71.68910041148125
fps 74.70681897426266
fps 74.06687544836272
fps 72.00118782191056
fps 74.69598007223104
fps 76.68554075161072
fps 77.33941358567597
fps 76.05433891290788
fps 70.27966099336831
fps 70.65651511786481
fps 69.68894614539812
fps 74.06718477769378
fps 77.96682907784877
fps 75.51780190201718
fps 76.41055950368727
fps 75.98282917051905
fps 68.81027801259417
fps 70.72261016851705
fps 69.38961788880114
fps 69.04928912543228
fps 68.23249038210369
fps 68.14564464907218
fps 71.22608068507068
fps 74.05602341745171
fps 70.88786885505789
fps 74.6455056241958
fps 70.68296814622808
fps 70.78939193712075
fps 77.66601910210657
fps 72.08472392599545
fps 68.75217941746234
fps 71.18839136593395
fps 71.16022224395415
fps 76.06338931172552
fps 68.38553906264062
fps 73.86125595724198
fps 68.50441966485614
fps 70.41840200004155
fps 69.79284137715149
fps 66.44631411402831
fps 70.11578944662922
fps 70.21999662210044
fps 74.73694241854548
fps 71.42962364851502
fps 72.12131439014186
fps 67.05933598622066
fps 73.90198281385199
fps 71.20775475783526
fps 68.64812114174738
fps 70.55311340216586
fps 70.7968820846048
fps 71.72886664757826
fps 68.989193371821
fps 69.71805741862813
fps 66.9276399467302
fps 69.84505499510695
fps 76.19295729501036
fps 75.2718791203562
fps 75.87781177942453
fps 76.68944525353629
fps 69.29898181416063
fps 77.15075948385183
fps 67.31659074742704
fps 72.33205523377856
fps 75.11428472029218
fps 76.52352819100439
fps 69.24544594523863
fps 67.18837014842448
fps 69.57005922090077
fps 70.31441256658492
fps 66.4395883940503
fps 68.67192181909805
fps 68.07200679159752
fps 64.69428177952548
fps 64.79590396906434
fps 71.65210355628564
fps 70.35577521676254
fps 70.42455486279026
fps 66.58087724397005
fps 69.25612122813179
fps 69.25550342895365
fps 68.18783322439657
fps 65.32872757780409
fps 66.72077115858346
fps 69.29408941996134
fps 66.56080466402459
fps 71.6113010222817
fps 67.04563413404144
fps 68.94753656560836
fps 67.04925506666957
fps 69.15170750769767
fps 65.35001519693537
fps 54.68039869994194
fps 64.22075246705455
fps 65.47864543845115
fps 62.60463826203328
fps 67.73317428172267
fps 74.09113801443054
fps 70.11966659152628
fps 65.43851272005611
fps 70.92151402733619
fps 68.07659057103398
fps 66.16272773066954
fps 65.17940512948243
fps 65.00090153350115
fps 68.58233923588628
fps 70.23655327442373
fps 70.60256596329445
fps 71.75690994866466
fps 65.07871992570144
fps 71.16895080039387
fps 71.30145834254455
fps 69.7538620917337
fps 66.37894801101808
fps 66.73689583379905
fps 54.09021178790538
fps 65.11645657797679
fps 68.47755746795175
fps 69.83487105485602
fps 66.89633207851128
fps 65.98771283071684
fps 72.72969837239376
fps 69.66643684173776
fps 66.62163711654517
fps 71.65151028106605
fps 70.68486094819622
fps 67.52852222983857
fps 68.38865446992506
fps 68.56811442920738
fps 68.23137623892029
fps 61.20974875558593
fps 66.72674050894138
fps 64.54766599426725
fps 66.29519227790881
fps 67.57090329567491
fps 66.09495561594925
fps 63.14971925320097
fps 63.36112690579081
fps 65.4812064902351
fps 67.80382760308478
fps 65.46849686500586
fps 67.16322517566171
fps 64.86553751526345
fps 69.4475220126733
fps 69.84434951853959
fps 71.50713638597007
fps 61.82030254813654
fps 64.58253616875477
fps 64.12380936189906
fps 63.52875146256931
fps 63.3572180336286
fps 60.403463986230406
fps 62.14995777500585
fps 64.40168142422127
fps 72.93082689025863
fps 66.36796751749728
fps 68.18889619839625
fps 65.19368033570369
fps 70.50056200120822
fps 69.22118029694663
fps 70.54592569673743
fps 68.89271343168639
fps 69.44099854944808
fps 67.27336466586276
fps 70.01845411364296
fps 68.34454937701646
fps 66.16101953335081
fps 66.36820925300607
fps 66.98142487311073
fps 67.23366009435243
fps 66.25701341396288
fps 69.2515383840589
fps 64.06556508554367
fps 68.98604641332508
fps 67.20267900709659
fps 67.40159228316061
fps 65.13733337575209
fps 66.2913909828892
fps 69.62860606868158
fps 65.51004912806792
fps 71.39969955932021
fps 67.08757704471614
fps 63.68493432095044
fps 68.77320767402621
fps 68.42299062087119
fps 66.05324762997064
fps 67.87412905833479
fps 65.79304630003081
fps 64.69287020523487
fps 73.22067957244505
fps 64.71394020787788
fps 63.798370267143405
fps 70.76020395255898
fps 65.07940612786638
fps 68.61639775357256
fps 67.09558283195192
fps 68.31449918586897
fps 67.91871940706947
fps 68.43517289481557
fps 69.9637952967441
fps 67.7462599027571
fps 71.49550739012543
fps 67.033595729237
fps 68.7569920646244
fps 65.93607725810351
fps 60.47685581525871
fps 59.57349685768941
fps 67.65967212136495
fps 66.9532660825959
fps 67.20707652362118
fps 69.87708788067924
fps 68.88545727914705
fps 68.86718580877259
fps 67.04371400274297
fps 70.58109481906884
fps 69.63610836888424
fps 50.04442761622677
fps 67.89948506085268
fps 71.01548663820896
fps 68.9602344491186
fps 67.49336092092128
fps 65.78200794300363
fps 66.9891870803998
fps 70.60751122898854
fps 69.35079388327094
fps 66.83417640382457
fps 67.79972420573365
fps 66.49678457138535
fps 70.58914845733835
fps 69.08158104703512
fps 67.25091548599536
fps 65.27419800441542
fps 67.95584107105095
fps 68.08342422766358
fps 60.236707321217224
fps 70.65812662783415
fps 69.41948108439128
fps 68.45978316027454
fps 70.81373546385639
fps 71.66670795590409
fps 69.79667526546933
fps 68.02269227584601
fps 68.585119606001
fps 65.0801420773106
fps 66.84555727767098
fps 69.92264019272135
fps 68.37127449407987
fps 70.7811833247712
fps 66.66805482152012
fps 72.28824349038356
fps 67.75621569303934
fps 69.51125549993814
fps 52.896546223014916
fps 69.0312465686307
fps 71.30501564219563
fps 66.254959546822
fps 68.62780751873626
fps 70.13135827851448
fps 67.13433530388897
fps 67.98619863086567
fps 66.59814480487917
fps 64.21971207946811
fps 69.31646045515856
fps 69.59401873720267
fps 67.89546514616885
fps 69.79093740133648
fps 70.64639512908367
fps 70.49668801720198
fps 70.49570205556016
fps 66.86202678125059
fps 51.45674269374594
fps 70.17164296374447
fps 68.26366214612825
fps 68.38498735905904
fps 72.14860890284031
fps 68.29988768645964
fps 65.1361951789637
fps 68.83793433985534
fps 71.74886166408578
fps 78.59997026198081
fps 66.13310065335229
fps 68.3959106139861
fps 68.20280084629289
fps 69.70500292513049
fps 72.11379370595004
fps 71.22275378958267
fps 68.52384424370901
fps 71.66655787283307
fps 71.6758221841401
fps 73.8364421097636
fps 70.70937259558974
fps 69.24417365754977
fps 66.6551086811023
fps 71.72147365129894
fps 69.86123267285879
fps 70.47618777973592
fps 66.96387655999125
fps 67.90634071856583
fps 68.66914614129887
fps 70.7324541707149
fps 71.47323196204805
fps 70.27663166308962
fps 69.33084735628987
fps 71.12004778093343
fps 71.79310953138396
fps 68.75643667602748
fps 70.91921468715702
fps 71.50340910979358
fps 70.55988296050603
fps 69.3712010781197
fps 70.91816748339285
fps 71.22660086421628
fps 69.26997135619102
fps 68.56388256055983
fps 72.2853921000964
fps 71.23535720690325
fps 68.89362981448609
fps 71.85244062776815
fps 70.75734940645873
fps 65.21995232720775
fps 69.9431563253098
fps 67.92034868247632
fps 74.98185072742369
fps 68.86987136276707
fps 71.08401700628787
fps 69.21387185232085
fps 68.49999896906318
fps 70.508415773655
fps 71.32790175683107
fps 68.42633019198718
fps 72.26904175108783
fps 73.04378488593649
fps 72.70508607770834
fps 70.74935535160826
fps 70.95805343109429
fps 69.79572170817968
fps 66.93612822588352
fps 70.37961780827398
fps 70.28925845469689
fps 71.47986975842642
fps 70.7489080541916
fps 69.1392593443507
fps 74.33444805767374
fps 71.17592436224221
fps 71.5086637206822
fps 70.48485489203449
fps 67.81071849860426
fps 68.42004054688563
fps 67.77774829683659
fps 71.23557467799418
fps 73.67297650292211
fps 69.44492603353774
fps 71.65681338550577
fps 68.75905167377846
fps 72.2308576984468
fps 68.93916568931255
fps 70.91076838958257
fps 71.93687846365225
fps 69.36758436755355
fps 69.13022229829183
fps 69.81434103968053
fps 69.80555012926364
fps 70.66678422830854
fps 71.57758742007736
fps 70.79835174258434
fps 73.39902735137956
fps 70.47597751092498
fps 70.3683203778005
fps 72.2381174425773
fps 71.47526568011536
fps 69.98211413130184
fps 73.81341348154591
fps 70.9465424737853
fps 70.95742335135768
fps 69.42978421097811
fps 73.63170379803574
fps 73.35057948211953
fps 70.00691389177832
fps 72.21248747362222
fps 70.6678642799629
fps 71.62591799463947
fps 71.63104275739032
fps 72.45986449430454
fps 70.78885639520013
fps 73.18879397886943
fps 70.6263096772912
fps 75.52161610018379
fps 71.65847344949194
fps 72.31926591713155
fps 71.06874850149865
fps 71.72538767122083
fps 73.85541185489119
fps 76.47813666338749
fps 68.61603195277043
fps 73.04573651230176
fps 71.52376151822097
fps 67.89101067114017
fps 72.64641901677507
fps 71.58009677867568
fps 75.40278962190524
fps 69.81731982275518
fps 74.61160693592345
fps 72.65499353946404
fps 72.70419183584993
fps 71.30705510355787
fps 72.00690563815868
fps 72.83300498108372
fps 75.57591650433214
fps 71.59118341156217
fps 72.60858838507285
fps 71.54357620554104
fps 66.39072245978761
fps 72.52093368503652
fps 74.13186195905504
fps 72.69547607939566
fps 70.10910585470849
fps 73.07368585357018
fps 75.44250953846496
fps 74.58005080628868
fps 70.57485104166263
fps 73.21062578922235
fps 70.50053756020321
fps 75.95243687576206
fps 76.41508219771124
fps 71.46612589552733
fps 69.33996860250431
fps 70.67627439346914
fps 75.0244962592467
fps 74.1856446673953
fps 73.99286459435787
fps 73.14045312429715
fps 71.39487892535311
fps 72.66994883972824
fps 74.7963077104423
fps 76.62220739010192
fps 72.99571886186364
fps 72.89297190867595
fps 74.31679124408242
fps 74.07607607568052
fps 74.45416974938516
fps 73.84564058558998
fps 70.25191177101584
fps 71.87760405421655
fps 75.13712441031068
fps 74.21918366279537
fps 72.97273001736924
fps 73.51532195940507
fps 73.84896486587853
fps 73.11341595290642
fps 75.22339543648913
fps 74.76579496796872
fps 71.89750639092443
fps 72.39696718522842
fps 73.72900281163956
fps 75.91954114687957
fps 75.83495960979874
fps 63.62423966122996
fps 73.51520695794137
fps 72.75356107661308
fps 72.9854329039686
fps 77.40095140470221
fps 72.32971614429965
fps 74.76033120935834
fps 73.34362378588169
fps 73.76986456924014
fps 77.20328864104904
fps 74.59917408145562
fps 72.29780266139838
fps 71.99987922784082
fps 74.17712961670296
fps 76.05977639352862
fps 77.65076249959992
fps 56.89303680897247
fps 74.83107054254091
fps 75.50147483337818
fps 74.43211686791263
fps 74.93803289711606
fps 73.97641613757963
fps 72.82305397239567
fps 72.86709550255556
fps 74.33657507395243
fps 75.7852727402577
fps 73.33384569910187
fps 74.09027429961206
fps 73.04013354883647
fps 73.21026511081386
fps 74.87698555180202
fps 73.1314195981105
fps 73.21825126347808
fps 74.5011080015429
fps 74.67331186048155
fps 75.4274022909496
fps 75.38176229521225
fps 74.58016186967414
fps 74.85589246642644
fps 74.426199004958
fps 74.35101090873431
fps 73.43409187989249
fps 73.55860777976282
fps 72.97772220265652
fps 73.87539121705342
fps 75.36153373502576
fps 73.77511711074654
fps 74.21992594548631
fps 69.87067362817467
fps 72.06393839045136
fps 72.279037003336
java -jar /seu_share/home/weiweiwu/uRTS/microrts/microrts/rts_wrapper/microrts-java.jar --map /seu_share/home/weiweiwu/uRTS/microrts/microrts/rts_wrapper/maps/6x6/fullgame6x6.xml --ai1_type socketAI --ai2_type socketAI --maxCycles 2000 --maxEpisodes 100000 --period 1 --render 0 --port1 47542 --port2 47296
Player0 Wait for Java client connection...
Player0: Send welcome msg to client...
Client: ack!
Player1 Wait for Java client connection...
Player1: Send welcome msg to client...
Client: ack!
Server: Send reset command...
Server: Send reset command...
Client received info:
--map
/seu_share/home/weiweiwu/uRTS/microrts/microrts/rts_wrapper/maps/6x6/fullgame6x6.xml
--ai1_type
socketAI
--ai2_type
socketAI
--maxCycles
2000
--maxEpisodes
100000
--period
1
--render
0
--port1
47542
--port2
47296
GymSocketAI: welcome message received
GymSocketAI: welcome message received

java -jar /seu_share/home/weiweiwu/uRTS/microrts/microrts/rts_wrapper/microrts-java.jar --map /seu_share/home/weiweiwu/uRTS/microrts/microrts/rts_wrapper/maps/6x6/fullgame6x6.xml --ai1_type socketAI --ai2_type socketAI --maxCycles 2000 --maxEpisodes 100000 --period 1 --render 0 --port1 37830 --port2 41825
Player0 Wait for Java client connection...
Player0: Send welcome msg to client...
Client: ack!
Player1 Wait for Java client connection...
Player1: Send welcome msg to client...
Client: ack!
Server: Send reset command...
Server: Send reset command...
Client received info:
--map
/seu_share/home/weiweiwu/uRTS/microrts/microrts/rts_wrapper/maps/6x6/fullgame6x6.xml
--ai1_type
socketAI
--ai2_type
socketAI
--maxCycles
2000
--maxEpisodes
100000
--period
1
--render
0
--port1
37830
--port2
41825
GymSocketAI: welcome message received
client request for connecting to server...
GymSocketAI: welcome message received

java -jar /seu_share/home/weiweiwu/uRTS/microrts/microrts/rts_wrapper/microrts-java.jar --map /seu_share/home/weiweiwu/uRTS/microrts/microrts/rts_wrapper/maps/6x6/fullgame6x6.xml --ai1_type socketAI --ai2_type socketAI --maxCycles 2000 --maxEpisodes 100000 --period 1 --render 0 --port1 44039 --port2 45817
Player0 Wait for Java client connection...
Player0: Send welcome msg to client...
Client: ack!
Player1 Wait for Java client connection...
Player1: Send welcome msg to client...
Client: ack!
Server: Send reset command...
Server: Send reset command...
Client received info:
--map
/seu_share/home/weiweiwu/uRTS/microrts/microrts/rts_wrapper/maps/6x6/fullgame6x6.xml
--ai1_type
socketAI
--ai2_type
socketAI
--maxCycles
2000
--maxEpisodes
100000
--period
1
--render
0
--port1
44039
--port2
45817
GymSocketAI: welcome message received
GymSocketAI: welcome message received

java -jar /seu_share/home/weiweiwu/uRTS/microrts/microrts/rts_wrapper/microrts-java.jar --map /seu_share/home/weiweiwu/uRTS/microrts/microrts/rts_wrapper/maps/6x6/fullgame6x6.xml --ai1_type socketAI --ai2_type socketAI --maxCycles 2000 --maxEpisodes 100000 --period 1 --render 0 --port1 55207 --port2 36247
Player0 Wait for Java client connection...
Player0: Send welcome msg to client...
Client: ack!
Player1 Wait for Java client connection...
Player1: Send welcome msg to client...
Client: ack!
Server: Send reset command...
Server: Send reset command...
Client received info:
--map
/seu_share/home/weiweiwu/uRTS/microrts/microrts/rts_wrapper/maps/6x6/fullgame6x6.xml
--ai1_type
socketAI
--ai2_type
socketAI
--maxCycles
2000
--maxEpisodes
100000
--period
1
--render
0
--port1
55207
--port2
36247
GymSocketAI: welcome message received
client request for connecting to server...
GymSocketAI: welcome message received

java -jar /seu_share/home/weiweiwu/uRTS/microrts/microrts/rts_wrapper/microrts-java.jar --map /seu_share/home/weiweiwu/uRTS/microrts/microrts/rts_wrapper/maps/6x6/fullgame6x6.xml --ai1_type socketAI --ai2_type socketAI --maxCycles 2000 --maxEpisodes 100000 --period 1 --render 0 --port1 59617 --port2 46131
Player0 Wait for Java client connection...
Player0: Send welcome msg to client...
Client: ack!
Player1 Wait for Java client connection...
Player1: Send welcome msg to client...
Client: ack!
Server: Send reset command...
Server: Send reset command...
Client received info:
--map
/seu_share/home/weiweiwu/uRTS/microrts/microrts/rts_wrapper/maps/6x6/fullgame6x6.xml
--ai1_type
socketAI
--ai2_type
socketAI
--maxCycles
2000
--maxEpisodes
100000
--period
1
--render
0
--port1
59617
--port2
46131
GymSocketAI: welcome message received
GymSocketAI: welcome message received

java -jar /seu_share/home/weiweiwu/uRTS/microrts/microrts/rts_wrapper/microrts-java.jar --map /seu_share/home/weiweiwu/uRTS/microrts/microrts/rts_wrapper/maps/6x6/fullgame6x6.xml --ai1_type socketAI --ai2_type socketAI --maxCycles 2000 --maxEpisodes 100000 --period 1 --render 0 --port1 41725 --port2 45251
Player0 Wait for Java client connection...
Player0: Send welcome msg to client...
Client: ack!
Player1 Wait for Java client connection...
Player1: Send welcome msg to client...
Client: ack!
Server: Send reset command...
Server: Send reset command...
ParallelVecEnv worker: got KeyboardInterrupt
Client received info:
--map
/seu_share/home/weiweiwu/uRTS/microrts/microrts/rts_wrapper/maps/6x6/fullgame6x6.xml
--ai1_type
socketAI
--ai2_type
socketAI
--maxCycles
2000
--maxEpisodes
100000
--period
1
--render
0
--port1
41725
--port2
45251
GymSocketAI: welcome message received
GymSocketAI: welcome message received

java -jar /seu_share/home/weiweiwu/uRTS/microrts/microrts/rts_wrapper/microrts-java.jar --map /seu_share/home/weiweiwu/uRTS/microrts/microrts/rts_wrapper/maps/6x6/fullgame6x6.xml --ai1_type socketAI --ai2_type socketAI --maxCycles 2000 --maxEpisodes 100000 --period 1 --render 0 --port1 46869 --port2 33254
Player0 Wait for Java client connection...
Player0: Send welcome msg to client...
Client: ack!
Player1 Wait for Java client connection...
Player1: Send welcome msg to client...
Client: ack!
Server: Send reset command...
Server: Send reset command...
Client received info:
--map
/seu_share/home/weiweiwu/uRTS/microrts/microrts/rts_wrapper/maps/6x6/fullgame6x6.xml
--ai1_type
socketAI
--ai2_type
socketAI
--maxCycles
2000
--maxEpisodes
100000
--period
1
--render
0
--port1
46869
--port2
33254
GymSocketAI: welcome message received
client request for connecting to server...
GymSocketAI: welcome message received

java -jar /seu_share/home/weiweiwu/uRTS/microrts/microrts/rts_wrapper/microrts-java.jar --map /seu_share/home/weiweiwu/uRTS/microrts/microrts/rts_wrapper/maps/6x6/fullgame6x6.xml --ai1_type socketAI --ai2_type socketAI --maxCycles 2000 --maxEpisodes 100000 --period 1 --render 0 --port1 52625 --port2 50216
Player0 Wait for Java client connection...
Player0: Send welcome msg to client...
Client: ack!
Player1 Wait for Java client connection...
Player1: Send welcome msg to client...
Client: ack!
Server: Send reset command...
Server: Send reset command...
Client received info:
--map
/seu_share/home/weiweiwu/uRTS/microrts/microrts/rts_wrapper/maps/6x6/fullgame6x6.xml
--ai1_type
socketAI
--ai2_type
socketAI
--maxCycles
2000
--maxEpisodes
100000
--period
1
--render
0
--port1
52625
--port2
50216
GymSocketAI: welcome message received
client request for connecting to server...
GymSocketAI: welcome message received

java -jar /seu_share/home/weiweiwu/uRTS/microrts/microrts/rts_wrapper/microrts-java.jar --map /seu_share/home/weiweiwu/uRTS/microrts/microrts/rts_wrapper/maps/6x6/fullgame6x6.xml --ai1_type socketAI --ai2_type socketAI --maxCycles 2000 --maxEpisodes 100000 --period 1 --render 0 --port1 37117 --port2 45182
Player0 Wait for Java client connection...
Player0: Send welcome msg to client...
Client: ack!
Player1 Wait for Java client connection...
Player1: Send welcome msg to client...
Client: ack!
Server: Send reset command...
Server: Send reset command...
Client received info:
--map
/seu_share/home/weiweiwu/uRTS/microrts/microrts/rts_wrapper/maps/6x6/fullgame6x6.xml
--ai1_type
socketAI
--ai2_type
socketAI
--maxCycles
2000
--maxEpisodes
100000
--period
1
--render
0
--port1
37117
--port2
45182
GymSocketAI: welcome message received
client request for connecting to server...
GymSocketAI: welcome message received

java -jar /seu_share/home/weiweiwu/uRTS/microrts/microrts/rts_wrapper/microrts-java.jar --map /seu_share/home/weiweiwu/uRTS/microrts/microrts/rts_wrapper/maps/6x6/fullgame6x6.xml --ai1_type socketAI --ai2_type socketAI --maxCycles 2000 --maxEpisodes 100000 --period 1 --render 0 --port1 42512 --port2 42331
Player0 Wait for Java client connection...
Player0: Send welcome msg to client...
Client: ack!
Player1 Wait for Java client connection...
Player1: Send welcome msg to client...
Client: ack!
Server: Send reset command...
Server: Send reset command...
Client received info:
--map
/seu_share/home/weiweiwu/uRTS/microrts/microrts/rts_wrapper/maps/6x6/fullgame6x6.xml
--ai1_type
socketAI
--ai2_type
socketAI
--maxCycles
2000
--maxEpisodes
100000
--period
1
--render
0
--port1
42512
--port2
42331
GymSocketAI: welcome message received
GymSocketAI: welcome message received

java -jar /seu_share/home/weiweiwu/uRTS/microrts/microrts/rts_wrapper/microrts-java.jar --map /seu_share/home/weiweiwu/uRTS/microrts/microrts/rts_wrapper/maps/6x6/fullgame6x6.xml --ai1_type socketAI --ai2_type socketAI --maxCycles 2000 --maxEpisodes 100000 --period 1 --render 0 --port1 49602 --port2 43321
Player0 Wait for Java client connection...
Player0: Send welcome msg to client...
Client: ack!
Player1 Wait for Java client connection...
Player1: Send welcome msg to client...
Client: ack!
Server: Send reset command...
Server: Send reset command...
Client received info:
--map
/seu_share/home/weiweiwu/uRTS/microrts/microrts/rts_wrapper/maps/6x6/fullgame6x6.xml
--ai1_type
socketAI
--ai2_type
socketAI
--maxCycles
2000
--maxEpisodes
100000
--period
1
--render
0
--port1
49602
--port2
43321
GymSocketAI: welcome message received
client request for connecting to server...
GymSocketAI: welcome message received

java -jar /seu_share/home/weiweiwu/uRTS/microrts/microrts/rts_wrapper/microrts-java.jar --map /seu_share/home/weiweiwu/uRTS/microrts/microrts/rts_wrapper/maps/6x6/fullgame6x6.xml --ai1_type socketAI --ai2_type socketAI --maxCycles 2000 --maxEpisodes 100000 --period 1 --render 0 --port1 32777 --port2 57094
Player0 Wait for Java client connection...
Player0: Send welcome msg to client...
Client: ack!
Player1 Wait for Java client connection...
Player1: Send welcome msg to client...
Client: ack!
Server: Send reset command...
Server: Send reset command...
Client received info:
--map
/seu_share/home/weiweiwu/uRTS/microrts/microrts/rts_wrapper/maps/6x6/fullgame6x6.xml
--ai1_type
socketAI
--ai2_type
socketAI
--maxCycles
2000
--maxEpisodes
100000
--period
1
--render
0
--port1
32777
--port2
57094
GymSocketAI: welcome message received
client request for connecting to server...
GymSocketAI: welcome message received

java -jar /seu_share/home/weiweiwu/uRTS/microrts/microrts/rts_wrapper/microrts-java.jar --map /seu_share/home/weiweiwu/uRTS/microrts/microrts/rts_wrapper/maps/6x6/fullgame6x6.xml --ai1_type socketAI --ai2_type socketAI --maxCycles 2000 --maxEpisodes 100000 --period 1 --render 0 --port1 52001 --port2 36327
Player0 Wait for Java client connection...
Player0: Send welcome msg to client...
Client: ack!
Player1 Wait for Java client connection...
Player1: Send welcome msg to client...
Client: ack!
Server: Send reset command...
Server: Send reset command...
Client received info:
--map
/seu_share/home/weiweiwu/uRTS/microrts/microrts/rts_wrapper/maps/6x6/fullgame6x6.xml
--ai1_type
socketAI
--ai2_type
socketAI
--maxCycles
2000
--maxEpisodes
100000
--period
1
--render
0
--port1
52001
--port2
36327
GymSocketAI: welcome message received
client request for connecting to server...
GymSocketAI: welcome message received

java -jar /seu_share/home/weiweiwu/uRTS/microrts/microrts/rts_wrapper/microrts-java.jar --map /seu_share/home/weiweiwu/uRTS/microrts/microrts/rts_wrapper/maps/6x6/fullgame6x6.xml --ai1_type socketAI --ai2_type socketAI --maxCycles 2000 --maxEpisodes 100000 --period 1 --render 0 --port1 59805 --port2 60210
Player0 Wait for Java client connection...
Player0: Send welcome msg to client...
Client: ack!
Player1 Wait for Java client connection...
Player1: Send welcome msg to client...
Client: ack!
Server: Send reset command...
Server: Send reset command...
Client received info:
--map
/seu_share/home/weiweiwu/uRTS/microrts/microrts/rts_wrapper/maps/6x6/fullgame6x6.xml
--ai1_type
socketAI
--ai2_type
socketAI
--maxCycles
2000
--maxEpisodes
100000
--period
1
--render
0
--port1
59805
--port2
60210
GymSocketAI: welcome message received
GymSocketAI: welcome message received

java -jar /seu_share/home/weiweiwu/uRTS/microrts/microrts/rts_wrapper/microrts-java.jar --map /seu_share/home/weiweiwu/uRTS/microrts/microrts/rts_wrapper/maps/6x6/fullgame6x6.xml --ai1_type socketAI --ai2_type socketAI --maxCycles 2000 --maxEpisodes 100000 --period 1 --render 0 --port1 33574 --port2 56041
Player0 Wait for Java client connection...
Player0: Send welcome msg to client...
Client: ack!
Player1 Wait for Java client connection...
Player1: Send welcome msg to client...
Client: ack!
Server: Send reset command...
Server: Send reset command...
Client received info:
--map
/seu_share/home/weiweiwu/uRTS/microrts/microrts/rts_wrapper/maps/6x6/fullgame6x6.xml
--ai1_type
socketAI
--ai2_type
socketAI
--maxCycles
2000
--maxEpisodes
100000
--period
1
--render
0
--port1
33574
--port2
56041
GymSocketAI: welcome message received
client request for connecting to server...
GymSocketAI: welcome message received

java -jar /seu_share/home/weiweiwu/uRTS/microrts/microrts/rts_wrapper/microrts-java.jar --map /seu_share/home/weiweiwu/uRTS/microrts/microrts/rts_wrapper/maps/6x6/fullgame6x6.xml --ai1_type socketAI --ai2_type socketAI --maxCycles 2000 --maxEpisodes 100000 --period 1 --render 0 --port1 44613 --port2 39522
Player0 Wait for Java client connection...
Player0: Send welcome msg to client...
Client: ack!
Player1 Wait for Java client connection...
Player1: Send welcome msg to client...
Client: ack!
Server: Send reset command...
Server: Send reset command...
Client received info:
--map
/seu_share/home/weiweiwu/uRTS/microrts/microrts/rts_wrapper/maps/6x6/fullgame6x6.xml
--ai1_type
socketAI
--ai2_type
socketAI
--maxCycles
2000
--maxEpisodes
100000
--period
1
--render
0
--port1
44613
--port2
39522
GymSocketAI: welcome message received
client request for connecting to server...
GymSocketAI: welcome message received



PS:

Read file <14142.err> for stderr output of this job.

