Sender: LSF System <lsfadmin@gpu20>
Subject: Job 14185: <PPO_League_Six> in cluster <cluster1> Exited

Job <PPO_League_Six> was submitted from host <login01> by user <weiweiwu> in cluster <cluster1> at Fri Mar 12 12:40:34 2021
Job was executed on host(s) <16*gpu20>, in queue <gpu_v100>, as user <weiweiwu> in cluster <cluster1> at Fri Mar 12 14:59:33 2021
</seu_share/home/weiweiwu> was used as the home directory.
</seu_share/home/weiweiwu/uRTS/microrts/sub_job/ZT_FG_v1> was used as the working directory.
Started at Fri Mar 12 14:59:33 2021
Terminated at Mon Mar 15 10:58:18 2021
Results reported at Mon Mar 15 10:58:18 2021

Your job looked like:

------------------------------------------------------------
# LSBATCH: User input
#!/bin/bash
#BSUB -J PPO_League_Six
#BSUB -o %J.out
#BSUB -e %J.err
#BSUB -q gpu_v100
#BSUB -gpu num=1
JAVA_HOME=/seu_share/home/weiweiwu/wlocal/jdk/jdk-11.0.1
#JRE_HOME=${JAVA_HOME}/jre
CLASSPATH=.:${JAVA_HOME}/lib
PATH=$JAVA_HOME/bin:$PATH
PATH=/seu_share/home/weiweiwu/anaconda3/bin:$PATH
LD_LIBRARY_PATH=/seu_share/home/weiweiwu/anaconda3/lib:$LD_LIBRARY_PATH
export JAVA_HOME  CLASSPATH PATH 
cd ~/uRTS/microrts
python3 test_paralell.py  --algo ppo -lr 1e-4 --env-id  fullgame-v1 --render 0 --saving-prefix PPO_League_Six --league Random,WorkerRush,NaiveMCTS,UCT,MCTS,Passive --num-process 16

------------------------------------------------------------

TERM_OWNER: job killed by owner.
Exited with exit code 130.

Resource usage summary:

    CPU time :                                   443782.78 sec.
    Max Memory :                                 25684 MB
    Average Memory :                             24963.56 MB
    Total Requested Memory :                     -
    Delta Memory :                               -
    Max Swap :                                   2 MB
    Max Processes :                              36
    Max Threads :                                741
    Run time :                                   244725 sec.
    Turnaround time :                            253064 sec.

The output (if any) follows:

Random,WorkerRush,NaiveMCTS,UCT,MCTS,Passive
cuda:0
league learning staring
Random
WorkerRush
NaiveMCTS
UCT
MCTS
Passive
All leagues participated are ['Random', 'WorkerRush', 'NaiveMCTS', 'UCT', 'MCTS', 'Passive', 'socketAI', 'socketAI', 'socketAI', 'socketAI', 'socketAI', 'socketAI', 'socketAI', 'socketAI', 'socketAI', 'socketAI']
16 16
fps 158.83989124033633
fps 212.61463305966262
fps 171.9878743190058
fps 213.45047661553352
fps 149.42531090208956
fps 160.47575623543338
fps 165.22167147153257
fps 171.7575148857497
fps 167.1014889833833
fps 172.78643709123477
fps 160.22242333462432
fps 164.2342170527815
fps 147.4298206247182
fps 177.3886028163993
fps 170.08492031932772
fps 172.13496412995207
fps 155.47432187832376
fps 179.7279316020669
fps 186.522519016169
fps 182.2738145611892
fps 187.4831985837775
fps 168.80262108650777
fps 142.70732208726162
fps 152.71731635209397
fps 132.55379008208013
fps 149.48069269924162
fps 170.64869069565503
fps 165.54726885614016
fps 169.0261042405282
fps 176.02071236764544
fps 177.51609853058832
fps 160.34922784506625
fps 166.56797390586487
fps 168.60313827029466
fps 178.1089351318162
fps 193.5906058820722
fps 184.4883074645384
fps 166.00159774851815
fps 153.9069439105969
fps 161.2946286039862
fps 177.62451633125207
fps 166.25148468544847
fps 187.54494580507674
fps 174.6129156290637
fps 176.6448571810182
fps 175.78110300986296
fps 169.26943404839585
fps 171.88984086975466
fps 165.42544008330503
fps 170.3194115588313
fps 148.76528366101675
fps 181.01432982080738
fps 152.55256079345187
fps 168.37125312078865
fps 155.72985744533892
fps 173.0988870453355
fps 163.91418997947872
fps 169.1941842454
fps 174.08705069024714
fps 150.20204621085915
fps 166.67521333478322
fps 166.47202431081413
fps 163.85808639634783
fps 155.3717999211121
fps 179.84914809582676
fps 176.28358913957237
fps 161.97662931896085
fps 179.9039090443625
fps 162.63397773232458
fps 173.85980545279176
fps 177.8321844709835
fps 206.7388741080192
fps 203.27511283292512
fps 196.42636239428066
fps 165.35781600195486
fps 160.71546072885369
fps 165.06530076372317
fps 158.15304545222725
fps 168.72889374428684
fps 164.19850354031522
fps 175.28592619657957
fps 184.92923465637372
fps 170.59968038215138
fps 179.46701400615734
fps 171.24973172717844
fps 168.34033852292495
fps 196.94416252932635
fps 166.73108816768692
fps 169.44204224954194
fps 170.97166910469107
fps 177.16639619976056
fps 178.3524021571752
fps 178.48016779962313
fps 183.78127067908056
fps 190.178285738317
fps 160.79416131014895
fps 161.55386062655273
fps 169.00870883803933
fps 167.31534852455596
fps 147.86132934533862
fps 152.48012288774476
fps 158.81054374654713
fps 166.1462104023534
fps 177.59210524815043
fps 170.10763793054915
fps 186.60422373784158
fps 203.06732409103458
fps 182.77939919882002
fps 165.30433366896025
fps 184.4144801733175
fps 180.62398020648493
fps 182.85775171599414
fps 167.9339526079611
fps 160.60562080653924
fps 173.72807346201571
fps 179.9210558138236
fps 198.276015374082
fps 191.94874397252937
fps 179.03761971412627
fps 190.90583727506083
fps 195.9543555918649
fps 193.82232590895768
fps 185.10903948280733
fps 188.78864798103777
fps 158.9546036039837
fps 168.59831577254548
fps 156.8413103381025
fps 165.18763224111018
fps 161.4982551913008
fps 179.58006656739815
fps 163.67466381457376
fps 171.3402425921716
fps 177.12070365326807
fps 173.5141406968255
fps 175.6687721404872
fps 174.381229524735
fps 183.95486491896537
fps 169.3442559695561
fps 156.2177321906239
fps 168.4669670486967
fps 155.2319901097668
fps 171.20571413781965
fps 183.4463399410998
fps 175.58790742581942
fps 176.52015882895697
fps 185.53728243346404
fps 173.11784159408595
fps 175.5508231165742
fps 178.09600376772707
fps 168.85753061526162
fps 172.7833230122451
fps 172.45675015498114
fps 147.26348175999757
fps 176.1113678807526
fps 175.1661578057153
fps 177.17227278646195
fps 174.34928224828303
fps 171.0054885995545
fps 175.92803458431976
fps 167.2191408004539
fps 167.09565153233663
fps 168.9850536019289
fps 183.79941172456438
fps 182.91241057292623
fps 171.242781548663
fps 186.33532998263178
fps 184.308028415105
fps 165.92524485507877
fps 164.0977179499414
fps 177.85332768970517
fps 177.30081791062892
fps 177.10230666714807
fps 172.67526553098915
fps 182.79142987362505
fps 168.85910691551067
fps 171.4738412597647
fps 175.187620280861
fps 172.3966891178172
fps 169.61271149067753
fps 162.38020827062397
fps 167.2261953188028
fps 156.75286431700897
fps 179.71799923449709
fps 175.5077762467437
fps 182.30185383125146
fps 178.35829464173855
fps 189.36765227280063
fps 205.31966464768232
fps 179.68452047746072
fps 172.57886494525263
fps 179.17479944284264
fps 182.38370118387778
fps 171.93102183827898
fps 179.08456627112005
fps 167.53784533911025
fps 171.7024026710356
fps 185.86807916759292
fps 184.48413959485612
fps 181.48110816073944
fps 188.31355301356172
fps 195.55259139703986
fps 172.01021299156716
fps 193.47728063727553
fps 175.99269981147927
fps 174.87212705488358
fps 183.85294920984933
fps 174.33442323590555
fps 174.50688637907166
fps 178.66722341001005
fps 185.93987936888638
fps 193.34902830038945
fps 169.97917900910912
fps 159.13805443788354
fps 167.50509531993748
fps 167.39849350130262
fps 174.28265049199337
fps 176.9999413155214
fps 161.7403894058218
fps 174.2078138721515
fps 168.54898457225013
fps 169.5652999051866
fps 154.91871351835982
fps 170.07832859263542
fps 172.25772311811573
fps 166.45061411382682
fps 181.9854383910885
fps 187.33041962372596
fps 172.14863934000476
fps 191.06714950407954
fps 189.93310932847197
fps 183.60614861792325
fps 167.2396505562673
fps 173.5922444656402
fps 159.60435069370513
fps 164.54464839654656
fps 187.57465659197527
fps 184.13439025317453
fps 167.30973096149822
fps 186.86709620911583
fps 173.78019535415345
fps 186.79938363566166
fps 182.62752532512584
fps 185.94102154628823
fps 186.03259335673988
fps 182.95495503512117
fps 173.0688481595311
fps 173.14943339571875
fps 164.41092375643981
fps 177.04919010232632
fps 192.73443333435873
fps 178.82232508562973
fps 213.7459973027544
fps 195.55033659558543
fps 176.4460877862884
fps 176.2589541740735
fps 179.0076895120284
fps 179.62472149733935
fps 180.48263708276943
fps 180.49062258961027
fps 180.27307516357507
fps 173.11843242756552
fps 166.87919983165082
fps 189.68759272901102
fps 175.03277870937745
fps 184.372338269905
fps 174.2735140428695
fps 182.81002340544555
fps 190.3028806828352
fps 182.2144880684186
fps 176.06539192465493
fps 178.13290504690784
fps 186.41241283131217
fps 182.52683587686695
fps 168.23899503117985
fps 159.99531416311459
fps 175.77598270672414
fps 185.51474011987153
fps 173.86771925701322
fps 183.2462973777587
fps 171.6622756473121
fps 185.52073021642596
fps 177.4819672584473
fps 189.07018938687816
fps 190.80286747645104
fps 184.25533350793637
fps 182.66815132939834
fps 154.1543734550836
fps 162.74674003255134
fps 175.5524028659908
fps 172.8592602340197
fps 193.8665865565133
fps 191.52997093081788
fps 179.00103451599531
fps 182.3055799779262
fps 169.36272922470013
fps 183.8003747230236
fps 203.57622038790265
fps 180.51456635587985
fps 174.48769314685865
fps 169.6784554515808
fps 166.78554925657792
fps 188.08304014355022
fps 174.85011995765444
fps 178.778152944158
fps 176.69419232798313
fps 178.02378564839094
fps 185.2816548180894
fps 178.98004907011395
fps 177.16206384652938
fps 188.60150758641961
fps 190.90495858634975
fps 187.61964432008423
fps 175.94242569298095
fps 166.60234993774762
fps 163.78767911355973
fps 181.59656388914607
fps 170.63883483461478
fps 181.79202948596898
fps 171.30298562061563
fps 172.250532602221
fps 178.4998083814279
fps 180.10070620477697
fps 175.2840902753995
fps 184.67578685311463
fps 175.05261123000162
fps 172.39645661047473
fps 158.7932959018869
fps 161.02236801952859
fps 183.37561641489026
fps 170.8901146528597
fps 185.65032223283484
fps 185.89983372334362
fps 194.25296226091976
fps 181.66208724371023
fps 190.44708623200114
fps 179.49593521351113
fps 177.30844281903288
fps 175.6548395536144
fps 188.08843444005683
fps 176.05564499831587
fps 167.75926350661794
fps 177.92246870275952
fps 172.41937554975664
fps 178.597585175531
fps 171.41443257274892
fps 174.8136366780983
fps 182.61225740451633
fps 172.66681527945275
fps 166.18515656699626
fps 182.0695165390017
fps 176.4310366843877
fps 182.51189501500937
fps 157.3777082102282
fps 149.50596420486818
fps 172.33326311487835
fps 183.30905064165276
fps 170.44427671206535
fps 166.7622225490043
fps 190.61273507995384
fps 177.5278234007229
fps 190.8707932091044
fps 172.0220838466132
fps 170.59542298179744
fps 183.6428616701875
fps 170.39666524298025
fps 163.77951273923313
fps 171.86966383648036
fps 171.36517709546413
fps 168.79914666826573
fps 167.63628701755582
fps 197.55647500305577
fps 190.59305263356998
fps 191.91650964884093
fps 180.0793770915899
fps 179.66963530585713
fps 177.75761114900624
fps 168.91278581440824
fps 166.51805549165832
fps 163.37998204143386
fps 160.03863504407738
fps 171.95920984699535
fps 167.50438121477578
fps 174.0686860931802
fps 175.2062624597689
fps 192.2142763462538
fps 181.56806321764245
fps 173.02910786125668
fps 174.10894019165602
fps 172.23193413302027
fps 186.40709663579688
fps 173.58054697912488
fps 157.07827570252067
fps 164.71073550199037
fps 171.5444367453064
fps 172.30192019144462
fps 166.75966162159915
fps 177.40973307525522
fps 168.84249945785695
fps 188.36167786710658
fps 186.26518348886933
fps 199.01979711695296
fps 186.48627442927142
fps 191.54526850460226
fps 173.00847739648003
fps 179.7279349714416
fps 173.34132512963566
fps 173.83721347704838
fps 195.35683524091795
fps 187.14480804009568
fps 179.57067091272287
fps 172.9354059476768
fps 166.10203929160625
fps 170.97908431290537
fps 174.77559869553576
fps 182.7171363373403
fps 183.82800091622457
fps 175.20519300796062
fps 175.87685109850202
fps 170.31852326229262
fps 172.52966020424216
fps 180.77510300833208
fps 177.85073058558925
fps 194.44416870436652
fps 177.53309230133985
fps 193.2901658096801
fps 186.26792203360606
fps 180.04858217417015
fps 173.43239682492032
fps 174.22297515836613
fps 161.00949127310787
fps 174.3654458342956
fps 169.98405111764038
fps 171.72968607118213
fps 188.56336074723674
fps 194.3028271215633
fps 182.5237971706619
fps 207.28634044340913
fps 198.97418959837063
fps 197.75172607529447
fps 202.62361289772244
fps 192.137836858209
fps 207.1629153347969
fps 213.7144695909097
fps 190.2378305115803
fps 172.15857101503497
fps 183.91265608542327
fps 173.68211559650675
fps 178.95765690962835
fps 178.64774190609475
fps 182.78039335594798
fps 190.6189457630382
fps 177.21307258242982
fps 167.49416532771605
fps 173.3782951605271
fps 187.83343798556297
fps 186.02013175487613
fps 190.3536692055263
fps 178.97945239500163
fps 168.72702843567458
fps 173.29713969094237
fps 181.9237669638923
fps 185.812395109294
fps 191.6852051429597
fps 166.3743967013133
fps 174.16239420474076
fps 199.36594673595613
fps 179.310740237592
fps 164.4293374669182
fps 172.38084152429113
fps 159.12176727519557
fps 158.82461377873068
fps 164.18431085415776
fps 150.40517960906843
fps 176.5086609224009
fps 169.60966017544268
fps 188.30005695226157
fps 175.35573574791076
fps 170.31353427696192
fps 180.11817283400728
fps 170.6117290616389
fps 194.78844291984487
fps 180.21302178877033
fps 165.68557755416055
fps 160.28877824681038
fps 160.59639931417308
fps 155.093451059737
fps 176.2054548266538
fps 172.2540899822035
fps 170.35204807446127
fps 173.97646926736604
fps 174.66535623007698
fps 174.3964908056658
fps 171.21032091551655
fps 168.12675529896728
fps 165.45637385451943
fps 165.22427405826977
fps 174.29336679822623
fps 161.43955540828995
fps 171.48867192994268
fps 166.33133930712458
fps 184.48226771564327
fps 178.04372410824092
fps 172.75960275317618
fps 184.11068281843907
fps 164.3981473634428
fps 172.12119397171463
fps 183.18859046877733
fps 181.8995455481001
fps 162.75148540406462
fps 163.72735949397313
fps 159.35039596311196
fps 175.52717114667794
fps 183.08395794888335
fps 187.40873687903002
fps 168.86432676131992
fps 169.90571146869016
fps 174.21712434309381
fps 168.9248223259496
fps 174.2499787591107
fps 172.62538680760366
fps 169.21646099130567
fps 173.2875232312112
fps 163.11107468643237
fps 172.02985019386549
fps 186.18260950749558
fps 178.62467732293894
fps 184.13778496236742
fps 183.83831975845663
fps 170.21211880834537
fps 175.36559046388683
fps 177.05628467092686
fps 183.0525553464583
fps 179.20940120607165
fps 159.6072230685454
fps 173.4689649411142
fps 190.8399846525769
fps 165.87898685529768
fps 174.49944152992884
fps 173.28644933267114
fps 172.43601978348187
fps 182.09322244906582
fps 172.25322958326785
fps 170.6531039424863
fps 174.6398830043392
fps 192.118539448859
fps 177.70109824553563
fps 163.52572957772614
fps 160.41075102668802
fps 151.4611446216949
fps 165.27319052013578
fps 161.90346615881145
fps 182.40432187760985
fps 171.96467511597152
fps 169.14496975201465
fps 181.3078263151959
fps 182.46455443000278
fps 169.8837956181881
fps 177.40914072729376
fps 158.5728622358742
fps 155.02840176020348
fps 158.79638715374494
fps 151.0470603714282
fps 167.66534920845012
fps 163.26800831060152
fps 165.97211153895566
fps 161.39824045907469
fps 172.85624148141858
fps 165.0440365405173
fps 172.89517366713753
fps 170.38947740662664
fps 174.1973432121901
fps 177.62149809259046
fps 168.32251022507583
fps 164.4958678360126
fps 168.6028468370387
fps 179.66319073681493
fps 175.88201185191735
fps 171.56430546222776
fps 182.40245280031726
fps 171.7643855728691
fps 185.39834547561108
fps 199.52888265888643
fps 177.73246083889197
fps 177.97399372189093
fps 167.03998033579333
fps 135.76520039035978
fps 160.64068967233962
fps 165.57758189727096
fps 171.49737846448298
fps 171.64760679259265
fps 169.26459299880534
fps 164.34359193798923
fps 175.94246167254977
fps 164.0678576489922
fps 170.89797104844124
fps 160.52896584200337
fps 157.68784417757985
fps 177.6309306640877
fps 166.54123582285047
fps 166.90958794048237
fps 184.71675279087694
fps 181.58452194198603
fps 181.70095550706986
fps 184.26818210916278
fps 185.46652367787496
fps 186.61844460089588
fps 177.6371366887489
fps 173.5519277425019
fps 168.38379772782605
fps 171.90397254391698
fps 182.53221157162784
fps 168.81510860374715
fps 149.7974484792575
fps 156.943836848126
fps 176.79222017605304
fps 168.5791644753642
fps 168.11588932702833
fps 166.40436396942596
fps 163.718899975583
fps 165.98729734672594
fps 164.63338459902386
fps 168.62746294302917
fps 166.77783264648457
fps 162.87707992891984
fps 175.28893380243582
fps 160.75202849270744
fps 181.89087977321316
fps 167.03489386887136
fps 161.27637189685285
fps 177.59383991353067
fps 174.2200248256964
fps 183.21752566590365
fps 169.5151991880754
fps 161.36621068474815
fps 158.58053748407465
fps 168.18009638042966
fps 165.34251946686737
fps 154.664592170142
fps 154.33540090846745
fps 163.4154111742335
fps 161.25382175744133
fps 165.25865924845394
fps 180.72736679493661
fps 173.30749435223254
fps 165.476102136469
fps 156.97498970423356
fps 170.1914001182286
fps 167.503522038942
fps 158.26728225435215
fps 150.17966769284686
fps 159.63902196766705
fps 176.15516175188026
fps 180.1574747412314
fps 170.63412903434977
fps 160.81261959562713
fps 173.16913497415075
fps 176.62600478236885
fps 161.54680329272094
fps 169.93145865333287
fps 174.97473832783692
fps 179.23572140633127
fps 167.69048509155752
fps 156.80141970142228
fps 158.81156898750532
fps 162.11147452943092
fps 166.58351581665394
fps 176.98107699531616
fps 164.98750582628907
fps 169.64757577953824
fps 166.40807432488165
fps 157.05319355335973
fps 170.30608549041236
fps 167.13762951075574
fps 168.4057981830551
fps 160.7904354891827
fps 157.91300707784384
fps 167.22828053671554
fps 167.38752773246233
fps 158.85899182490357
fps 159.95641446424415
fps 163.0606461479932
fps 157.86277054157915
fps 153.32394449122313
fps 157.408173668603
fps 170.210955333845
fps 158.09478122790227
fps 149.6767942444772
fps 155.30291497027488
fps 165.8271591549629
fps 174.58612372347312
fps 191.89890890598468
fps 175.67061658870085
fps 170.92805510518326
fps 164.33194790659104
fps 158.22479665730017
fps 167.8056162447388
fps 183.73309734350846
fps 192.00754753789369
fps 169.98476757709105
fps 153.2720350077518
fps 175.24739777429636
fps 174.7895077804552
fps 181.154591312481
fps 178.4485393710556
fps 176.69235656236475
fps 177.80612172914888
fps 159.44013541070566
fps 153.3617883264401
fps 170.83542016917875
fps 167.32105156910134
fps 162.80362732427733
fps 164.33538492552174
fps 167.27537221755853
fps 171.38616419107706
fps 157.34833513206087
fps 161.34093022282852
fps 176.29105965382217
fps 142.5271098117867
fps 156.23837046567172
fps 154.59227002621498
fps 162.93693476849364
fps 162.30040198240854
fps 173.41060405680085
fps 159.82757097276408
fps 152.1259328811516
fps 173.52394968397732
fps 175.4157633076791
fps 169.09198380672566
fps 159.85469826627917
fps 159.453099921122
fps 153.88968319262543
fps 153.7662197208916
fps 177.09630292898996
fps 178.13082507578844
fps 161.32129216210612
fps 163.46457303822694
fps 151.0897740991329
fps 166.37193634999278
fps 177.09355964684755
fps 186.9458300147867
fps 174.90401871994138
fps 177.3734326891581
fps 167.541719349518
fps 171.79426488046008
fps 173.017433060888
fps 174.3018470802271
fps 171.58991199720109
fps 141.2622994715246
fps 158.4262965116059
fps 163.90276643635778
fps 167.3117990751677
fps 176.5049363211828
fps 195.65109837342234
fps 180.31871645594592
fps 183.31910999537666
fps 154.75818160121776
fps 167.7114111533735
fps 166.22239958636052
fps 173.35450172890654
fps 175.20452060482594
fps 170.1533847294841
fps 152.6087372543879
fps 165.52298648558275
fps 164.41294660561815
fps 163.9681838090071
fps 165.10230547733354
fps 161.31271379179
fps 156.78101993431173
fps 161.3420159358507
fps 170.2443104033975
fps 164.49364779782857
fps 168.55930625491627
fps 158.46765404367514
fps 162.0610625219946
fps 157.70766304189837
fps 167.4980732715665
fps 173.9286836110836
fps 178.08736814839943
fps 177.39173881226134
fps 167.73429020996358
fps 156.9266361239689
fps 160.19689154285143
fps 162.52304434630759
fps 171.35063159709344
fps 159.85263790746833
fps 153.2106977560901
fps 167.3577203620271
fps 188.91742528975465
fps 183.40988386385766
fps 169.88525652766225
fps 163.39514077268964
fps 161.25501052981085
fps 159.004771271141
fps 163.87336079147852
fps 173.68023220925107
fps 169.05551621188476
fps 166.10045690056538
fps 161.12083958770555
fps 150.05041318626806
fps 168.44498485636132
fps 164.5195141943581
fps 157.08824925057093
fps 158.5697808044617
fps 147.37285896837025
fps 156.4359535376374
fps 187.2610070937964
fps 168.40885747313868
fps 173.32310319724036
fps 160.50505028206567
fps 160.5039090096045
fps 157.18279443463712
fps 169.785459853322
fps 153.05646749158223
fps 162.81451460822342
fps 158.62422519021288
fps 165.22655942320415
fps 160.7235719027631
fps 162.26539145752093
fps 179.0049134332949
fps 178.99617607978263
fps 161.9966329572866
fps 163.71792901828167
fps 153.94685775541197
fps 158.616241293219
fps 173.61082215726546
fps 170.28584255342997
fps 169.72332480040416
fps 166.86471132095306
fps 152.71725449115516
fps 157.00607338361624
fps 116.65279316248355
fps 159.95532291880784
fps 166.3184568542347
fps 164.4833870486525
fps 156.47211289008425
fps 162.78651214337106
fps 162.53472788472214
fps 163.2045180250063
fps 160.1215526162972
fps 158.0024877655009
fps 152.9948313910055
fps 163.0117581902741
fps 165.02108158487022
fps 157.43757057127772
fps 155.522406183657
fps 156.01655118359784
fps 157.90225939746523
fps 166.48831284605924
fps 173.22454145499034
fps 163.3961345600342
fps 171.88447456849184
fps 170.85822039838544
fps 165.5972304014982
fps 173.83014669642557
fps 171.91950091111065
fps 143.70482601887264
fps 170.78106317284212
fps 154.6981598325106
fps 151.47149452779368
fps 154.77090164344733
fps 170.30758608712028
fps 163.52548770864635
fps 166.1422344846119
fps 150.58929330057776
fps 155.12469185117564
fps 159.18179655441173
fps 158.76495983780615
fps 172.08020470254826
fps 159.9926112726203
fps 159.00635396686852
fps 162.59071030161894
fps 168.50966064459962
fps 174.30537334226153
fps 161.51130663746991
fps 165.3290076955218
fps 160.39589139029133
fps 159.75746810840823
fps 154.07235509961427
fps 162.27349621143247
fps 154.77690458488317
fps 163.75021522927912
fps 151.42268203509934
fps 155.20815994938116
fps 150.99832394648323
fps 167.419332963842
fps 159.2168896111757
fps 156.55307104692483
fps 150.0424457835272
fps 156.2886385572899
fps 164.66996153174895
fps 160.50853562056344
fps 159.14476852363228
fps 159.40003802863313
fps 162.70206035984467
fps 164.45227476952203
fps 159.06624038057234
fps 159.30218999947968
fps 167.06637057553473
fps 171.15530911970353
fps 161.13251931020812
fps 156.31870454095167
fps 163.22610407217667
fps 165.12594652835583
fps 165.90313714743908
fps 158.4314676407091
fps 151.6810726495655
fps 158.53342228962512
fps 148.3302995983934
fps 152.31835893911617
fps 159.00382641568103
fps 152.19031238358045
fps 154.85738759245916
fps 162.51980275927696
fps 158.0799554483524
fps 172.0838000596716
fps 157.2786138484971
fps 149.81246158158356
fps 147.12358675548384
fps 146.38847998660333
fps 150.67456625186162
fps 161.15249493667386
fps 160.75379980710895
fps 155.83058743355625
fps 164.2934189510675
fps 179.92193180968292
fps 180.70464674287783
fps 174.57681191992046
fps 171.74429995306036
fps 164.31720427998644
fps 167.85928022538158
fps 166.600920128799
fps 164.75206841609565
fps 167.88542390123496
fps 178.33700039406207
fps 166.33146463341717
fps 166.62679780130443
fps 170.43206338768044
fps 164.2689135124486
fps 162.94413545060698
fps 162.07411506910668
fps 168.69977256945037
fps 160.90736004617676
fps 169.35101784586683
fps 180.26785785829784
fps 157.8562106036119
fps 155.44587277527387
fps 164.96848512704162
fps 164.7386622729067
fps 161.57416493471888
fps 165.39516967392962
fps 156.70056685095471
fps 159.89451043785851
fps 163.75845580526624
fps 162.3417960763063
fps 170.50509927873827
fps 167.68768732750877
fps 146.9485031197875
fps 139.68432141109238
fps 155.74649498079336
fps 161.71911500413972
fps 157.80156404054813
fps 160.36728098419528
fps 168.4395790928121
fps 162.80847554853568
fps 156.60224199774433
fps 163.76136855557147
fps 174.45832457376628
fps 166.75138472833015
fps 145.07353037247807
fps 144.84577360192137
fps 162.1140235229135
fps 160.11789190115695
fps 160.52979719808545
fps 162.7504027419166
fps 165.2842958207768
fps 169.13198709587036
fps 175.53149599044463
fps 177.48354017925374
fps 163.51068365485744
fps 161.4294375822502
fps 146.04671064182682
fps 150.8415637350369
fps 157.72819754389653
fps 156.54749594145903
fps 160.10362885776982
fps 150.08147464292097
fps 162.18902854070836
fps 157.28749105908838
fps 166.4089515972538
fps 162.78799016476094
fps 155.86256032062738
fps 164.21760266118164
fps 149.42804684285846
fps 150.5787527597821
fps 173.23530601186044
fps 182.94517050514085
fps 158.98158072567836
fps 162.34265574055732
fps 168.57215455961511
fps 169.3522648968834
fps 162.71271313477416
fps 150.3175037840681
fps 162.97244863684924
fps 162.86405148569526
fps 146.62651917564742
fps 155.9268900132069
fps 151.32520357705283
fps 162.6943935447823
fps 167.30157288103842
fps 158.48551203228158
fps 161.4514320935125
fps 155.38918209390994
fps 159.6343162395397
fps 150.1685311707362
fps 158.01243913530823
fps 155.34646142490746
fps 143.70408009727777
fps 152.0575590586455
fps 158.4550876030983
fps 167.54159804869929
fps 170.43243346270307
fps 161.49286910643022
fps 168.4788051769927
fps 176.73716600067152
fps 179.45518851744387
fps 183.79843111757975
fps 169.48205770086167
fps 173.93172957011166
fps 162.65596386041784
fps 147.60923550422362
fps 163.73079683499182
fps 177.21809303296138
fps 176.1895954588743
fps 170.41936797428326
fps 161.8523410303098
fps 158.55638935959794
fps 159.402322619753
fps 159.73213902099212
fps 161.246057583088
fps 145.79395334554494
fps 146.83984302596636
fps 149.08541701762
fps 170.28804063872732
fps 167.62656375738442
fps 172.44799069687087
fps 154.21327649971198
fps 166.73341789269875
fps 160.83493779744288
fps 162.9970018706597
fps 160.19627471925742
fps 168.26777928245411
fps 158.1751694711466
fps 144.6436388874197
fps 149.43227089562
fps 162.17673621973742
fps 158.30483585749252
fps 157.21391001714812
fps 159.55627587693357
fps 165.35232870752424
fps 162.85016599762693
fps 165.16828487932247
fps 155.87649877349295
fps 167.69082282407035
fps 162.58884706619148
fps 149.0896250334902
fps 149.7748654399251
fps 169.3788222974672
fps 176.0419613072736
fps 160.54107108304106
fps 165.73481179092033
fps 156.18959747709337
fps 161.63192052625047
fps 169.50094933756918
fps 171.09122584344308
fps 169.7743943194059
fps 159.1170225738762
fps 149.20239586686492
fps 154.1490064754934
fps 184.04909981051534
fps 172.55729146260958
fps 167.75880472155612
fps 170.9467257430444
fps 166.6836747662759
fps 165.89497827647466
fps 163.58890261670547
fps 159.9210930108052
fps 175.52731897752233
fps 172.17447273683317
fps 149.5979127467698
fps 143.01589358203066
fps 159.5276194788199
fps 170.83909982333725
fps 165.08502360877566
fps 153.59154913685558
fps 170.0469451538666
fps 168.98716674472877
fps 163.95473469075395
fps 170.0538740096424
fps 167.02738655363123
fps 159.0567100050329
fps 148.537263227351
fps 129.2913749421637
fps 159.0576290998429
fps 160.58214081248641
fps 172.33108404634996
fps 170.63810200392072
fps 173.22799564402817
fps 167.6003507854055
fps 172.1475684710139
fps 170.00884524559405
fps 174.60108427573724
fps 168.9578968046963
fps 156.21109772125095
fps 145.07894795587393
fps 156.62420473157292
fps 164.40057465281603
fps 171.77005609517317
fps 178.09153650719762
fps 169.25717506198484
fps 166.84200705148263
fps 168.33293803729225
fps 161.49345320664347
fps 155.1270161796911
fps 170.1000109691144
fps 145.8583906485623
fps 149.9960393759344
fps 154.30877529264754
fps 161.42198264259764
fps 166.43735075505305
fps 182.9278339387304
fps 168.27644918013854
fps 167.87712853215731
fps 162.9794830517545
fps 163.53672401997395
fps 165.0086280860194
fps 159.90584233878664
fps 151.73519034725186
fps 146.4176638728899
fps 158.17542783435772
fps 167.57519462986
fps 182.4782173035469
fps 180.51254012874338
fps 185.60850280223661
fps 188.63722222993974
fps 177.83709585511235
fps 167.1488198457183
fps 166.7958766297561
fps 169.15401040448617
fps 163.19935527308536
fps 149.92841003888657
fps 146.42256860009098
fps 166.76017297201628
fps 201.1390175966111
fps 168.52209554301837
fps 170.17617241905677
fps 170.23035440981957
fps 165.82448509279112
fps 162.16255544927833
fps 159.62449669771382
fps 175.17069898335296
fps 169.88918136797074
fps 134.11111100785988
fps 164.03676081305807
fps 171.05102381913466
fps 172.49756608779967
fps 162.61116457966773
fps 162.9039019198694
fps 159.19841059651287
fps 163.65249204081493
fps 166.08982371881535
fps 163.10000103995935
fps 163.6935542153472
fps 167.19126648394652
fps 151.72930987690987
fps 154.62017559490607
fps 157.20505878653964
fps 169.97716712848546
fps 168.2318851697047
fps 168.69814538525577
fps 166.01223072461167
fps 173.3520858466873
fps 164.26105208725605
fps 164.69735952777555
fps 161.89261679491966
fps 176.44941601945345
fps 166.80658009433432
fps 162.5899780016712
fps 157.1633358283406
fps 164.45256694156768
fps 168.33987613186213
fps 163.90677440339635
fps 168.57257164895785
fps 163.8959543028755
fps 163.86043214773318
fps 166.63577069814693
fps 163.14734988024244
fps 159.8149839359527
fps 162.5319082044447
fps 160.09732822713374
fps 149.24256769328034
fps 164.81239311940448
fps 173.87469854277995
fps 169.7014980280964
fps 167.49908122290987
fps 172.53769912915888
fps 172.32992948099343
fps 170.1887496190818
fps 180.15887199598015
fps 177.61702357798578
fps 163.00008555038292
fps 151.06574420893702
fps 153.21629623235594
fps 156.40197785126855
fps 173.1359310547069
fps 170.5684567209565
fps 184.71502464744583
fps 175.8786883952517
fps 173.87575451656718
fps 173.85426094888086
fps 172.8887426933948
fps 175.535499185976
fps 173.48387859615502
fps 154.9282880890672
fps 155.18073143898874
fps 149.9020780655213
fps 159.10427523150835
fps 161.46383070171825
fps 167.54986238233494
fps 169.50721209196365
fps 172.3342765509817
fps 169.6562164597969
fps 168.67090054465788
fps 175.18699877553414
fps 165.98538829463843
fps 156.66198461720415
fps 160.98115585442974
fps 157.50360128070645
fps 156.2823547327546
fps 171.88305347271142
fps 174.93070355163277
fps 171.73542154311542
fps 175.9973591819286
fps 136.4354749112312
fps 168.38441668405028
fps 169.78609603006595
fps 173.32629675026857
fps 169.82934101936934
fps 164.5233373991789
fps 162.45748442777136
fps 150.04838041004137
fps 172.5449881712765
fps 180.71401496373997
fps 172.25639311702727
fps 181.5233816365464
fps 164.6217337934617
fps 167.05969550478986
fps 168.31463765637992
fps 174.13253950385223
fps 167.49059532873127
fps 158.10060787873923
fps 172.60789266460264
fps 148.5654167836889
fps 153.95723194370558
fps 171.27987244535484
fps 180.1217401476095
fps 172.7725780772973
fps 190.39501841712175
fps 184.44057335302546
fps 178.62441202334747
fps 165.66756767798245
fps 176.8488903926467
fps 155.06812371675113
fps 154.48253676801284
fps 161.9505667052977
fps 151.64163171815096
fps 168.21855738025604
fps 169.7304591181677
fps 175.05131808465774
fps 173.06705838715524
fps 180.45658509998506
fps 165.82959112671782
fps 172.7192472916547
fps 163.4112962889051
fps 136.42327129461876
fps 163.02513819007166
fps 176.4132728600864
fps 162.21487663419902
fps 169.2539282115836
fps 167.74567631262377
fps 168.81692320120763
fps 179.06314938423074
fps 187.68728528201314
fps 200.67276181351406
fps 201.24167465427115
fps 188.60556461654522
fps 176.24645991004056
fps 165.36470537816373
fps 172.25401879779275
fps 173.4681851804611
fps 152.6622643077446
fps 163.82944707975648
fps 177.5831542366366
fps 161.24713000899555
fps 172.6421863157098
fps 162.69399359802966
fps 177.25853281909863
fps 186.15784967694188
fps 178.3861345603771
fps 174.78334298994443
fps 162.0717810415147
fps 176.81870955626766
fps 170.27723699271374
fps 154.16753736273083
fps 158.5469600585262
fps 170.30588322306286
fps 167.4651377896334
fps 173.56576124506822
fps 180.06663393929486
fps 181.16066943658308
fps 173.686946963771
fps 171.37704354942386
fps 157.83581092085285
fps 159.93050467016775
fps 171.42519140096044
fps 159.48382887282276
fps 159.75013370700754
fps 164.44943047853096
fps 183.79025543728616
fps 176.4058109967293
fps 172.55515774888778
fps 177.69190099596952
fps 174.5587143558812
fps 172.98042903517324
fps 176.35698478733508
fps 172.5745450242999
fps 169.6053204494931
fps 184.24513927919128
fps 171.97808132361737
fps 166.5415693552925
fps 183.1559367598542
fps 174.647052591901
fps 169.45965235123668
fps 174.40030552353022
fps 171.45748869417878
fps 169.84986589416158
fps 188.52221323543571
fps 161.43394139992583
fps 155.7568141783091
fps 179.97185402807844
fps 178.88683080991652
fps 160.0937923605809
fps 167.1416944251065
fps 169.84697368886643
fps 172.77006718910206
fps 174.70022725861952
fps 180.0613044126783
fps 172.13652273808185
fps 166.0296571642062
fps 169.4002851985756
fps 159.06344927493203
fps 171.34119801128097
fps 166.78588832796143
fps 160.57016115554512
fps 156.81573985406604
fps 160.54216295632162
fps 176.43746947998795
fps 181.8327772608993
fps 190.1796940039958
fps 184.31728698993345
fps 155.94472094330553
fps 164.66637191598724
fps 158.51477657669105
fps 160.81742009916863
fps 170.3093192400743
fps 177.55544222846981
fps 154.55197386788873
fps 153.97866708422185
fps 164.85879232014463
fps 156.128456106759
fps 164.28835117289975
fps 164.56375468760532
fps 173.40631139994818
fps 173.72778473034342
fps 164.22595103203847
fps 154.72686242805813
fps 170.40323883257906
fps 171.72127714072454
fps 161.07803628249255
fps 154.46049219941747
fps 170.43998464261742
fps 164.19642610483157
fps 159.42814297545027
fps 166.00155011611275
fps 173.97998914191976
fps 178.5573383926163
fps 151.83628861392728
fps 165.9390795256608
fps 171.15360017388744
fps 173.01473796763125
fps 181.9777794834849
fps 158.22292992783602
fps 165.19452655557427
fps 177.2122218295696
fps 175.15823005550254
fps 168.03354542174853
fps 162.62637959927625
fps 164.3273284190656
fps 168.7731064598765
fps 150.62577878083542
fps 160.68364979768816
fps 172.47010509978242
fps 173.14466002883321
fps 148.10594798303055
fps 153.20473209509808
fps 162.2424427128943
fps 171.54742783207172
fps 159.62450467102127
fps 168.59699720524705
fps 174.27472059486237
fps 174.4596216717062
fps 161.6996154305546
fps 177.4963757104812
fps 174.2911587013415
fps 163.23599692198493
fps 177.96234623206948
fps 152.71139078822836
fps 169.7940656108684
fps 168.13478090568577
fps 169.53211141717705
fps 165.47954229768524
fps 176.93825428524102
fps 174.83167418539827
fps 156.82883411071563
fps 154.0093359281328
fps 163.20876817384777
fps 166.2462315582406
fps 163.00477641955868
fps 154.8150634363096
fps 163.7142298204226
fps 165.94386393729863
fps 165.2458638821539
fps 177.0306188330191
fps 165.01975385791596
fps 159.54527301184305
fps 179.75391949529666
fps 160.2313930425301
fps 165.46338730811956
fps 168.25518994375636
fps 170.44730098682885
fps 161.92674849416673
fps 153.18161884687058
fps 166.27601094763335
fps 167.85315040396856
fps 168.93456835663974
fps 165.29395769372024
fps 170.0655173100991
fps 172.04696006282788
fps 136.7287874576876
fps 169.5485365483999
fps 161.71817151896465
fps 162.0583915276129
fps 165.0423955003571
fps 162.78949190620767
fps 161.0714294757713
fps 168.0588461236899
fps 165.41475125889696
fps 164.17083750461163
fps 166.64383542084488
fps 167.4484833375721
fps 157.77536384881992
fps 163.91899647028137
fps 161.27297056459645
fps 167.99711948279304
fps 169.56550555856177
fps 151.05565946282016
fps 173.12841736411607
fps 181.11608839885344
fps 162.87510853154575
fps 165.3651014491782
fps 165.03135433634478
fps 163.15327726060684
fps 150.7416062245338
fps 166.69919148554774
fps 171.9478604881172
fps 167.29179707917837
fps 157.6510700800962
fps 150.833082229048
fps 150.16757785983944
fps 162.89602825404313
fps 161.79795262212474
fps 164.71292542343033
fps 170.24992030641627
fps 177.9772821400654
fps 165.6739266411035
fps 172.90117346027128
fps 166.36577568555234
fps 166.34143692418903
fps 163.07849826359163
fps 152.40578396440316
fps 148.2623198485112
fps 163.75873312947812
fps 166.87543773062214
fps 171.85465145407065
fps 168.48133881178344
fps 153.42958817996671
fps 160.08598902895997
fps 162.4975083475216
fps 176.41335911737127
fps 164.96088869914692
fps 173.86514085155562
fps 166.61746597115206
fps 155.66525509068214
fps 175.89956280001545
fps 161.6866363764237
fps 161.06919189032868
fps 167.55718162262045
fps 161.84481419371454
fps 154.49607902642055
fps 160.1047422906532
fps 165.3131504442655
fps 170.3639450275924
fps 166.99827745739165
fps 170.27172854239492
fps 150.73095158810705
fps 154.80446012232463
fps 161.10174467812826
fps 174.3400957851767
fps 162.6687539942812
fps 163.0787974633705
fps 155.49293933559122
fps 175.3896820394941
fps 174.71220077448515
fps 165.2163131996947
fps 170.3680952971837
fps 174.4842202949373
fps 162.52090951291888
fps 156.12425616676242
fps 178.0761381808568
fps 182.16507692169338
fps 172.65623541556246
fps 183.76986823184396
fps 175.47010959892734
fps 161.3917664948917
fps 168.1246922609674
fps 163.05911998596352
fps 164.3503841796282
fps 169.13301864431878
fps 174.5775780635905
fps 169.983447470796
fps 159.12192347484952
fps 168.80324567325383
fps 163.6950675204433
fps 165.7441862359381
fps 142.09950105926478
fps 156.6919986961959
fps 161.206744502793
fps 160.51252557651097
fps 167.0042415141801
fps 168.70967120741605
fps 164.7994344653654
fps 158.04145812954036
fps 151.5183584114347
fps 161.9237263894001
fps 171.9028650862601
fps 167.05700732790007
fps 166.10288415029896
fps 157.62168817569346
fps 183.66709469861368
fps 174.39110099396348
fps 175.34785359724464
fps 174.25850006831666
fps 169.32341178063447
fps 169.96685962440299
fps 155.7722403983178
fps 167.14089766133796
fps 168.7476250525934
fps 169.8365813912483
fps 164.4031365337315
fps 147.87435499848294
fps 166.178656658879
fps 168.4958403671055
fps 168.98564251921766
fps 174.4131830716798
fps 175.21869705327973
fps 180.1228936688646
fps 169.37811392932275
fps 160.51508250814624
fps 172.8702078812447
fps 179.2784197417183
fps 174.61791023801592
fps 155.79535326863535
fps 151.67714799643662
fps 169.34377907317713
fps 168.5509242629182
fps 161.63850059083833
fps 168.76977586597022
fps 168.42908649248292
fps 160.68318849984433
fps 162.93517277332668
fps 171.46406421832654
fps 166.2216934940414
fps 165.01227929996293
fps 166.97678071552988
fps 149.73173424541696
fps 168.63224854784846
fps 168.3203009512583
fps 163.07205800683315
fps 176.5089677923545
fps 165.1782734845841
fps 173.76922934010142
fps 165.19437365860995
fps 155.64276774689299
fps 160.07776528668234
fps 166.91960642580773
fps 157.80044419307873
fps 156.54168607132576
fps 179.39078062801255
fps 176.3491629791238
fps 170.58170637800265
fps 167.5784142164037
fps 170.69143675426247
fps 169.01516938711987
fps 164.3895998642375
fps 151.87607594994205
fps 168.2842401077252
fps 170.67801334113247
fps 168.4607462483532
fps 157.60429969280287
fps 169.0249977922609
fps 159.5718905934913
fps 167.92523476663004
fps 172.201907262194
fps 166.21360370985929
fps 167.00945911449767
fps 181.5755663279769
fps 157.3656708666863
fps 160.86295184380913
fps 163.56979316440865
fps 159.05507164497575
fps 153.83164906564568
fps 164.79699740730717
fps 164.75330366407778
fps 161.45278381368772
fps 171.21442210407798
fps 169.06329511683253
fps 173.41404550513263
fps 171.32149902196386
fps 159.62791656034537
fps 157.21382346662963
fps 185.5540695034048
fps 171.46455707439773
fps 154.4632140514952
fps 158.9065396949324
fps 165.44805655175878
fps 160.72775925633027
fps 127.94522193883334
fps 172.01501439924098
fps 177.62479982529322
fps 169.8351277659331
fps 151.46999229347537
fps 154.1835026617047
fps 165.03568393301384
fps 161.39555633451295
fps 155.27037586888244
fps 155.97663773006627
fps 165.2345843291906
fps 168.61175337380783
fps 171.46579820805985
fps 160.5212847495326
fps 170.04845799204045
fps 161.3824587769414
fps 162.58280149614566
fps 150.44340283907803
fps 159.6709642263533
fps 157.28182445054918
fps 151.4367610152764
fps 161.8787172204552
fps 158.12541990184437
fps 161.10289524183847
fps 159.32459662162273
fps 159.51820550461935
fps 149.8670695002088
fps 163.2323877609052
fps 164.56266634266572
fps 149.82112503754772
fps 165.54446456019565
fps 181.97610467683523
fps 158.05389688137686
fps 166.038173131441
fps 160.31394181671646
fps 162.40406064553417
fps 160.00844504105538
fps 169.08043167572112
fps 164.0108503751194
fps 162.9326156932078
fps 167.32582129988444
fps 143.98851999640038
fps 165.9857241204033
fps 179.3723017305732
fps 145.32902862806407
fps 152.66494503221645
fps 162.07844903132528
fps 156.0353999558541
fps 157.39758688504423
fps 160.6678363719373
fps 173.71081241250022
fps 181.34627897996913
fps 157.83404244924705
fps 152.16953405201517
fps 163.0811253147782
fps 160.1299065656363
fps 148.8081016555307
fps 155.20550510733625
fps 168.56892250475636
fps 176.88175756716777
fps 178.34862967360252
fps 154.7569667768595
fps 155.67988381792424
fps 160.83859051270122
fps 170.83137495049536
fps 151.97664037600657
fps 162.61758976161903
fps 147.25668031770098
fps 144.7408004686101
fps 162.09216211542687
fps 159.26155118179423
fps 158.19396023292467
fps 160.72620408208311
fps 163.8955344173004
fps 153.70249948657892
fps 159.75852652961885
fps 143.75371214740673
fps 147.5272768889869
fps 157.17087633614926
fps 149.60219076421717
fps 164.4542631719251
fps 153.53868269084586
fps 163.93063050588057
fps 168.11256777623876
fps 161.12074365317218
fps 162.59707359224754
fps 166.91802253500097
fps 157.18045079797844
fps 154.35230769771806
fps 145.78179101646856
fps 151.49491190161015
fps 156.67268774519087
fps 160.6863179902263
fps 171.5932504070218
fps 166.80822157678924
fps 169.73128419649447
fps 153.12685353713184
fps 157.1071132899913
fps 151.14557265479633
fps 162.03940319783402
fps 144.6933503271877
fps 152.36193662859873
fps 151.96782220394078
fps 160.69226912904676
fps 159.06414185813054
fps 152.40406170535456
fps 156.868251009682
fps 157.93383965804153
fps 153.5859762804861
fps 150.35074986157403
fps 157.6060167522837
fps 160.9816231125164
fps 149.44678455758296
fps 148.7528823575419
fps 143.16505426721537
fps 155.01708705978817
fps 166.22895850312992
fps 156.2202443089004
fps 156.28782652697527
fps 154.24860235724492
fps 161.030026431903
fps 166.744979660607
fps 157.36809789390927
fps 143.95784588936107
fps 138.41693344742606
fps 145.114320536134
fps 155.4996858915736
fps 159.09352432617317
fps 153.04006324412984
fps 155.83393025209878
fps 158.88415382209618
fps 161.2957764970208
fps 154.18186999311692
fps 157.2780362489286
fps 157.44268252675988
fps 120.03389280782265
fps 159.03649373684206
fps 151.67849424476373
fps 167.58472402748782
fps 151.10097760002103
fps 155.19526205889738
fps 153.69056230923889
fps 152.28301311530436
fps 158.7246648257684
fps 160.30927318751824
fps 172.6440219408206
fps 160.4920887922792
fps 149.47822485039083
fps 154.01540011618846
fps 157.84312391972446
fps 154.67217892518713
fps 154.17089988123217
fps 160.35454174532947
fps 157.54521293725156
fps 156.42248582091008
fps 161.2898111979833
fps 157.89579685426156
fps 160.37869992855966
fps 150.28545369950052
fps 149.84267447412242
fps 161.50162949864708
fps 167.00752481552715
fps 159.2939528153023
fps 158.7090139124274
fps 147.75331718967632
fps 153.5005654273372
fps 152.51427261517972
fps 151.52458553643973
fps 158.94940918705336
fps 154.5721244831872
fps 146.46443299947592
fps 145.97138032886832
fps 154.19920766000368
fps 156.58678358528425
fps 155.8106608712509
fps 162.34018319951056
fps 145.61989541250614
fps 148.51121153372242
fps 155.8025286832528
fps 150.80542945589778
fps 155.30029354335076
fps 144.01916359885203
fps 142.09092896946262
fps 151.76136072529872
fps 149.7662481092249
fps 153.23056553954618
fps 157.40630511373612
fps 162.45732515037113
fps 160.08644308540656
fps 161.30208341595667
fps 159.41718276843972
fps 155.87496763379542
fps 152.1893266727692
fps 139.60052518061562
fps 147.02621004657507
fps 151.14046589464525
fps 164.2291730212943
fps 159.57703888038264
fps 164.71846496777061
fps 158.81432495192934
fps 161.03819914501258
fps 157.94382624612217
fps 165.1049420814926
fps 152.7211438345071
fps 151.95794801570764
fps 139.43304103114713
fps 157.7583909208615
fps 150.42231179319074
fps 156.90805973142736
fps 162.38749971504274
fps 159.37940622288534
fps 154.5620666737596
fps 159.82211533172926
fps 156.63092990558778
fps 165.84240984156904
fps 150.8654212835673
fps 139.83231277736104
fps 141.21696557620058
fps 151.74536672015236
fps 145.5501323471303
fps 156.0722923001881
fps 154.66251443523953
fps 148.51085494525762
fps 161.38400688392957
fps 162.70143671631163
fps 150.92729038930113
fps 144.16846187117022
fps 150.4788934509264
fps 137.5629542068029
fps 156.7333648527418
fps 165.76457937740003
fps 160.62495620945148
fps 149.38890444737385
fps 155.17842200648468
fps 165.27579676541146
fps 158.32462485971777
fps 150.1485182146548
fps 153.57626780796858
fps 153.79884477946928
fps 133.0620574189053
fps 140.54295298438012
fps 158.22556402868986
fps 152.22585930961733
fps 155.81330027989173
fps 151.86685084830103
fps 150.58537155370394
fps 151.58787622605828
fps 160.53291764419535
fps 163.22480943910585
fps 166.09157156812438
fps 149.91859914476012
fps 134.26178251312533
fps 150.5551992500102
fps 159.28859138944452
fps 154.8302640172932
fps 149.1680113909298
fps 155.8903879356275
fps 155.18974053343902
fps 154.96541339028443
fps 149.33414990002709
fps 152.6004431140737
fps 151.18921681418632
fps 135.49223407390943
fps 157.25240608396825
fps 162.80238006407515
fps 165.96372219419456
fps 166.60607657279357
fps 153.3649401939967
fps 157.7030004433125
fps 165.48727308335629
fps 162.39326355109
fps 152.12234793482415
fps 156.76215502141392
fps 154.69546642335922
fps 155.59732947893684
fps 150.33032629882948
fps 148.00749090699563
fps 130.9828837995646
fps 136.5550815192391
fps 152.0520659556973
fps 154.58978577703917
fps 157.89139244844472
fps 165.43823064842903
fps 160.21068469898725
fps 150.93417341149288
fps 161.65330204896753
fps 158.1073885493025
fps 148.92396805871
fps 134.74997503991048
fps 142.71025607433808
fps 157.36826469250843
fps 154.86535851430844
fps 157.61744268348184
fps 151.52518015409308
fps 150.28866886309066
fps 156.05658160031342
fps 164.35541754615303
fps 148.89647594592626
fps 146.78213907462742
fps 136.50180755881294
fps 138.58522072039042
fps 141.5028666823788
fps 149.48852163328877
fps 154.23043443335033
fps 155.0843538669726
fps 154.40330181370445
fps 151.31922074959814
fps 160.6890705343314
fps 157.83177549291437
fps 154.76628508179067
fps 144.0249846007515
fps 138.73287774016387
fps 147.94363747134554
fps 146.12662377848426
fps 152.89185334855458
fps 150.9684359429802
fps 151.0380944507989
fps 157.26325932569983
fps 150.35534121186103
fps 159.44179497161056
fps 156.3217963270339
fps 150.8197813027159
fps 140.22259078085528
fps 149.43289312758893
fps 162.6843733807119
fps 162.55093694071303
fps 156.94513873556016
fps 158.9192324144551
fps 156.24795242684092
fps 148.14842385080414
fps 151.055290210801
fps 160.36007939647712
fps 153.09125586389243
fps 140.24544203740726
fps 139.35354058664157
fps 146.6626431482825
fps 157.5502571701095
fps 163.37761025104228
fps 160.6827183558097
fps 158.8667252601498
fps 166.17306002606318
fps 161.10306154316265
fps 157.17266347556964
fps 154.4130653934065
fps 156.3874080842268
fps 142.41153910609287
fps 149.82060292081673
fps 159.54433385942804
fps 157.18218072346704
fps 155.25319518034289
fps 158.17013957229713
fps 167.03736264173898
fps 174.63008786777013
fps 161.8255398938394
fps 164.67048923947124
fps 169.55143145000056
fps 158.39661038072578
fps 138.85325218091336
fps 154.5117303729591
fps 161.7223025144111
fps 154.34017282845605
fps 159.69827361982684
fps 159.2026570853718
fps 161.17831136112648
fps 163.08309655041674
fps 171.91926968913083
fps 167.23254656119732
fps 165.21228038670176
fps 153.33405271245115
fps 142.81409512621659
fps 149.07045125697795
fps 161.4661286039454
fps 161.91144495066305
fps 178.70075095954687
fps 160.46386496192255
fps 140.32203630723424
fps 174.33716684677657
fps 164.6304879987605
fps 160.69765158209242
fps 174.84494122867284
fps 164.33352535205998
fps 154.04373426374784
fps 163.39487581781665
fps 167.51825843882332
fps 178.19426026757654
fps 170.84272309591174
fps 165.3181745373943
fps 181.72181034467306
fps 168.51128292533247
fps 162.5555504120073
fps 160.9312598100996
fps 165.31145436764493
fps 161.00825280951022
fps 149.29356641264758
fps 160.86512624734308
fps 191.648309078993
fps 182.7499174248316
fps 172.74448564321014
fps 184.12501768608212
fps 173.03742852880148
fps 181.626241942212
fps 175.9575074959862
fps 164.58981994608789
fps 169.18795227770207
fps 168.42607676944854
fps 180.92411563666064
fps 145.3161879127106
fps 152.26131851549167
fps 167.66270349980394
fps 167.26418452584147
fps 163.4579370255642
fps 181.51092718606066
fps 175.0213582614424
fps 176.55258992695676
fps 187.73911299911117
fps 203.5540156057323
fps 176.4889756573979
fps 185.278819871828
fps 173.24323551610985
fps 153.7599799671939
fps 164.85787988263826
fps 177.14860277224332
fps 173.9071566766228
fps 173.04742107957028
fps 187.93640469426765
fps 177.55621453870717
fps 174.08203131120277
fps 169.4256321836573
fps 175.37598480143149
fps 173.71443576125046
fps 186.10105932229888
fps 177.9573283560514
fps 162.72060696594585
fps 166.81701871523998
fps 171.83613529129914
fps 181.94753556621433
fps 181.9043321194445
fps 174.69998531282175
fps 181.67837513510105
fps 171.02432391106726
fps 181.2056467303095
fps 200.69184203578266
fps 192.56488179079383
fps 181.16000238300566
fps 174.3854178747466
fps 157.45751203065205
fps 162.60182757468482
fps 183.6630020520056
fps 174.2421491016062
fps 173.9400308796861
fps 178.25696601885264
fps 194.5276805212287
fps 187.80013076830375
fps 171.84396626377736
fps 175.6860160928235
fps 182.31108677261125
fps 174.2544435985839
fps 170.33299219456092
fps 170.67508070993946
fps 155.94088382022528
fps 172.7390133804731
fps 173.52013193007306
fps 177.59203005345188
fps 187.7058329222601
fps 184.97459221680168
fps 179.45392932260498
fps 177.94236182554306
fps 183.8421321463562
fps 177.88150808146918
fps 167.61031338626532
fps 180.7941623753032
fps 167.45804596518454
fps 159.34890857126453
fps 168.66508603702417
fps 183.4978515622554
fps 180.414198276958
fps 191.72267738614653
fps 193.80074324175249
fps 184.41989921483884
fps 191.61486686541576
fps 164.95625243608634
fps 178.1281721074176
fps 170.01824683128797
fps 176.05536279602413
fps 178.33014069766142
fps 156.34537562796382
fps 168.69793886190698
fps 180.1989716562573
fps 187.6110590794486
fps 179.10293430443872
fps 183.24161804492425
fps 180.3783835949816
fps 172.72016391845685
fps 179.88324176457473
fps 168.96887232251404
fps 186.0577686574381
fps 193.06357856681706
fps 200.46862836899268
fps 167.99257549864586
fps 164.89587142105034
fps 178.4397537615217
fps 163.65615971377193
fps 181.73758183901538
fps 182.5871419299699
fps 177.48280088892065
fps 179.7080862515085
fps 172.71447938889057
fps 190.09008946998844
fps 199.7421279821594
fps 181.1963267839891
fps 175.23732113736833
fps 178.39526486984195
fps 157.30269619064717
fps 169.0993919578319
fps 207.4388451988476
fps 174.14714901058716
fps 187.30167379639167
fps 177.11381380123123
fps 187.33117838629119
fps 183.37786526992252
fps 176.75241043760167
fps 186.75503263310716
fps 180.64064796323925
fps 165.1638097093461
fps 199.50169809706463
fps 166.64613332695575
fps 165.54009107725483
fps 186.13125288969778
fps 169.2915371561962
fps 186.75370373287205
fps 181.1424421551052
fps 188.18869401627387
fps 167.07678807878398
fps 176.53378693700571
fps 183.20928504321483
fps 183.97951123862708
fps 188.04415954613538
fps 183.0632062837718
fps 162.95744301743608
fps 158.5050635808678
fps 188.94292681123557
fps 182.87224445101214
fps 174.7072994666443
fps 169.11758765238764
fps 185.42070735210302
fps 175.64131233160552
fps 176.143852817742
fps 170.75011239458289
fps 187.61559340269
fps 181.9166172276646
fps 198.79396346564843
fps 196.5128173665079
fps 159.26204403879612
fps 165.08699850795824
fps 179.80197040413756
fps 177.49491382240666
fps 187.87649283572335
fps 194.69900515508795
fps 178.14430295944823
fps 183.86219083193788
fps 191.11645275434455
fps 180.04983185459596
fps 178.4358627664119
fps 187.22108980203075
fps 184.90287975088282
fps 175.91335624333178
fps 162.64343786613645
fps 184.36834785350456
fps 186.09102260580835
fps 177.20017224644715
fps 178.353308923153
fps 184.11860819175413
fps 186.4666504807577
fps 175.26130516187675
fps 181.6925014755151
fps 177.97807511684522
fps 174.8022584677812
fps 185.99775807239845
fps 178.5851692025192
fps 163.96130334374382
fps 168.38564785009464
fps 175.95374199286474
fps 180.6562372045618
fps 181.47769144537838
fps 174.05075059820356
fps 169.3510635735955
fps 149.00301529390973
fps 180.31764763572585
fps 179.37415956531476
fps 180.706586778265
fps 175.3598587757241
fps 173.60174747667747
fps 153.25546762637197
fps 175.33027606254538
fps 184.60179474107704
fps 170.2662165605197
fps 188.7641984914096
fps 201.939508497276
fps 186.61355773477683
fps 183.26962055069075
fps 177.264787298637
fps 163.4002196383508
fps 173.2895914183166
fps 177.472409230853
fps 176.11043385488614
fps 152.07093069021258
fps 162.9798855907979
fps 176.18278710450383
fps 133.49629426832243
fps 173.76777330871516
fps 181.51831314110103
fps 190.19699640897684
fps 163.73788648208827
fps 172.519898550824
fps 185.7888173719798
fps 179.70017320540822
fps 174.4688030460694
fps 156.20990179491474
fps 153.43074261501
fps 170.70774599649346
fps 179.29608937762387
fps 181.71709635675452
fps 197.87562779361235
fps 187.37405139512924
fps 175.26769917255348
fps 184.6775950687699
fps 183.3053975202984
fps 172.37426988108675
fps 176.40460443315823
fps 170.42608267877708
fps 172.6180754309311
fps 138.62290182263902
fps 175.84476405661488
fps 182.44556882465892
fps 184.1399403822103
fps 186.8852822410974
fps 179.54122318206063
fps 181.03821495186773
fps 172.86907992363822
fps 180.1124196964067
fps 175.0295502663332
fps 174.3265379866528
fps 173.93970627791555
fps 176.06133819554543
fps 165.24631105989332
fps 170.78340662116665
fps 173.0053383607183
fps 179.6456641170667
fps 178.51390296779718
fps 172.96103515985976
fps 182.24814174492892
fps 176.3615077385013
fps 172.3842577192131
fps 175.5392954804288
fps 178.2424163075273
fps 159.60216734802876
fps 156.85747495037683
fps 154.17121368599675
fps 162.1814213645887
fps 162.92891787957535
fps 178.04188900712592
fps 183.1824340101407
fps 183.77914277247478
fps 174.92189478770638
fps 173.06547306358843
fps 175.79471946736342
fps 176.33228992301238
fps 182.13485178960468
fps 190.36530446653185
fps 157.25702401934203
fps 149.6067391773977
fps 166.31686497865996
fps 156.18723065596083
fps 168.66731030591902
fps 168.25811003339493
fps 180.24803543303932
fps 164.91228212445068
fps 166.67714284144597
fps 160.88961904960732
fps 181.63119012876152
fps 180.02549881300132
fps 168.7398034651651
fps 158.92701838604538
fps 165.95942749314636
fps 172.9949002580774
fps 177.72496132953466
fps 176.3355174897196
fps 169.40325030186082
fps 178.16102985200575
fps 185.48111557599682
fps 178.04586912251412
fps 193.77625131905288
fps 171.35105029860705
fps 166.38571937997963
fps 166.5360118954833
fps 167.89192192493692
fps 168.64406160357478
fps 181.53423593470518
fps 175.13827075623027
fps 174.89212919896144
fps 168.5067225088298
fps 178.1770796112916
fps 168.93920001833868
fps 180.7968096245124
fps 180.16172267568672
fps 170.17113308410688
fps 179.73519674883923
fps 170.7115195972078
fps 162.65584006932033
fps 161.07911420723642
fps 169.91761800706144
fps 176.78462190425518
fps 180.98996286732933
fps 187.4269185678311
fps 183.5899763209787
fps 177.09971041873092
fps 178.49410736320098
fps 167.36825145402787
fps 171.0771808098833
fps 180.98936931195004
fps 174.7622679902428
fps 164.41411393550018
fps 165.8897599562967
fps 159.73755696263083
fps 173.4138443021152
fps 166.58603784154647
fps 170.43119901988237
fps 167.63994740268194
fps 185.64404952919915
fps 180.69472727818436
fps 175.1502490812593
fps 182.47180237476047
fps 183.316939697436
fps 158.96872704126181
fps 157.1255503286199
fps 169.06442464012883
fps 165.67763353487803
fps 178.20918969950336
fps 169.655825300637
fps 163.47577230747984
fps 171.383137145608
fps 167.14552848864932
fps 171.5393910301702
fps 177.67266593304166
fps 160.58787595811157
fps 163.67626738897405
fps 153.6201498695572
fps 159.40479735183746
fps 159.12875090670067
fps 167.41785401409462
fps 176.484689830744
fps 175.29119289410394
fps 166.07691823176498
fps 174.50651518790548
fps 176.31471320271257
fps 166.68932365050762
fps 171.48300770106914
fps 160.3989069553236
fps 168.96226259279862
fps 159.10562867441595
fps 161.17590125626987
fps 153.67210860163127
fps 166.52792041447577
fps 167.87090502375307
fps 174.42733329806606
fps 168.42510920015886
fps 169.6129035411644
fps 160.73472711438671
fps 177.11574715020927
fps 175.52030600965102
fps 164.3609962691357
fps 162.4580185009384
fps 158.56915958680756
fps 157.5023141391653
fps 163.64067598842257
fps 170.30428584651602
fps 177.6813333568516
fps 172.84548658526717
fps 169.0909293259988
fps 166.40331551039597
fps 169.72989719376392
fps 171.7848901197017
fps 176.7871213678542
fps 148.66688330766007
fps 175.25821520337504
fps 176.23217498628617
fps 166.5206937089139
fps 162.72874226404628
fps 166.4978008173461
fps 168.79716814376542
fps 158.3062440721877
fps 169.46154758712822
fps 175.8866893344267
fps 173.16329038249384
fps 167.85398378147394
fps 163.35998884761352
fps 163.55639616392804
fps 165.39381390885657
fps 169.0843671300332
fps 174.9097521033612
fps 177.5831819619027
fps 174.2954599700118
fps 172.45502309840415
fps 176.08668029964315
fps 168.93125987859318
fps 180.32984388865182
fps 162.0497518062569
fps 154.19394880407714
fps 174.08797421526424
fps 162.71206731692806
fps 157.7079183976418
fps 169.06891945758426
fps 172.05721438407997
fps 165.38948099032362
fps 157.6494435136499
fps 169.97839371128364
fps 181.89461822635852
fps 163.10594281932367
fps 172.28377679849427
fps 160.78641860731764
fps 162.80595088118326
fps 155.90999368845402
fps 161.73547985149227
fps 154.1963427560612
fps 169.293567858868
fps 178.43560893955782
fps 178.51864598037065
fps 192.44145917600483
fps 166.07652203158793
fps 169.37203041523915
fps 166.09370175782334
fps 173.56574732921348
fps 169.71712675850884
fps 156.46308598536322
fps 177.30804602842608
fps 152.92049861840678
fps 153.46710972082226
fps 160.82365305016856
fps 162.37683801122282
fps 163.4088873805527
fps 178.4052792204063
fps 172.69961683248357
fps 164.28985820093504
fps 170.76426932780683
fps 158.23552187901663
fps 154.69807995248377
fps 166.26988498597015
fps 153.50262821145498
fps 158.59670278845113
fps 174.91044549579277
fps 173.90716929527832
fps 177.35671648516433
fps 173.68807393188166
fps 172.93908927280563
fps 170.41863399806098
fps 166.98086440054414
fps 168.21131095161448
fps 156.75207601446294
fps 157.08269442554382
fps 163.83898760625578
fps 157.7115775991416
fps 158.76269385528673
fps 164.35134856568362
fps 168.34083512108717
fps 156.47613746542223
fps 170.31661918341166
fps 166.78283549164522
fps 177.66102915902596
fps 162.86036903570923
fps 173.46824705885373
fps 157.24763071949582
fps 170.89013554078403
fps 162.0938855658664
fps 158.52528463571477
fps 167.76265876182103
fps 160.5868530163591
fps 165.95257055090605
fps 168.74692916754023
fps 179.574117105269
fps 171.5860380427132
fps 179.7074120466818
fps 182.96737199215164
fps 159.09890619795962
fps 159.0111267330821
fps 188.68965502659347
fps 175.41018285031956
fps 178.72940143069516
fps 145.62870929963205
fps 171.62602013684767
fps 156.0989265629438
fps 171.83554393819617
fps 176.09654294933824
fps 176.45411862703477
fps 178.36003198224122
fps 170.18050515663015
fps 154.92317609171224
fps 166.06473758467956
fps 167.030834979077
java -jar /seu_share/home/weiweiwu/uRTS/microrts/microrts/rts_wrapper/microrts-java.jar --map /seu_share/home/weiweiwu/uRTS/microrts/microrts/rts_wrapper/maps/6x6/fullgame6x6.xml --ai1_type socketAI --ai2_type UCT --maxCycles 2000 --maxEpisodes 100000 --period 1 --render 0 --port1 52208
Player0 Wait for Java client connection...
Player0: Send welcome msg to client...
Client: ack!
Server: Send reset command...
Client received info:
--map
/seu_share/home/weiweiwu/uRTS/microrts/microrts/rts_wrapper/maps/6x6/fullgame6x6.xml
--ai1_type
socketAI
--ai2_type
UCT
--maxCycles
2000
--maxEpisodes
100000
--period
1
--render
0
--port1
52208
GymSocketAI: welcome message received

java -jar /seu_share/home/weiweiwu/uRTS/microrts/microrts/rts_wrapper/microrts-java.jar --map /seu_share/home/weiweiwu/uRTS/microrts/microrts/rts_wrapper/maps/6x6/fullgame6x6.xml --ai1_type socketAI --ai2_type WorkerRush --maxCycles 2000 --maxEpisodes 100000 --period 1 --render 0 --port1 44981
Player0 Wait for Java client connection...
Player0: Send welcome msg to client...
Client: ack!
Server: Send reset command...
Client received info:
--map
/seu_share/home/weiweiwu/uRTS/microrts/microrts/rts_wrapper/maps/6x6/fullgame6x6.xml
--ai1_type
socketAI
--ai2_type
WorkerRush
--maxCycles
2000
--maxEpisodes
100000
--period
1
--render
0
--port1
44981
GymSocketAI: welcome message received

java -jar /seu_share/home/weiweiwu/uRTS/microrts/microrts/rts_wrapper/microrts-java.jar --map /seu_share/home/weiweiwu/uRTS/microrts/microrts/rts_wrapper/maps/6x6/fullgame6x6.xml --ai1_type socketAI --ai2_type NaiveMCTS --maxCycles 2000 --maxEpisodes 100000 --period 1 --render 0 --port1 38908
Player0 Wait for Java client connection...
Player0: Send welcome msg to client...
Client: ack!
Server: Send reset command...
Client received info:
--map
/seu_share/home/weiweiwu/uRTS/microrts/microrts/rts_wrapper/maps/6x6/fullgame6x6.xml
--ai1_type
socketAI
--ai2_type
NaiveMCTS
--maxCycles
2000
--maxEpisodes
100000
--period
1
--render
0
--port1
38908
GymSocketAI: welcome message received

java -jar /seu_share/home/weiweiwu/uRTS/microrts/microrts/rts_wrapper/microrts-java.jar --map /seu_share/home/weiweiwu/uRTS/microrts/microrts/rts_wrapper/maps/6x6/fullgame6x6.xml --ai1_type socketAI --ai2_type Passive --maxCycles 2000 --maxEpisodes 100000 --period 1 --render 0 --port1 51531
Player0 Wait for Java client connection...
Player0: Send welcome msg to client...
Client: ack!
Server: Send reset command...
Client received info:
--map
/seu_share/home/weiweiwu/uRTS/microrts/microrts/rts_wrapper/maps/6x6/fullgame6x6.xml
--ai1_type
socketAI
--ai2_type
Passive
--maxCycles
2000
--maxEpisodes
100000
--period
1
--render
0
--port1
51531
GymSocketAI: welcome message received

java -jar /seu_share/home/weiweiwu/uRTS/microrts/microrts/rts_wrapper/microrts-java.jar --map /seu_share/home/weiweiwu/uRTS/microrts/microrts/rts_wrapper/maps/6x6/fullgame6x6.xml --ai1_type socketAI --ai2_type socketAI --maxCycles 2000 --maxEpisodes 100000 --period 1 --render 0 --port1 46478 --port2 56556
Player0 Wait for Java client connection...
Player0: Send welcome msg to client...
Client: ack!
Player1 Wait for Java client connection...
Player1: Send welcome msg to client...
Client: ack!
Server: Send reset command...
Server: Send reset command...
Client received info:
--map
/seu_share/home/weiweiwu/uRTS/microrts/microrts/rts_wrapper/maps/6x6/fullgame6x6.xml
--ai1_type
socketAI
--ai2_type
socketAI
--maxCycles
2000
--maxEpisodes
100000
--period
1
--render
0
--port1
46478
--port2
56556
GymSocketAI: welcome message received
GymSocketAI: welcome message received

java -jar /seu_share/home/weiweiwu/uRTS/microrts/microrts/rts_wrapper/microrts-java.jar --map /seu_share/home/weiweiwu/uRTS/microrts/microrts/rts_wrapper/maps/6x6/fullgame6x6.xml --ai1_type socketAI --ai2_type socketAI --maxCycles 2000 --maxEpisodes 100000 --period 1 --render 0 --port1 40861 --port2 37015
Player0 Wait for Java client connection...
Player0: Send welcome msg to client...
Client: ack!
Player1 Wait for Java client connection...
Player1: Send welcome msg to client...
Client: ack!
Server: Send reset command...
Server: Send reset command...
Client received info:
--map
/seu_share/home/weiweiwu/uRTS/microrts/microrts/rts_wrapper/maps/6x6/fullgame6x6.xml
--ai1_type
socketAI
--ai2_type
socketAI
--maxCycles
2000
--maxEpisodes
100000
--period
1
--render
0
--port1
40861
--port2
37015
GymSocketAI: welcome message received
client request for connecting to server...
GymSocketAI: welcome message received

java -jar /seu_share/home/weiweiwu/uRTS/microrts/microrts/rts_wrapper/microrts-java.jar --map /seu_share/home/weiweiwu/uRTS/microrts/microrts/rts_wrapper/maps/6x6/fullgame6x6.xml --ai1_type socketAI --ai2_type socketAI --maxCycles 2000 --maxEpisodes 100000 --period 1 --render 0 --port1 38990 --port2 43845
Player0 Wait for Java client connection...
Player0: Send welcome msg to client...
Client: ack!
Player1 Wait for Java client connection...
Player1: Send welcome msg to client...
Client: ack!
Server: Send reset command...
Server: Send reset command...
Client received info:
--map
/seu_share/home/weiweiwu/uRTS/microrts/microrts/rts_wrapper/maps/6x6/fullgame6x6.xml
--ai1_type
socketAI
--ai2_type
socketAI
--maxCycles
2000
--maxEpisodes
100000
--period
1
--render
0
--port1
38990
--port2
43845
GymSocketAI: welcome message received
GymSocketAI: welcome message received

java -jar /seu_share/home/weiweiwu/uRTS/microrts/microrts/rts_wrapper/microrts-java.jar --map /seu_share/home/weiweiwu/uRTS/microrts/microrts/rts_wrapper/maps/6x6/fullgame6x6.xml --ai1_type socketAI --ai2_type socketAI --maxCycles 2000 --maxEpisodes 100000 --period 1 --render 0 --port1 34044 --port2 58754
Player0 Wait for Java client connection...
Player0: Send welcome msg to client...
Client: ack!
Player1 Wait for Java client connection...
Player1: Send welcome msg to client...
Client: ack!
Server: Send reset command...
Server: Send reset command...
Client received info:
--map
/seu_share/home/weiweiwu/uRTS/microrts/microrts/rts_wrapper/maps/6x6/fullgame6x6.xml
--ai1_type
socketAI
--ai2_type
socketAI
--maxCycles
2000
--maxEpisodes
100000
--period
1
--render
0
--port1
34044
--port2
58754
GymSocketAI: welcome message received
client request for connecting to server...
GymSocketAI: welcome message received

java -jar /seu_share/home/weiweiwu/uRTS/microrts/microrts/rts_wrapper/microrts-java.jar --map /seu_share/home/weiweiwu/uRTS/microrts/microrts/rts_wrapper/maps/6x6/fullgame6x6.xml --ai1_type socketAI --ai2_type MCTS --maxCycles 2000 --maxEpisodes 100000 --period 1 --render 0 --port1 60039
Player0 Wait for Java client connection...
Player0: Send welcome msg to client...
Client: ack!
Server: Send reset command...
Client received info:
--map
/seu_share/home/weiweiwu/uRTS/microrts/microrts/rts_wrapper/maps/6x6/fullgame6x6.xml
--ai1_type
socketAI
--ai2_type
MCTS
--maxCycles
2000
--maxEpisodes
100000
--period
1
--render
0
--port1
60039
GymSocketAI: welcome message received

java -jar /seu_share/home/weiweiwu/uRTS/microrts/microrts/rts_wrapper/microrts-java.jar --map /seu_share/home/weiweiwu/uRTS/microrts/microrts/rts_wrapper/maps/6x6/fullgame6x6.xml --ai1_type socketAI --ai2_type socketAI --maxCycles 2000 --maxEpisodes 100000 --period 1 --render 0 --port1 51716 --port2 47322
Player0 Wait for Java client connection...
Player0: Send welcome msg to client...
Client: ack!
Player1 Wait for Java client connection...
Player1: Send welcome msg to client...
Client: ack!
Server: Send reset command...
Server: Send reset command...
Client received info:
--map
/seu_share/home/weiweiwu/uRTS/microrts/microrts/rts_wrapper/maps/6x6/fullgame6x6.xml
--ai1_type
socketAI
--ai2_type
socketAI
--maxCycles
2000
--maxEpisodes
100000
--period
1
--render
0
--port1
51716
--port2
47322
GymSocketAI: welcome message received
client request for connecting to server...
GymSocketAI: welcome message received

java -jar /seu_share/home/weiweiwu/uRTS/microrts/microrts/rts_wrapper/microrts-java.jar --map /seu_share/home/weiweiwu/uRTS/microrts/microrts/rts_wrapper/maps/6x6/fullgame6x6.xml --ai1_type socketAI --ai2_type socketAI --maxCycles 2000 --maxEpisodes 100000 --period 1 --render 0 --port1 33878 --port2 40263
Player0 Wait for Java client connection...
Player0: Send welcome msg to client...
Client: ack!
Player1 Wait for Java client connection...
Player1: Send welcome msg to client...
Client: ack!
Server: Send reset command...
Server: Send reset command...
Client received info:
--map
/seu_share/home/weiweiwu/uRTS/microrts/microrts/rts_wrapper/maps/6x6/fullgame6x6.xml
--ai1_type
socketAI
--ai2_type
socketAI
--maxCycles
2000
--maxEpisodes
100000
--period
1
--render
0
--port1
33878
--port2
40263
GymSocketAI: welcome message received
client request for connecting to server...
GymSocketAI: welcome message received

java -jar /seu_share/home/weiweiwu/uRTS/microrts/microrts/rts_wrapper/microrts-java.jar --map /seu_share/home/weiweiwu/uRTS/microrts/microrts/rts_wrapper/maps/6x6/fullgame6x6.xml --ai1_type socketAI --ai2_type socketAI --maxCycles 2000 --maxEpisodes 100000 --period 1 --render 0 --port1 44176 --port2 57199
Player0 Wait for Java client connection...
Player0: Send welcome msg to client...
Client: ack!
Player1 Wait for Java client connection...
Player1: Send welcome msg to client...
Client: ack!
Server: Send reset command...
Server: Send reset command...
ParallelVecEnv worker: got KeyboardInterrupt
Client received info:
--map
/seu_share/home/weiweiwu/uRTS/microrts/microrts/rts_wrapper/maps/6x6/fullgame6x6.xml
--ai1_type
socketAI
--ai2_type
socketAI
--maxCycles
2000
--maxEpisodes
100000
--period
1
--render
0
--port1
44176
--port2
57199
GymSocketAI: welcome message received
client request for connecting to server...
GymSocketAI: welcome message received

java -jar /seu_share/home/weiweiwu/uRTS/microrts/microrts/rts_wrapper/microrts-java.jar --map /seu_share/home/weiweiwu/uRTS/microrts/microrts/rts_wrapper/maps/6x6/fullgame6x6.xml --ai1_type socketAI --ai2_type Random --maxCycles 2000 --maxEpisodes 100000 --period 1 --render 0 --port1 58483
Player0 Wait for Java client connection...
Player0: Send welcome msg to client...
Client: ack!
Server: Send reset command...
Client received info:
--map
/seu_share/home/weiweiwu/uRTS/microrts/microrts/rts_wrapper/maps/6x6/fullgame6x6.xml
--ai1_type
socketAI
--ai2_type
Random
--maxCycles
2000
--maxEpisodes
100000
--period
1
--render
0
--port1
58483
GymSocketAI: welcome message received

java -jar /seu_share/home/weiweiwu/uRTS/microrts/microrts/rts_wrapper/microrts-java.jar --map /seu_share/home/weiweiwu/uRTS/microrts/microrts/rts_wrapper/maps/6x6/fullgame6x6.xml --ai1_type socketAI --ai2_type socketAI --maxCycles 2000 --maxEpisodes 100000 --period 1 --render 0 --port1 36910 --port2 52795
Player0 Wait for Java client connection...
Player0: Send welcome msg to client...
Client: ack!
Player1 Wait for Java client connection...
Player1: Send welcome msg to client...
Client: ack!
Server: Send reset command...
Server: Send reset command...
Client received info:
--map
/seu_share/home/weiweiwu/uRTS/microrts/microrts/rts_wrapper/maps/6x6/fullgame6x6.xml
--ai1_type
socketAI
--ai2_type
socketAI
--maxCycles
2000
--maxEpisodes
100000
--period
1
--render
0
--port1
36910
--port2
52795
GymSocketAI: welcome message received
GymSocketAI: welcome message received

java -jar /seu_share/home/weiweiwu/uRTS/microrts/microrts/rts_wrapper/microrts-java.jar --map /seu_share/home/weiweiwu/uRTS/microrts/microrts/rts_wrapper/maps/6x6/fullgame6x6.xml --ai1_type socketAI --ai2_type socketAI --maxCycles 2000 --maxEpisodes 100000 --period 1 --render 0 --port1 53068 --port2 37024
Player0 Wait for Java client connection...
Player0: Send welcome msg to client...
Client: ack!
Player1 Wait for Java client connection...
Player1: Send welcome msg to client...
Client: ack!
Server: Send reset command...
Server: Send reset command...
Client received info:
--map
/seu_share/home/weiweiwu/uRTS/microrts/microrts/rts_wrapper/maps/6x6/fullgame6x6.xml
--ai1_type
socketAI
--ai2_type
socketAI
--maxCycles
2000
--maxEpisodes
100000
--period
1
--render
0
--port1
53068
--port2
37024
GymSocketAI: welcome message received
client request for connecting to server...
GymSocketAI: welcome message received

java -jar /seu_share/home/weiweiwu/uRTS/microrts/microrts/rts_wrapper/microrts-java.jar --map /seu_share/home/weiweiwu/uRTS/microrts/microrts/rts_wrapper/maps/6x6/fullgame6x6.xml --ai1_type socketAI --ai2_type socketAI --maxCycles 2000 --maxEpisodes 100000 --period 1 --render 0 --port1 34745 --port2 54417
Player0 Wait for Java client connection...
Player0: Send welcome msg to client...
Client: ack!
Player1 Wait for Java client connection...
Player1: Send welcome msg to client...
Client: ack!
Server: Send reset command...
Server: Send reset command...
Client received info:
--map
/seu_share/home/weiweiwu/uRTS/microrts/microrts/rts_wrapper/maps/6x6/fullgame6x6.xml
--ai1_type
socketAI
--ai2_type
socketAI
--maxCycles
2000
--maxEpisodes
100000
--period
1
--render
0
--port1
34745
--port2
54417
GymSocketAI: welcome message received
GymSocketAI: welcome message received



PS:

Read file <14185.err> for stderr output of this job.

