Sender: LSF System <lsfadmin@gpu19>
Subject: Job 14183: <PPO_League_Six> in cluster <cluster1> Exited

Job <PPO_League_Six> was submitted from host <login01> by user <weiweiwu> in cluster <cluster1> at Fri Mar 12 12:40:10 2021
Job was executed on host(s) <16*gpu19>, in queue <gpu_v100>, as user <weiweiwu> in cluster <cluster1> at Fri Mar 12 14:48:43 2021
</seu_share/home/weiweiwu> was used as the home directory.
</seu_share/home/weiweiwu/uRTS/microrts/sub_job/ZT_FG_v1> was used as the working directory.
Started at Fri Mar 12 14:48:43 2021
Terminated at Mon Mar 15 10:56:20 2021
Results reported at Mon Mar 15 10:56:20 2021

Your job looked like:

------------------------------------------------------------
# LSBATCH: User input
#!/bin/bash
#BSUB -J PPO_League_Six
#BSUB -o %J.out
#BSUB -e %J.err
#BSUB -q gpu_v100
#BSUB -gpu num=1
JAVA_HOME=/seu_share/home/weiweiwu/wlocal/jdk/jdk-11.0.1
#JRE_HOME=${JAVA_HOME}/jre
CLASSPATH=.:${JAVA_HOME}/lib
PATH=$JAVA_HOME/bin:$PATH
PATH=/seu_share/home/weiweiwu/anaconda3/bin:$PATH
LD_LIBRARY_PATH=/seu_share/home/weiweiwu/anaconda3/lib:$LD_LIBRARY_PATH
export JAVA_HOME  CLASSPATH PATH 
cd ~/uRTS/microrts
python3 test_paralell.py  --algo ppo -lr 1e-4 --env-id  fullgame-v1 --render 0 --saving-prefix PPO_League_Six --league Random,WorkerRush,NaiveMCTS,UCT,MCTS,Passive --num-process 16

------------------------------------------------------------

TERM_OWNER: job killed by owner.
Exited with exit code 130.

Resource usage summary:

    CPU time :                                   650388.56 sec.
    Max Memory :                                 25636 MB
    Average Memory :                             24822.32 MB
    Total Requested Memory :                     -
    Delta Memory :                               -
    Max Swap :                                   -
    Max Processes :                              36
    Max Threads :                                740
    Run time :                                   245256 sec.
    Turnaround time :                            252970 sec.

The output (if any) follows:

Random,WorkerRush,NaiveMCTS,UCT,MCTS,Passive
cuda:0
league learning staring
Random
WorkerRush
NaiveMCTS
UCT
MCTS
Passive
All leagues participated are ['Random', 'WorkerRush', 'NaiveMCTS', 'UCT', 'MCTS', 'Passive', 'socketAI', 'socketAI', 'socketAI', 'socketAI', 'socketAI', 'socketAI', 'socketAI', 'socketAI', 'socketAI', 'socketAI']
16 16
fps 143.94317800163702
fps 162.49851682180142
fps 140.75122977727298
fps 144.43870006370068
fps 139.82829877719823
fps 140.17652439652556
fps 140.24159302200522
fps 135.08652890546375
fps 128.08656265061364
fps 149.54175594821984
fps 139.13498458885508
fps 135.49566074413474
fps 136.66195856111602
fps 133.25716054858773
fps 138.44271673792858
fps 138.4729488205903
fps 132.28320856893052
fps 142.81947444578503
fps 134.84077842473894
fps 140.11493615447648
fps 122.68630457862162
fps 137.30462626031172
fps 150.73189852315144
fps 139.36331914412412
fps 142.72831240078344
fps 139.18420716538856
fps 147.35838291412395
fps 152.7679134838284
fps 145.87473979443556
fps 181.15424118114024
fps 150.95425545033885
fps 151.74455317770537
fps 151.53003614484942
fps 141.7701864981087
fps 131.6258876481049
fps 141.57508084841865
fps 141.38727361277913
fps 136.2781807756668
fps 137.4492387743464
fps 138.60019148794584
fps 137.2644584297021
fps 133.65323820232297
fps 141.08885276304648
fps 150.85347511956763
fps 144.99373393278947
fps 143.34864934876873
fps 143.2818556815356
fps 138.74752558072365
fps 141.00927058880356
fps 143.2247073311707
fps 132.54053698296414
fps 135.06591221420453
fps 138.9551889530813
fps 137.62791147690152
fps 152.0897411654852
fps 139.80632564980164
fps 157.12053913986878
fps 141.91906662934034
fps 152.18257682957804
fps 133.17782969258687
fps 144.87542582487188
fps 135.72586989104747
fps 143.2019637322586
fps 140.63192890112722
fps 149.38112052535035
fps 145.29341384458192
fps 144.8658547863361
fps 150.14102409469533
fps 138.41893422555043
fps 138.13727254451624
fps 142.1601258051346
fps 145.16382949927814
fps 144.6882821884513
fps 146.0664220209661
fps 134.89023812007383
fps 156.5185940018788
fps 136.80093234461108
fps 151.33229800685586
fps 149.41693434926458
fps 162.48037170714974
fps 163.29599986817354
fps 148.94434711567197
fps 148.47610909493224
fps 153.59235870047112
fps 162.82023808637666
fps 145.97974430306797
fps 141.26980595789
fps 153.42293902844045
fps 147.99351033392156
fps 140.2026707262103
fps 153.57620735792653
fps 148.70427381123727
fps 142.52892846768475
fps 146.94522078033722
fps 146.54882378219983
fps 149.5411128156472
fps 144.86102002249768
fps 139.66275828115425
fps 142.41993593333083
fps 152.1713314118046
fps 153.52009124175336
fps 153.70479758493357
fps 141.9326650775424
fps 159.35022758487463
fps 141.37185108989135
fps 150.23740688111778
fps 151.26781468732108
fps 150.57686207226618
fps 138.81572055673794
fps 140.34426753445547
fps 154.5922703823344
fps 148.79072223347848
fps 144.09096266259544
fps 144.69267584431918
fps 143.60770598170888
fps 144.44876195683244
fps 145.68548571481764
fps 159.61193251417149
fps 160.78162688810534
fps 152.44321048437058
fps 161.0597535824696
fps 152.50041952527985
fps 147.05126931234267
fps 145.64315630777537
fps 147.43924239263137
fps 140.85746492805941
fps 151.49320161790436
fps 167.2591640176684
fps 154.32697516512684
fps 151.63559814720352
fps 141.4284433228269
fps 156.8243739535006
fps 158.73993282677478
fps 146.65667044639787
fps 157.82611896543935
fps 139.30653064771786
fps 150.53120638865704
fps 140.44184161467766
fps 153.327840976629
fps 149.98527198367444
fps 149.025217567732
fps 143.39496932787165
fps 159.69429934052587
fps 145.14985227232404
fps 150.24010099887695
fps 153.1868511868638
fps 150.97263545303596
fps 154.5901824823447
fps 147.53223418441416
fps 147.51300621397903
fps 160.69170273802703
fps 149.59487446248616
fps 144.76908743374247
fps 145.8712262229354
fps 142.6140236802535
fps 151.1739452514301
fps 147.38701708271677
fps 155.7994697012599
fps 156.94304735769617
fps 154.47056594908477
fps 157.6770408034794
fps 153.0131953530873
fps 149.03702783591322
fps 143.72270306619492
fps 147.2197280073981
fps 137.01049568794681
fps 145.66853961680474
fps 145.43584039572534
fps 148.01569319336517
fps 153.30916115690692
fps 151.92390008234003
fps 154.45357601237131
fps 155.62796590100385
fps 151.32086330151407
fps 152.60864494193643
fps 151.56639222988727
fps 155.82412691501364
fps 164.69145845894153
fps 160.73286151703633
fps 154.5274674413738
fps 145.90986039349139
fps 151.50224764759884
fps 146.60905142903852
fps 148.6496807435461
fps 148.00749547698882
fps 144.60734461392283
fps 150.59772679576315
fps 145.91167852467893
fps 148.6105316736401
fps 149.43483106399196
fps 147.92573615273082
fps 157.67576601480727
fps 150.29795702604756
fps 156.25614937206353
fps 143.8356345684774
fps 149.85362217430983
fps 153.55744027234664
fps 149.8527260617215
fps 151.9794399113851
fps 158.2734489945908
fps 153.53740719698038
fps 153.9339073454866
fps 149.66369512260866
fps 154.0352218938918
fps 159.65408998653174
fps 146.97765483512654
fps 155.0302945088583
fps 152.0452146033094
fps 147.66038739132858
fps 149.11273940712752
fps 149.24419003170973
fps 146.60330247147226
fps 153.45709483661048
fps 147.9494815948479
fps 145.91283585809828
fps 145.01997502990793
fps 147.5563933208606
fps 148.91449668376936
fps 153.1590064794363
fps 152.0937471776568
fps 156.62777981876573
fps 147.4505907304407
fps 155.23360559531065
fps 146.71366763349863
fps 145.60444271734437
fps 148.09386224738216
fps 142.56328762530947
fps 147.01374690086226
fps 150.49305024179256
fps 155.88370918396694
fps 144.28974214689893
fps 144.54215936468643
fps 146.11871128039
fps 150.71815846683344
fps 153.75353147379934
fps 146.31609527512782
fps 147.64149304477885
fps 153.65893557336975
fps 146.90489417988377
fps 158.8004968601681
fps 163.4048615505317
fps 148.20765927843212
fps 142.56773004873816
fps 159.05470937065198
fps 139.82703113874013
fps 143.56941194434592
fps 150.20163506390315
fps 154.52248966695961
fps 157.60437297890576
fps 150.69691553245278
fps 148.5233996723409
fps 151.27840452002187
fps 145.28290589365724
fps 153.36314466855492
fps 151.48786069255638
fps 154.18129507812927
fps 148.01721518538176
fps 154.409027579631
fps 161.9695627563311
fps 166.16636974438273
fps 156.43655487139546
fps 154.0461012763499
fps 162.3929542866138
fps 158.59260587210466
fps 152.6347220962754
fps 169.67494188307316
fps 166.1404086536005
fps 170.7172589166808
fps 162.14951882155398
fps 157.0301645568266
fps 152.45652707825624
fps 151.5351189655497
fps 145.53586538276662
fps 140.80036351656352
fps 143.86340257897018
fps 148.35886441899396
fps 147.94600533269832
fps 155.47074846771034
fps 160.74116348818808
fps 164.44827272149564
fps 141.8001117896544
fps 148.3846399101747
fps 153.35434884864046
fps 157.64604420184725
fps 147.2327167683255
fps 146.62164338137475
fps 154.93608352407423
fps 159.84179971832162
fps 156.94663885085163
fps 161.83750271192736
fps 153.02026576241673
fps 159.05529406187142
fps 155.33206319195835
fps 155.31692676501257
fps 155.8229405246043
fps 161.49373923463634
fps 157.66772802267673
fps 158.00870829433347
fps 155.45765240900815
fps 152.72203009450948
fps 145.32060656960132
fps 153.98549381154615
fps 152.2598700104335
fps 148.3278250012534
fps 157.19654768144332
fps 154.8671722325046
fps 155.19781713107452
fps 164.08710452336487
fps 166.1412123598063
fps 149.20893302834548
fps 155.9793900764195
fps 148.68095417709463
fps 158.46001366472163
fps 150.1774563204238
fps 154.68629462983458
fps 149.90123126367627
fps 151.52911165901406
fps 152.2895126787443
fps 146.23899164959045
fps 145.9840551040468
fps 157.46379280408084
fps 151.17191154639588
fps 157.26341079230704
fps 149.1907729705014
fps 158.9060749984964
fps 162.439432224611
fps 162.13235639369043
fps 166.08007228275545
fps 168.7493401791623
fps 152.28681367527057
fps 148.76717200086773
fps 149.91767546223008
fps 150.3238891768621
fps 153.7445837421851
fps 154.1040627354642
fps 156.5779586224576
fps 153.3091187787975
fps 147.16572329962565
fps 159.32423803578945
fps 163.53901474807176
fps 150.23222812313878
fps 157.5525608031531
fps 145.84364861565064
fps 146.81937373915963
fps 155.04136076119883
fps 153.03094780301475
fps 140.67796780357793
fps 147.39416789467384
fps 148.99753423667613
fps 165.4533282948807
fps 150.0606580893992
fps 150.97511111678438
fps 150.96857348894153
fps 163.16793930250256
fps 152.74690795966936
fps 151.6090981294627
fps 154.54757607506372
fps 155.4302652510898
fps 147.82498147552676
fps 145.3467312872727
fps 146.02410611797333
fps 151.4710052898132
fps 152.568460418495
fps 157.09753819870468
fps 158.60844825526502
fps 160.654045540469
fps 169.18737389248307
fps 151.4085031917807
fps 148.72314849349576
fps 146.6321997888299
fps 149.21910680835762
fps 153.74600639076448
fps 156.1297968080192
fps 163.66245261030912
fps 158.32313862668252
fps 162.05882514239931
fps 153.10578552320254
fps 153.77622495864108
fps 155.11274750780203
fps 162.36565523716092
fps 159.11834982425398
fps 167.1963524816883
fps 155.79820917664247
fps 148.15958756335363
fps 153.95639133305775
fps 155.10675863891203
fps 148.9775960253392
fps 149.93071088813534
fps 145.32903618135336
fps 150.15233963377563
fps 168.09761926382933
fps 145.53696720952382
fps 149.77676445444175
fps 142.62886146523425
fps 155.83396499095304
fps 154.59100474425964
fps 151.42388026784442
fps 149.72456193523925
fps 149.39524344963618
fps 153.13405920182166
fps 152.1768752350862
fps 144.90525633400753
fps 148.82551847271856
fps 155.5359641148469
fps 145.83519723113315
fps 155.0398760717177
fps 154.96153055870943
fps 157.90514217070486
fps 156.6185514554223
fps 144.89817572008752
fps 150.5907203318816
fps 156.0459788109831
fps 149.44324456676705
fps 140.5624675856227
fps 149.9902486807781
fps 148.7331012035227
fps 156.95213119857982
fps 158.9057495244734
fps 151.61851185960714
fps 167.03174751572345
fps 170.42445145247046
fps 161.0860487631686
fps 157.6261660332298
fps 150.21835842493948
fps 158.87814966318885
fps 158.12787824530682
fps 149.6648900445447
fps 152.03356892780877
fps 150.26554415442249
fps 149.32367568022786
fps 143.4967363882804
fps 151.14155141823184
fps 144.70357534669566
fps 144.29054410926517
fps 149.01491634585986
fps 149.49507889667842
fps 147.698888839435
fps 159.77066685938829
fps 146.58809280829024
fps 144.61468883262287
fps 142.34676484159675
fps 149.11044702895572
fps 154.05806934657898
fps 156.39676923504013
fps 156.40281840645338
fps 156.94283521331863
fps 150.10019463835803
fps 153.0235571360996
fps 140.35933778334834
fps 145.50032172137855
fps 142.22079898704357
fps 142.8622063903647
fps 147.48348554230256
fps 144.02107091189856
fps 146.45331680586258
fps 151.70991417741755
fps 150.5130491550118
fps 149.25928132763696
fps 151.7162750471595
fps 140.50027183944428
fps 146.24445679234518
fps 142.2734381537506
fps 148.515242252732
fps 147.53828555257724
fps 147.42336005057723
fps 152.34870537890023
fps 161.0645537762764
fps 163.06855356692196
fps 150.65949960717302
fps 154.7205797820169
fps 154.45717285003306
fps 158.49520054663276
fps 171.0318901455017
fps 166.88948402234806
fps 140.70606926268357
fps 150.51447271616814
fps 151.08306769395375
fps 148.18849864309945
fps 149.38295968971607
fps 141.60074257353145
fps 147.45199582873633
fps 152.85843820115613
fps 148.581444845261
fps 140.30757894680897
fps 154.22290512777064
fps 154.88045852223146
fps 152.75719719773593
fps 154.0066021276362
fps 147.71689721601322
fps 143.5829869025794
fps 143.3839238667404
fps 152.89329683480048
fps 159.82385365120905
fps 151.08806138528848
fps 154.0331419425567
fps 146.8970827089536
fps 151.5391358497871
fps 147.5753252790821
fps 151.38756792233482
fps 147.29638139166357
fps 147.09622747880496
fps 146.94709473012085
fps 154.4460867522912
fps 155.7442922928023
fps 158.5748743733032
fps 158.2759223952021
fps 152.8907745833145
fps 146.07313557531435
fps 152.50760551668185
fps 147.48039349472333
fps 149.85255507207557
fps 141.70753343767373
fps 142.61600761151817
fps 143.18221621595384
fps 145.51640799648294
fps 149.06329812116982
fps 149.9296446975008
fps 152.07531961466094
fps 142.280135455526
fps 142.814996564806
fps 145.10442110146417
fps 152.6068826978312
fps 158.31518911708767
fps 142.9303407874816
fps 150.614156169491
fps 150.50335871725747
fps 146.75020841954725
fps 150.30179278829533
fps 156.48249599397678
fps 160.12753382549192
fps 146.29307530660859
fps 153.31211717540768
fps 153.8445085639393
fps 147.08543361927494
fps 142.77972130415924
fps 147.45004515648932
fps 147.76519383398238
fps 150.27023696790434
fps 147.76474321149826
fps 153.81257096332186
fps 158.09858727392114
fps 152.92473146545947
fps 144.45576171257338
fps 153.8760903719144
fps 146.97709987936898
fps 161.0910079071123
fps 163.2830131791379
fps 155.5815266911918
fps 146.5130664424534
fps 161.05805089282487
fps 150.82510505266632
fps 148.72313893531532
fps 151.06041535897646
fps 153.08405248071114
fps 141.22517457045475
fps 144.37084471124535
fps 142.57692742353134
fps 145.21916449787264
fps 165.30344805281385
fps 154.55319045917585
fps 150.33028117374988
fps 149.97846919938752
fps 153.4234458673998
fps 161.0680189997813
fps 160.02035476199927
fps 149.81502476048288
fps 150.42985627570337
fps 153.01771036118674
fps 150.10478110654006
fps 145.55976592118503
fps 149.4197791046664
fps 134.64086816488958
fps 147.90898698073624
fps 139.24201517816775
fps 154.30857908047767
fps 146.3668111958159
fps 145.54974627306638
fps 149.78455523010052
fps 147.23916581244492
fps 146.995887977249
fps 150.3919115740829
fps 151.8224818147817
fps 142.21049328747375
fps 145.97990815648365
fps 148.9627980523354
fps 141.0037227966206
fps 150.7579877583026
fps 154.3231714599356
fps 145.60822273077693
fps 140.5111195977551
fps 131.6861205379237
fps 141.62231596582853
fps 143.24664817714103
fps 152.04604653014943
fps 148.81612759671296
fps 140.89621625907589
fps 155.29521949718273
fps 143.79542010626682
fps 145.1525214801899
fps 153.38529744603946
fps 153.53905610437934
fps 153.693599580378
fps 149.96666040122722
fps 151.05926401496754
fps 158.69601474738718
fps 153.1906406955582
fps 149.4463172971432
fps 148.40731137335885
fps 146.90409376496928
fps 147.08363479669424
fps 147.50085365558493
fps 145.8029790153785
fps 143.61798651861614
fps 146.61390332354134
fps 148.93414003311614
fps 147.09684717438
fps 152.4926111807262
fps 147.3975010769743
fps 149.24220692027703
fps 151.80153389824198
fps 149.8645610995206
fps 154.63122220960196
fps 150.7950358503459
fps 147.12618809340242
fps 141.3852674221827
fps 145.6370043403383
fps 140.16703598482695
fps 138.50378582391096
fps 145.06768451560515
fps 151.2949933276561
fps 147.27217028198973
fps 145.9415641042481
fps 157.48363668974935
fps 150.0469341160775
fps 145.7243822828654
fps 143.20726260174396
fps 144.8060697465807
fps 148.76538886066612
fps 146.0499612273336
fps 147.96991486765907
fps 145.046810927726
fps 142.71709138469345
fps 145.48954095143876
fps 149.10766042163397
fps 158.98402960502838
fps 158.44687456466804
fps 163.56274916047946
fps 153.5583271295535
fps 154.0922439064389
fps 153.71866296894834
fps 151.69376848335713
fps 148.51989375878566
fps 147.21558839012815
fps 138.51376482837296
fps 142.2128023335416
fps 146.84525613183797
fps 156.69496001497686
fps 152.17599529094056
fps 147.37732429213156
fps 141.4386210781163
fps 151.7037914952497
fps 148.1479636928516
fps 141.6855508806039
fps 142.14225479286654
fps 149.49423402272987
fps 145.34275928666725
fps 148.3136488035209
fps 154.58763954405305
fps 155.33315834621433
fps 146.60000030757905
fps 148.19441710668892
fps 142.4401914638285
fps 136.05952800606937
fps 141.0305283766559
fps 148.8899978459062
fps 156.14643526091433
fps 140.96841144597846
fps 144.27581920545447
fps 132.8853016972647
fps 140.1224990790303
fps 141.28297776522393
fps 142.08380244524244
fps 140.50285808713178
fps 132.93016324845158
fps 142.23445260933806
fps 136.34651375465623
fps 145.86666241571862
fps 142.87294135548964
fps 150.9982913301222
fps 139.5982847929268
fps 135.9127643119419
fps 134.65919092105824
fps 144.2543260188596
fps 139.877509415504
fps 136.84797146528547
fps 142.3905309759156
fps 142.10932904986416
fps 159.15534178148266
fps 161.2362723556188
fps 154.52080213545975
fps 147.01453820511497
fps 153.0577140621577
fps 150.34097825929604
fps 140.38118469024033
fps 138.5678569072757
fps 138.39819266512717
fps 140.92029904545407
fps 138.95666497099808
fps 148.55258610390663
fps 152.9079683673423
fps 159.20008061339647
fps 154.94344616247025
fps 146.91335936679502
fps 154.04925516670343
fps 158.07735337539046
fps 147.3892341162933
fps 141.46212776667986
fps 142.7295245145192
fps 145.5334392765021
fps 146.32522750676517
fps 142.94896349117312
fps 147.6011616344273
fps 149.9806351630753
fps 150.98022844781894
fps 150.58187979624785
fps 154.41670475837597
fps 151.47126033591323
fps 145.77093430026665
fps 138.38247906371788
fps 144.5629960063834
fps 141.96995749339905
fps 144.88917162798495
fps 146.62281264544959
fps 137.3130033942626
fps 138.9091049227374
fps 143.60331804731342
fps 149.5029806121382
fps 148.18879347519814
fps 148.89004706544864
fps 146.15373015765644
fps 149.2785638161637
fps 144.78975557791802
fps 139.63206405284834
fps 134.13642094017428
fps 140.7668015258247
fps 135.8378505580914
fps 145.82759131547073
fps 144.2997504070914
fps 143.2604533090226
fps 143.25211486852146
fps 140.35204074987095
fps 147.77024619970265
fps 147.40726127896548
fps 141.9354346118705
fps 141.33249810330935
fps 140.577555875565
fps 141.54780813853773
fps 142.0894515009358
fps 147.01274079412147
fps 142.99953447334025
fps 142.2622960829645
fps 134.86922078419755
fps 144.62306728827207
fps 136.53787042854353
fps 142.56252049636467
fps 145.14979984355958
fps 145.08201226549411
fps 140.74573326470352
fps 135.49963038321826
fps 142.7400018236402
fps 154.03110341140967
fps 148.94003986627084
fps 148.94105203095936
fps 151.92731712148222
fps 143.35430756354017
fps 145.60601914706217
fps 141.64124658192634
fps 138.77136806358283
fps 139.4023228737833
fps 141.22797541009075
fps 142.45803526210867
fps 148.69076254223216
fps 134.84931363933373
fps 143.7503557404925
fps 140.3061802799267
fps 151.89098778305234
fps 142.14260072236647
fps 145.02691492044025
fps 146.9624896980529
fps 144.17322171093582
fps 137.50201702748407
fps 148.12604981369364
fps 149.84304384384106
fps 137.27245608339751
fps 138.20221448630932
fps 136.70155339450278
fps 140.42503525426943
fps 143.86552905973278
fps 149.05461779922214
fps 147.76116403261437
fps 149.73399498509136
fps 148.13354555027794
fps 146.43713840491338
fps 141.85805052969945
fps 148.51523206391337
fps 149.32117347558045
fps 149.0972537236203
fps 144.45800680278927
fps 154.10648645456948
fps 148.0277384193399
fps 147.28952292421027
fps 147.72741843899075
fps 146.7303078990744
fps 147.08227732727855
fps 148.92731130123107
fps 155.72763860492202
fps 141.02722620713948
fps 145.73632710220397
fps 148.8422263038
fps 154.44169391709642
fps 148.12952604090847
fps 161.32460827517662
fps 160.4821592208643
fps 148.11802163405937
fps 147.97226529896673
fps 145.36538666569393
fps 144.3566524168041
fps 140.42244423121653
fps 145.28588415063402
fps 142.41230461103197
fps 151.7638849757183
fps 158.5299237075942
fps 152.06455314130895
fps 154.3872877688115
fps 160.26787288030658
fps 157.8158559218577
fps 152.5233896963731
fps 147.91558343190553
fps 146.3466937761769
fps 142.42273630482305
fps 148.68359045572467
fps 142.19651162935324
fps 139.69121565656172
fps 137.94369734434113
fps 152.83485743534513
fps 140.93214138186343
fps 142.95592979433246
fps 150.72100322604106
fps 141.80218789878776
fps 144.60558034257204
fps 147.99472018409824
fps 147.58471469737947
fps 146.34185380659704
fps 138.1167861427962
fps 141.5215484059854
fps 144.41632263215445
fps 141.4748854047733
fps 142.56295690783134
fps 141.2015136334694
fps 145.90816222184492
fps 143.21186321856285
fps 146.49028088420638
fps 148.26296152778343
fps 148.1537140738216
fps 140.0189742587961
fps 141.24447717852715
fps 138.40038242461017
fps 138.283811360874
fps 144.55562714457966
fps 137.3809099891715
fps 137.90870698000333
fps 137.11417612056073
fps 143.5410213570218
fps 142.75002428450662
fps 144.287319871373
fps 152.32402446494623
fps 147.2864558134755
fps 154.50566901279052
fps 153.74939704289565
fps 152.7316176523469
fps 151.88169968398205
fps 147.1730085457999
fps 141.70213642106114
fps 149.81673615931624
fps 144.79400138180392
fps 142.39013580145382
fps 140.49730889084847
fps 138.12950957593426
fps 141.8005306620239
fps 143.11478704177333
fps 145.58136472494104
fps 152.72416098369442
fps 144.9693778490308
fps 147.23811656061577
fps 147.58314543799878
fps 160.91969799453352
fps 156.0209288728742
fps 154.61471984927078
fps 148.8344064913339
fps 148.97722727211254
fps 140.8538385621118
fps 142.06286983887242
fps 139.53005929630982
fps 142.8523773814824
fps 144.56083266432876
fps 144.2406734311479
fps 144.4135688655292
fps 147.51785586484672
fps 150.05933906438233
fps 149.68526840323312
fps 149.91612418346045
fps 154.67283094389418
fps 149.63487591485656
fps 136.48949741198433
fps 149.04292291413736
fps 144.50481074261822
fps 146.6314170804899
fps 146.27864224241793
fps 151.1788005518275
fps 139.3276136514697
fps 140.46030712271727
fps 146.15633741917014
fps 143.2173345906112
fps 141.64344988295318
fps 141.52372948042267
fps 147.95438836671943
fps 148.96074008091463
fps 152.03660581464837
fps 153.98297072789245
fps 140.92038130991847
fps 142.9740839842537
fps 140.579381659659
fps 141.47500052893278
fps 138.87343347116857
fps 137.715205608917
fps 142.92170104067011
fps 151.38100374540898
fps 137.79346652727423
fps 146.17178681894347
fps 144.771688001372
fps 145.30111105657565
fps 158.37776546779466
fps 154.5413229272059
fps 158.32339448537
fps 150.80848457817814
fps 136.8464000991787
fps 137.04691715726096
fps 144.14986223713942
fps 138.95574943338494
fps 145.42326725070615
fps 147.72190335711886
fps 145.40468617271085
fps 139.90523770776537
fps 140.91783086027837
fps 141.27461334724723
fps 150.30066105817792
fps 144.5726173879618
fps 157.38165844558912
fps 158.50483933079016
fps 143.1444171164544
fps 139.14045380766837
fps 144.67845389377823
fps 138.5914822608078
fps 143.98543806482013
fps 139.19553199129518
fps 144.91162700619572
fps 148.9984032789067
fps 140.77709483030654
fps 138.73285393578135
fps 140.6059515951282
fps 146.13863622505463
fps 145.27209568018134
fps 140.6966869000565
fps 150.07624252641875
fps 138.0357181107997
fps 141.3644412551184
fps 141.06346428670545
fps 139.3161519266714
fps 145.05915350219956
fps 145.60270047050298
fps 143.99751538176878
fps 148.2162376302666
fps 152.50287554368248
fps 140.86002561084734
fps 146.92133918587132
fps 150.34298529010684
fps 145.05569353191572
fps 148.06011708750782
fps 148.3789581995271
fps 147.92456003639953
fps 151.56148838376257
fps 141.49699088936245
fps 140.65270722239313
fps 135.7195099796805
fps 141.6948322375942
fps 146.89216896952294
fps 140.3686112007217
fps 153.3875790569388
fps 139.35901050611744
fps 137.6446071475499
fps 143.58233071902234
fps 137.78901902797136
fps 149.94862334912844
fps 143.4373958299271
fps 147.29514801657064
fps 164.87216010021567
fps 153.05382466156263
fps 151.59573225060478
fps 151.56341791315967
fps 134.57606638348062
fps 151.08492179420747
fps 152.40952696625862
fps 144.97273880943052
fps 146.03145004910567
fps 148.29079590338802
fps 153.77391802910807
fps 143.1228323460449
fps 141.84928267256402
fps 145.25083187107143
fps 138.56247752631774
fps 135.26655647291412
fps 143.34097696208144
fps 139.3743778890468
fps 137.65520646238772
fps 147.06080872345035
fps 148.29490609401438
fps 147.31803719765915
fps 143.3426918336551
fps 151.31135855831002
fps 144.57285346954828
fps 142.020791395867
fps 140.64174209426412
fps 140.7138531040472
fps 142.07269426679235
fps 144.81172829562686
fps 143.36357179523858
fps 150.30609196961026
fps 145.7106148625215
fps 144.06591180060445
fps 142.20361149719153
fps 137.17915909420017
fps 143.11333367873613
fps 144.05272868177144
fps 143.26000527703565
fps 143.9829750241007
fps 146.38916654014548
fps 147.9404204324086
fps 153.8654431282499
fps 143.89134143692655
fps 147.70559432688225
fps 144.44831578893354
fps 150.47029647121093
fps 147.70076710773645
fps 146.66199184854543
fps 164.92156536959487
fps 142.29098827505166
fps 154.3771978879572
fps 149.66365473591569
fps 150.2635947058349
fps 165.0689431175141
fps 158.5941350229657
fps 148.68852199387953
fps 146.02595982528715
fps 150.09503943489054
fps 153.14645528644564
fps 147.9358371110994
fps 149.98440714611118
fps 144.2263827315265
fps 144.9072941997914
fps 145.06226212917804
fps 136.61896116843724
fps 154.3029643595759
fps 150.59463593651103
fps 147.1847158943987
fps 144.8706732977758
fps 147.79505003557173
fps 140.17186581467493
fps 143.7599459343773
fps 144.10071779562634
fps 141.92205413257201
fps 143.92850507685782
fps 146.79170460545103
fps 147.8457709024666
fps 148.75790983312814
fps 143.58576376821054
fps 144.76780982629987
fps 148.289547129536
fps 147.90845104899734
fps 141.30922549978771
fps 148.14464880858912
fps 140.96276382772075
fps 145.62902405590242
fps 150.35862842710694
fps 151.4487508678774
fps 136.40488650860354
fps 146.6066079869119
fps 144.9782021118836
fps 145.28437849421232
fps 144.04760081278994
fps 143.89164409994316
fps 155.49545810144042
fps 146.98907678104726
fps 154.47939675987527
fps 142.83193362940816
fps 143.5429587039467
fps 144.61336907439303
fps 150.58628489766642
fps 145.6015455244086
fps 145.14823673030887
fps 153.16030121132016
fps 140.28533441382115
fps 154.27719971636515
fps 144.97694899861153
fps 146.3668938767443
fps 142.39506506494155
fps 142.2117659356703
fps 150.9211641891807
fps 147.41619960557207
fps 147.88182397915787
fps 139.38807119042957
fps 144.78339249290946
fps 142.4270626645497
fps 138.35500103955619
fps 140.91843776363925
fps 139.76136273229938
fps 143.09517096179286
fps 147.8817389260931
fps 145.41475360291247
fps 144.61818607469615
fps 142.48627946537843
fps 142.83147428988877
fps 140.55985411872908
fps 148.07401157837458
fps 152.51469270765685
fps 146.01331557802249
fps 147.0688226177068
fps 147.1060906729374
fps 143.90140435352453
fps 152.88472165858332
fps 153.6377142188356
fps 155.2179649144933
fps 147.4413281839854
fps 147.16927788551953
fps 147.11998438498043
fps 141.46781278629152
fps 140.93218370485738
fps 144.1364297103119
fps 148.59820617029743
fps 148.6549827882704
fps 148.53660569212886
fps 145.08581758429057
fps 142.52229550154664
fps 144.7142889408926
fps 143.92447069357252
fps 145.64458374976178
fps 147.10299411501342
fps 150.70881525132376
fps 157.4560087833738
fps 153.9901162050519
fps 153.05212298006236
fps 144.46086923854105
fps 146.57834889526958
fps 144.4352015494563
fps 149.92890577565902
fps 150.96990990534215
fps 151.45642806349107
fps 145.81275317482877
fps 151.13494082465817
fps 153.04250491496308
fps 162.99468473374927
fps 158.48096687882537
fps 149.0514817029735
fps 149.03163529041277
fps 149.68801420576906
fps 148.8846919058127
fps 142.99668486479973
fps 149.9491962808234
fps 148.10018169911385
fps 144.4627232742979
fps 146.08685519724844
fps 148.22189411814713
fps 147.93836908870176
fps 151.9483826840532
fps 148.346943638702
fps 148.6316348279994
fps 150.9903547614098
fps 149.5326626341571
fps 143.26303788135883
fps 149.5356614062788
fps 149.95437732336995
fps 156.8694046014112
fps 155.9773018806214
fps 154.87875386954767
fps 146.24162394329403
fps 138.96368180781297
fps 148.5348583205675
fps 148.00349325032658
fps 147.88616377055254
fps 150.08709146034343
fps 145.71594313285536
fps 147.1490289833874
fps 144.60953084952115
fps 153.25497694599406
fps 151.37699319121782
fps 149.12910152637542
fps 143.54401183205982
fps 145.53042372055165
fps 142.726610983602
fps 148.37449102304873
fps 146.00810308866127
fps 150.3097961753015
fps 144.45848257186535
fps 150.37086158004198
fps 146.90048637842892
fps 151.0130588092227
fps 144.84637385555317
fps 148.9660216825968
fps 148.14013196160474
fps 145.1857491209012
fps 148.20996031476972
fps 139.63431685593176
fps 150.56843462975115
fps 146.29552170339196
fps 147.34584365732283
fps 149.36609467624342
fps 143.1017810724427
fps 147.68763713370896
fps 150.32070752412787
fps 135.12037534583027
fps 146.104033637075
fps 146.7876802074568
fps 146.78574739329275
fps 146.10972600742542
fps 152.97005541899634
fps 144.5887430964224
fps 152.21057957780013
fps 146.79247136594967
fps 143.66086771716712
fps 143.23833396761106
fps 145.60573797773756
fps 150.11542765451927
fps 152.48304182528858
fps 151.6044035185296
fps 153.05648424736685
fps 151.8624433631582
fps 152.73935593678124
fps 150.68957026731954
fps 149.15523919124408
fps 147.02968412844504
fps 147.84985092270355
fps 150.14534532478064
fps 147.64241195402195
fps 149.8282353519345
fps 149.43715239463742
fps 148.7788160635405
fps 146.8086667179751
fps 151.1934510981208
fps 160.9434543648358
fps 150.94370212257047
fps 149.28203690007442
fps 155.68014203911085
fps 152.08922758944294
fps 145.96022329321173
fps 146.4313185701867
fps 149.57022627097618
fps 167.4898015053772
fps 163.68818759821932
fps 155.4995424873916
fps 150.05556297597707
fps 149.3403529843055
fps 151.43955231499064
fps 151.26417324046398
fps 151.93591319371953
fps 149.56399440954158
fps 142.0209143229719
fps 148.48165271253657
fps 145.96226014564718
fps 147.01111153587547
fps 148.48330257306537
fps 154.83768126409637
fps 149.79676101509708
fps 147.74242473283255
fps 147.64673380678377
fps 148.64023072579226
fps 150.9048829095454
fps 153.75974111141156
fps 150.57081800198722
fps 139.8412057579169
fps 151.36249345607206
fps 145.04993187973753
fps 149.3143434253501
fps 147.72923922182378
fps 152.29822444293077
fps 155.76802199906004
fps 153.966988996772
fps 150.30575162141574
fps 155.64785333913818
fps 157.07431862313797
fps 147.39975986632965
fps 146.3870286655434
fps 146.61125953291622
fps 142.20369285614953
fps 141.41379344452884
fps 143.87555628669654
fps 145.2081595393115
fps 142.37456833770685
fps 146.61820264971564
fps 146.29648771938787
fps 148.59202411558073
fps 147.6762334318809
fps 140.11837595372126
fps 154.2596427465032
fps 144.89078391077607
fps 149.54333814453884
fps 146.47951086269276
fps 146.12075542203783
fps 151.1153677232021
fps 150.1711216702548
fps 157.36156276694587
fps 169.6078589307399
fps 159.0249971859137
fps 150.01381990223337
fps 146.9796776907788
fps 144.644281425264
fps 149.97275627589454
fps 152.98923792655052
fps 145.87826907328105
fps 146.93286948089803
fps 143.4650185564165
fps 152.25096505627613
fps 152.79605171597527
fps 154.13517026551548
fps 148.67356103921296
fps 151.6166463526819
fps 151.99167592432661
fps 158.47689652295142
fps 148.3022199982823
fps 144.29864396349066
fps 156.4087984190935
fps 151.476909177614
fps 154.97185049523142
fps 156.76751471315245
fps 155.48304376460482
fps 153.78410857674587
fps 150.12663757523646
fps 154.06769522663433
fps 155.70670764412526
fps 145.79679738476398
fps 153.79406257005257
fps 154.73929937669075
fps 145.49722741353358
fps 150.10973954803544
fps 146.1763633715859
fps 147.43143002667364
fps 145.418790670712
fps 145.74998890730637
fps 148.3622154644311
fps 150.69708067125762
fps 144.16748287230268
fps 151.408297205941
fps 152.83450519065374
fps 148.27114563665353
fps 150.8407279844658
fps 142.9382396287201
fps 157.53045676770208
fps 153.84438336169612
fps 146.0738175843691
fps 149.31386270743945
fps 142.285992303141
fps 145.0173768160255
fps 146.36151119206667
fps 147.6190640329657
fps 147.2401301164911
fps 148.3289891794215
fps 146.7201274217774
fps 143.91031108842913
fps 141.28319935858573
fps 156.00737185551196
fps 150.0833247158641
fps 152.89461564215173
fps 151.067078945631
fps 151.22777727263755
fps 149.90655733430705
fps 151.99378475999404
fps 145.4931355204865
fps 148.6972051950343
fps 150.8019444292776
fps 153.23108125466902
fps 144.77826525916367
fps 144.2419026875767
fps 149.06065729985863
fps 153.71926648084028
fps 151.38078929745734
fps 150.65616844566978
fps 155.69319506235092
fps 154.80277571080958
fps 147.82375388501544
fps 151.75913615980127
fps 143.4022393291532
fps 151.1763355718217
fps 147.2289029756711
fps 157.26362638396648
fps 146.73540235720824
fps 147.38752140424896
fps 143.3497051393399
fps 156.31088076751465
fps 148.1240544571247
fps 155.89141130825567
fps 151.02263894684233
fps 128.54548370946213
fps 146.42715607769378
fps 147.09889136849907
fps 150.8593614871835
fps 155.30803804166658
fps 153.4176091794288
fps 154.5511053943097
fps 152.97654227657864
fps 153.25093017764405
fps 148.61750746663918
fps 148.93207161580364
fps 145.31733298678898
fps 140.3425414767643
fps 146.69288912205485
fps 152.47961013636896
fps 154.85716175269337
fps 147.07773638574602
fps 143.8485633746977
fps 147.1145661636711
fps 154.2376188482048
fps 154.81784815858515
fps 148.36569228897923
fps 148.37551126216943
fps 148.72700449554097
fps 140.90365252889404
fps 148.92943445052805
fps 146.78645822633845
fps 150.9404877285724
fps 156.17395474075715
fps 148.7451194051655
fps 142.20861102740005
fps 143.60135233721877
fps 146.92308000160398
fps 149.3839885242484
fps 149.07930960702882
fps 154.72579328629936
fps 149.68863957103858
fps 151.33726928145782
fps 156.81850320479143
fps 144.10616291550286
fps 140.3593304442498
fps 141.84739557062247
fps 152.3643141596736
fps 134.9535840093846
fps 147.7339086178696
fps 154.2881587123839
fps 161.03218371572763
fps 160.28215716465823
fps 158.89700399114312
fps 157.8284288167473
fps 144.59399929097538
fps 147.45658226629922
fps 145.61499091414123
fps 145.68109101323964
fps 140.95412345972983
fps 149.10792314214316
fps 150.40018511436358
fps 151.96399969650162
fps 152.29226430932133
fps 145.54351823125322
fps 148.40897730507248
fps 146.50250735175715
fps 151.51637187398072
fps 143.48836857950684
fps 142.5266696846614
fps 144.26733609964847
fps 152.27138212007515
fps 143.68866857909222
fps 149.70167627112534
fps 148.46737056612452
fps 148.93869881883043
fps 149.81806028776333
fps 149.31852683171854
fps 147.38116196168153
fps 147.43400728065222
fps 145.03739527603025
fps 151.9456909420919
fps 145.39505610396435
fps 144.4421036148164
fps 146.6722700458315
fps 147.62102372599273
fps 151.362740626173
fps 148.2425176514576
fps 141.29830206361189
fps 153.74831917549514
fps 153.449858739937
fps 145.65503217473417
fps 142.7994102095144
fps 143.16748848741958
fps 148.63366956044848
fps 151.26907696010045
fps 149.46073349402806
fps 151.153211653231
fps 149.21984074106723
fps 156.69368898304938
fps 149.58471239670064
fps 149.6409481826612
fps 145.90962373204218
fps 145.85792019642307
fps 149.92692117349105
fps 147.22076149474017
fps 155.2176166775495
fps 150.98701438848485
fps 151.5923099070563
fps 140.9748715400668
fps 140.64305903374694
fps 147.53602705658238
fps 144.3577234184393
fps 146.0380974647603
fps 131.5542227952132
fps 148.28798938654555
fps 147.73844300814386
fps 149.12239606606906
fps 147.50433140030958
fps 150.50059709672593
fps 142.59725521071695
fps 147.61578608777975
fps 144.94681816401982
fps 143.69094342233808
fps 148.14793883720844
fps 153.22592321009154
fps 148.45259299107497
fps 152.64959647552752
fps 151.127006221041
fps 146.75028800422876
fps 147.33024633298723
fps 145.88422832952938
fps 142.30243417448918
fps 149.2908031791413
fps 146.4505918731408
fps 143.2882630774169
fps 150.3308105532546
fps 123.93949988603043
fps 141.14068420592815
fps 143.23609024729933
fps 140.98654474203272
fps 144.1451671008207
fps 148.10211038972253
fps 145.73468898436815
fps 146.83257755394376
fps 145.2816113382451
fps 144.30641424958165
fps 148.726799478689
fps 142.156875018792
fps 151.01338061958631
fps 148.9328503228967
fps 142.0237759698209
fps 147.23873260659823
fps 147.20638246788855
fps 142.98514925476533
fps 150.4224180007653
fps 150.93127884714744
fps 153.84917011192854
fps 155.05754518350764
fps 156.05717276300965
fps 163.2531312984184
fps 155.40970962066834
fps 146.0883161552356
fps 151.90425792646937
fps 142.93007229214905
fps 147.832632721972
fps 148.82836022596737
fps 144.69923531660515
fps 148.62703227846433
fps 146.50822793635135
fps 146.2570113727376
fps 166.8943005686024
fps 157.43420624356347
fps 151.62340740648892
fps 148.69672943108753
fps 145.7708963038081
fps 153.92512113597166
fps 151.76036271716063
fps 145.14034413477077
fps 145.4053417908457
fps 138.23575622598503
fps 139.4996057577956
fps 143.6351029081601
fps 145.90177119486947
fps 150.07154403490287
fps 149.64688712971991
fps 155.84359729765646
fps 150.35896328780265
fps 145.77296492315529
fps 141.74666445083867
fps 148.0389789810629
fps 146.66758898414352
fps 146.51829041748113
fps 147.1973626980088
fps 147.76530282972527
fps 150.28590535554557
fps 142.7776155613734
fps 143.08642402344842
fps 139.53637140296317
fps 148.6983606815061
fps 142.35714556435934
fps 147.9133313006863
fps 146.26118077335792
fps 146.1361241080137
fps 149.58853718074104
fps 149.8888413933813
fps 151.82662283518573
fps 160.7262425761319
fps 152.51592353648027
fps 152.5230270998279
fps 147.68388033770344
fps 145.81254787644633
fps 147.77928848011769
fps 142.7631227978865
fps 151.28378286500256
fps 148.3010965503728
fps 146.81051406227127
fps 146.26403318833516
fps 141.05353968047845
fps 147.66094524469162
fps 149.55712113032172
fps 145.0820690364228
fps 147.07486665013758
fps 143.562677176879
fps 148.10812589997045
fps 148.70729678639378
fps 146.0236212513194
fps 144.1349685252311
fps 147.7906615615753
fps 152.57565559891802
fps 151.95034650484524
fps 148.8548703307733
fps 153.24717233057953
fps 152.29535405070857
fps 151.4468102441936
fps 150.68885970242343
fps 139.11452419479676
fps 143.96885394040444
fps 148.14600568240832
fps 145.55032712116798
fps 142.98012026022653
fps 146.66869647398028
fps 143.55671844194063
fps 147.17375508786594
fps 152.58469918580326
fps 152.93630948342636
fps 147.71804922271477
fps 155.64455568022072
fps 143.97074108036335
fps 143.3015581714859
fps 143.38027040323072
fps 145.60459404047947
fps 139.81691008419398
fps 147.41480717071062
fps 150.23404155589154
fps 154.141059910428
fps 148.23329220995507
fps 148.11398891048196
fps 152.31224477904914
fps 143.1694563874229
fps 149.38071884803583
fps 151.4615220137363
fps 139.8579586364013
fps 149.36112207956756
fps 143.30808912881326
fps 147.0924320379377
fps 159.8419337303751
fps 145.29177151334505
fps 143.86726637486635
fps 151.520523238959
fps 146.97922701792612
fps 144.9532776530959
fps 137.32432923669705
fps 139.27091667450594
fps 146.3121814459435
fps 149.08953957909304
fps 148.31170509403793
fps 143.92199862662076
fps 147.03570851437817
fps 144.39996410833058
fps 152.43085977130195
fps 149.34788172047524
fps 151.43444890736458
fps 151.182191307773
fps 140.89306620585924
fps 143.6761849900368
fps 142.33755728616296
fps 144.92662971112543
fps 141.93209593451525
fps 149.84928827439236
fps 153.69521981247047
fps 144.49701534327838
fps 144.14203325825176
fps 140.58489257592657
fps 143.74506586869833
fps 138.39965658815717
fps 148.2922386877148
fps 143.92545133349242
fps 145.20261008825224
fps 149.20544078723537
fps 142.49362826014766
fps 143.74394420726506
fps 146.77356862433552
fps 139.0931406483572
fps 140.668149259855
fps 146.2732115278616
fps 143.95559408498738
fps 152.29118189266364
fps 148.88579019083033
fps 151.3073070033555
fps 146.08252782925248
fps 146.76175391395685
fps 149.5380135273784
fps 147.70489699543984
fps 142.94688929192884
fps 141.13150794902342
fps 143.65180763954572
fps 145.52549873902873
fps 139.87916165970796
fps 146.63898403837902
fps 152.42990141000521
fps 141.37631934373312
fps 137.15995497234897
fps 139.32600160139378
fps 141.32305136083346
fps 138.40692471527456
fps 146.66579235386178
fps 144.4291418796887
fps 143.28361441548603
fps 137.51074596232078
fps 143.44110095411514
fps 146.64735291321983
fps 149.93675459647324
fps 144.452757381077
fps 141.6492526355708
fps 158.0920162889407
fps 149.00971763195247
fps 145.115107528547
fps 149.54996787117148
fps 145.88464599042555
fps 141.0370457399057
fps 145.688149989425
fps 141.7218315193582
fps 139.64970288185202
fps 156.68174360767821
fps 144.3538965781447
fps 145.44822972506975
fps 144.33971320359888
fps 138.60846235985485
fps 140.27257871060476
fps 152.61600426053062
fps 142.53459753530336
fps 142.0451038451634
fps 136.61413362258156
fps 143.60564857590046
fps 144.1601948434381
fps 142.5373406577173
fps 148.53767550490463
fps 141.04652987726817
fps 153.2603669027596
fps 141.74206198753745
fps 147.3025712097947
fps 140.93727330419728
fps 149.49128553076062
fps 150.38978426830926
fps 145.58158168963573
fps 139.1706583651502
fps 142.6703529006983
fps 137.6146710164302
fps 140.23510588840816
fps 141.05540186459396
fps 140.311372912465
fps 141.5905916613562
fps 142.8673022181447
fps 144.21162815339798
fps 144.83639028360273
fps 139.2456098737785
fps 140.35277047778342
fps 138.6470735814706
fps 144.4068273820284
fps 142.80505614381872
fps 146.06858805723357
fps 139.1439463245515
fps 146.6859950394114
fps 140.6787230422061
fps 143.09365911028024
fps 148.19264963365708
fps 142.6061733576593
fps 138.67443277575506
fps 136.26864109049345
fps 136.41543966446446
fps 145.78704119958954
fps 143.49033487928986
fps 146.46055725874638
fps 145.07728255632134
fps 143.02053037458296
fps 155.24068231375657
fps 143.71869344668178
fps 148.28752115256978
fps 141.0281716159283
fps 142.15745560224224
fps 143.51803723779332
fps 140.02122729362497
fps 137.7615202244992
fps 151.04008852309875
fps 147.4928762438172
fps 143.44156759565638
fps 142.31892300614854
fps 132.79683480124174
fps 139.27426862110022
fps 139.03700416795698
fps 139.79519272211115
fps 147.42691187124547
fps 138.38278011170672
fps 141.14304918141607
fps 140.6884144672444
fps 139.8860996454633
fps 153.30283236837113
fps 147.3673835956877
fps 146.04929215493317
fps 140.98434761327832
fps 143.0128452216121
fps 138.46877191595308
fps 134.26409744869488
fps 138.7598395826394
fps 150.9141360826212
fps 147.78005387723445
fps 149.4551747759312
fps 147.25045202989688
fps 141.20654545394865
fps 143.825494540097
fps 136.39598109298163
fps 141.11363555737242
fps 142.2777518279439
fps 144.09278927100468
fps 140.6707641016454
fps 136.02124456336523
fps 138.53369226256993
fps 139.10985288485003
fps 147.4457351346186
fps 141.23713122170855
fps 148.73645697946458
fps 134.63294299711615
fps 142.2330466137015
fps 141.43018158983816
fps 143.07765100538398
fps 140.88430453925702
fps 154.23386810881306
fps 144.66983230859327
fps 145.0175861488301
fps 136.71776908630648
fps 128.24392244133384
fps 145.60834910319133
fps 148.2611308403453
fps 142.48642891458383
fps 141.72317564788773
fps 136.1063737971905
fps 134.60199839955897
fps 141.65533155049627
fps 142.28239155930183
fps 142.50360102141923
fps 136.74657112662587
fps 137.6881729952927
fps 141.4272549951241
fps 140.65692435431845
fps 139.6670575266839
fps 138.3491145149106
fps 137.38897297273218
fps 138.02401743294033
fps 134.5976500569332
fps 133.52106661354225
fps 138.05454828932994
fps 141.916762009904
fps 138.5237415537197
fps 134.36626506884807
fps 142.08002001306434
fps 139.24888201133155
fps 133.8451627618137
fps 113.710378683761
fps 140.0142922566229
fps 151.89976506473653
fps 138.2263880775512
fps 148.93158244912854
fps 143.1284840424256
fps 129.50004398753498
fps 135.99823070825198
fps 132.2346306334394
fps 144.5922621374579
fps 146.04351423081906
fps 138.4073668845441
fps 142.41605609709552
fps 133.86798637295382
fps 139.4417271282461
fps 134.21789711455037
fps 136.56984281570666
fps 133.79963998335552
fps 137.22775232910683
fps 138.2908732570037
fps 137.45582574574811
fps 134.5876720952169
fps 135.61584106975425
fps 143.7034751187011
fps 129.43554064513637
fps 133.25227317314227
fps 137.0096587625938
fps 138.1370521793852
fps 139.94931642725314
fps 138.5762011815408
fps 140.81282065215132
fps 143.05048612302596
fps 143.54598395580064
fps 135.24126499900342
fps 133.47752199485646
fps 137.40134351018904
fps 134.90432274116523
fps 142.6642808809833
fps 136.12114398665133
fps 143.1313822552707
fps 138.66507584765046
fps 146.04715593202152
fps 144.8950515969304
fps 142.7380478369599
fps 141.6389192888667
fps 127.31943907360815
fps 134.52218560561627
fps 132.94401373896133
fps 133.81749032420456
fps 137.22182468705435
fps 134.85921552768485
fps 130.65846264821835
fps 140.18743789247742
fps 134.33113786913285
fps 121.66941604436116
fps 135.0110409959204
fps 139.18692850053645
fps 145.20219506681008
fps 137.14137643349753
fps 137.72201763786546
fps 143.90794504746395
fps 132.76816648598765
fps 139.35595022685192
fps 137.4445677197377
fps 134.3550278213211
fps 139.56127000268572
fps 132.25780044869757
fps 137.92004769175537
fps 138.49286108189403
fps 139.17952078321397
fps 137.0505810528365
fps 134.28573486184902
fps 133.6537149364243
fps 138.8543999449125
fps 134.936094301912
fps 139.5813644205547
fps 135.15816472744916
fps 131.16746301349644
fps 135.53585457543073
fps 129.53767131782146
fps 131.98305661299102
fps 134.5131657225083
fps 139.2410872094099
fps 138.35641641298884
fps 134.01009624114647
fps 133.02508284014124
fps 129.2683714336172
fps 132.36787398895274
fps 134.011068191631
fps 135.09961804692415
fps 140.2483917342698
fps 141.27877446413598
fps 139.01191561913015
fps 128.1847819934767
fps 133.58291686546693
fps 133.21588936062986
fps 137.28956415021779
fps 146.1613548529265
fps 132.24312079878356
fps 131.37060487170697
fps 133.30823337763053
fps 137.9016333361551
fps 137.3405842476078
fps 135.83511453541132
fps 134.99155113789496
fps 140.12502257599323
fps 131.39890636391652
fps 129.97422500283068
fps 134.69594764345922
fps 131.84010120210405
fps 133.7565845190016
fps 135.01667160203775
fps 137.98632268589597
fps 139.32264918893165
fps 137.02009420730937
fps 133.2873704251439
fps 135.84829387909696
fps 134.98709151766604
fps 135.30281544783574
fps 132.55501174994347
fps 138.83241961222203
fps 157.4725313017445
fps 141.6821401939564
fps 134.6776983998082
fps 128.79191497649077
fps 139.94401398135892
fps 143.06721282670034
fps 141.4154833736692
fps 143.70141312164847
fps 135.56825132790652
fps 131.92653869425075
fps 132.89351640311588
fps 146.56779511808807
fps 134.61817101936813
fps 137.18579816639235
fps 133.2294032427355
fps 137.79362213836419
fps 143.0664762546337
fps 141.84594175082663
fps 135.2119326874874
fps 128.15928145743055
fps 132.79355010789328
fps 132.59433786473016
fps 132.67035359952197
fps 130.99711391353816
fps 136.7084568331605
fps 137.02592021772801
fps 130.17614834138803
fps 131.8836133017702
fps 146.09161534374377
fps 137.14752471616086
fps 138.02765001222753
fps 131.59514054589113
fps 138.5886550814943
fps 130.3882422748589
fps 129.65218249467765
fps 138.14421227326852
fps 130.75885552597038
fps 141.93361335921156
fps 150.82855657284532
fps 154.54272263455832
fps 131.79768319200215
fps 148.78341449438594
fps 134.2545636931496
fps 140.90038114796656
fps 140.95727091450684
fps 142.45777488885437
fps 137.98046692335922
fps 132.45138912260543
fps 130.96320845347768
fps 137.30846633209592
fps 138.80482521703968
fps 140.91118959002657
fps 137.31264432918857
fps 143.27342237359727
fps 140.11504059222943
fps 136.96260795261304
fps 137.94390036372195
fps 137.90623433861302
fps 138.61868465711382
fps 141.23067679201623
fps 140.4649916593235
fps 142.35617742200571
fps 133.90567555274862
fps 136.91690261531605
fps 129.38806911872257
fps 151.50437165464652
fps 150.06527032940576
fps 146.98473281999685
fps 140.8308279372154
fps 142.0875462707532
fps 136.5454794137592
fps 146.49141287880397
fps 140.37217915202746
fps 144.76228679922156
fps 144.55093916578338
fps 143.15867101715122
fps 149.49062385106097
fps 148.4442351684224
fps 137.05223268268705
fps 137.2336249176311
fps 144.58236838606445
fps 144.77815000599605
fps 149.41328133784836
fps 145.3667176666049
fps 141.6303671064487
fps 142.4029163354742
fps 139.09312911670608
fps 129.33568634602673
fps 137.4711504911773
fps 140.31543699270765
fps 141.70193056639474
fps 141.56622011897278
fps 151.18672118089682
fps 138.9001432243884
fps 148.91129180444634
fps 148.86318232889093
fps 149.72520931909582
fps 150.94574972354485
fps 144.20016681691155
fps 150.53256174806762
fps 155.37630122706594
fps 147.93305347067795
fps 153.58794856281597
fps 153.27511177144646
fps 159.67672109459556
fps 148.21496425165049
fps 145.67289403469474
fps 143.06528006555763
fps 147.38588900757316
fps 137.66120379841485
fps 154.95910455867892
fps 157.90607364216874
fps 151.5414497867487
fps 154.64083895884144
fps 161.86072977154703
fps 158.3685487490845
fps 149.96663928822264
fps 155.92075841419498
fps 151.88872194451707
fps 162.9340445467713
fps 145.48288345608563
fps 147.56526375564897
fps 157.03665675293297
fps 155.248810186036
fps 149.79866259115144
fps 155.8443211167818
fps 157.47921903215064
fps 160.00020294215193
fps 152.87583331724286
fps 155.22856606664007
fps 153.28131888539906
fps 161.1228778367053
fps 157.57173446675702
fps 153.71548281420016
fps 152.23037804374238
fps 145.32066415677687
fps 149.52877440539018
fps 152.4275723791503
fps 153.55668870050624
fps 153.77782966680277
fps 156.33976140117107
fps 159.57836167341776
fps 156.60178191015595
fps 167.4845546852717
fps 159.32911690846612
fps 152.72781536594593
fps 151.48976885545397
fps 153.46034572308437
fps 149.13425090739983
fps 150.73641465627938
fps 149.77205060134943
fps 145.56803447984
fps 161.09120434576744
fps 168.12925266199073
fps 165.1856996592342
fps 158.61363165737006
fps 161.83953415489705
fps 168.05826659450716
fps 156.25392096643012
fps 143.84994136349064
fps 150.96117115549055
fps 150.04396780775988
fps 149.81163786460712
fps 148.52502745070487
fps 161.52646426056003
fps 153.15105959825462
fps 154.32057661582132
fps 158.32284989955093
fps 157.87373828523687
fps 156.00779581664628
fps 159.7243271862973
fps 140.49691415422677
fps 153.54825185399153
fps 156.7668222098164
fps 160.12616064858497
fps 160.9135455678177
fps 153.70712673267263
fps 165.58092005728392
fps 171.6910340347253
fps 160.28669366671784
fps 147.71505852958848
fps 158.51302093841284
fps 159.15280533967152
fps 152.91603986871874
fps 164.08059318444134
fps 168.79414482713867
fps 158.46814985747153
fps 163.10600783284715
fps 157.15543169710855
fps 160.66219128743705
fps 150.13881721912918
fps 156.9349679247885
fps 131.2496985053817
fps 158.37432832106245
fps 158.03155148271063
fps 163.957166128586
fps 165.56821934422675
fps 165.132810908023
fps 163.86548236270647
fps 177.44004189972074
fps 165.6014324117392
fps 168.71030698226048
fps 171.77791973934896
fps 164.17214397526715
fps 154.37635907727264
fps 159.22854426608177
fps 156.09987569833982
fps 160.69309948396838
fps 157.1799394482783
fps 161.20240398337282
fps 158.87696483391917
fps 164.82487814265434
fps 158.40529456058735
fps 156.92329689965246
fps 163.02004063744718
fps 148.96401289056192
fps 169.9883999127606
fps 163.01762424275714
fps 155.53113598905145
fps 158.47386297884086
fps 158.11424207244096
fps 164.2510896803907
fps 151.89673432970798
fps 155.77339528235015
fps 168.97954887055
fps 165.27386008490865
fps 154.31951982384604
fps 162.8698409009449
fps 152.10017199056045
fps 159.15832786592335
fps 159.30094249383365
fps 164.10449188911986
fps 166.56384259158048
fps 147.80811186895772
fps 162.69219898937268
fps 154.6642966714145
fps 160.33572609207698
fps 160.76820088665727
fps 159.84320457175596
fps 160.0348266096917
fps 166.91461488441792
fps 154.8202725950142
fps 156.18625573990133
fps 150.1308451277452
fps 145.53093340542907
fps 164.75633645036027
fps 159.38224400969176
fps 156.14740132354927
fps 160.6889931970968
fps 148.52190834048642
java -jar /seu_share/home/weiweiwu/uRTS/microrts/microrts/rts_wrapper/microrts-java.jar --map /seu_share/home/weiweiwu/uRTS/microrts/microrts/rts_wrapper/maps/6x6/fullgame6x6.xml --ai1_type socketAI --ai2_type NaiveMCTS --maxCycles 2000 --maxEpisodes 100000 --period 1 --render 0 --port1 47645
Player0 Wait for Java client connection...
Player0: Send welcome msg to client...
Client: ack!
Server: Send reset command...
ParallelVecEnv worker: got KeyboardInterrupt
Client received info:
--map
/seu_share/home/weiweiwu/uRTS/microrts/microrts/rts_wrapper/maps/6x6/fullgame6x6.xml
--ai1_type
socketAI
--ai2_type
NaiveMCTS
--maxCycles
2000
--maxEpisodes
100000
--period
1
--render
0
--port1
47645
GymSocketAI: welcome message received

java -jar /seu_share/home/weiweiwu/uRTS/microrts/microrts/rts_wrapper/microrts-java.jar --map /seu_share/home/weiweiwu/uRTS/microrts/microrts/rts_wrapper/maps/6x6/fullgame6x6.xml --ai1_type socketAI --ai2_type Random --maxCycles 2000 --maxEpisodes 100000 --period 1 --render 0 --port1 46130
Player0 Wait for Java client connection...
Player0: Send welcome msg to client...
Client: ack!
Server: Send reset command...
ParallelVecEnv worker: got KeyboardInterrupt
Client received info:
--map
/seu_share/home/weiweiwu/uRTS/microrts/microrts/rts_wrapper/maps/6x6/fullgame6x6.xml
--ai1_type
socketAI
--ai2_type
Random
--maxCycles
2000
--maxEpisodes
100000
--period
1
--render
0
--port1
46130
GymSocketAI: welcome message received

java -jar /seu_share/home/weiweiwu/uRTS/microrts/microrts/rts_wrapper/microrts-java.jar --map /seu_share/home/weiweiwu/uRTS/microrts/microrts/rts_wrapper/maps/6x6/fullgame6x6.xml --ai1_type socketAI --ai2_type socketAI --maxCycles 2000 --maxEpisodes 100000 --period 1 --render 0 --port1 39006 --port2 55453
Player0 Wait for Java client connection...
Player0: Send welcome msg to client...
Client: ack!
Player1 Wait for Java client connection...
Player1: Send welcome msg to client...
Client: ack!
Server: Send reset command...
Server: Send reset command...
ParallelVecEnv worker: got KeyboardInterrupt
Client received info:
--map
/seu_share/home/weiweiwu/uRTS/microrts/microrts/rts_wrapper/maps/6x6/fullgame6x6.xml
--ai1_type
socketAI
--ai2_type
socketAI
--maxCycles
2000
--maxEpisodes
100000
--period
1
--render
0
--port1
39006
--port2
55453
GymSocketAI: welcome message received
client request for connecting to server...
GymSocketAI: welcome message received

java -jar /seu_share/home/weiweiwu/uRTS/microrts/microrts/rts_wrapper/microrts-java.jar --map /seu_share/home/weiweiwu/uRTS/microrts/microrts/rts_wrapper/maps/6x6/fullgame6x6.xml --ai1_type socketAI --ai2_type socketAI --maxCycles 2000 --maxEpisodes 100000 --period 1 --render 0 --port1 41107 --port2 44871
Player0 Wait for Java client connection...
Player0: Send welcome msg to client...
Client: ack!
Player1 Wait for Java client connection...
Player1: Send welcome msg to client...
Client: ack!
Server: Send reset command...
Server: Send reset command...
ParallelVecEnv worker: got KeyboardInterrupt
Client received info:
--map
/seu_share/home/weiweiwu/uRTS/microrts/microrts/rts_wrapper/maps/6x6/fullgame6x6.xml
--ai1_type
socketAI
--ai2_type
socketAI
--maxCycles
2000
--maxEpisodes
100000
--period
1
--render
0
--port1
41107
--port2
44871
GymSocketAI: welcome message received
GymSocketAI: welcome message received

java -jar /seu_share/home/weiweiwu/uRTS/microrts/microrts/rts_wrapper/microrts-java.jar --map /seu_share/home/weiweiwu/uRTS/microrts/microrts/rts_wrapper/maps/6x6/fullgame6x6.xml --ai1_type socketAI --ai2_type socketAI --maxCycles 2000 --maxEpisodes 100000 --period 1 --render 0 --port1 36218 --port2 48798
Player0 Wait for Java client connection...
Player0: Send welcome msg to client...
Client: ack!
Player1 Wait for Java client connection...
Player1: Send welcome msg to client...
Client: ack!
Server: Send reset command...
Server: Send reset command...
ParallelVecEnv worker: got KeyboardInterrupt
Client received info:
--map
/seu_share/home/weiweiwu/uRTS/microrts/microrts/rts_wrapper/maps/6x6/fullgame6x6.xml
--ai1_type
socketAI
--ai2_type
socketAI
--maxCycles
2000
--maxEpisodes
100000
--period
1
--render
0
--port1
36218
--port2
48798
GymSocketAI: welcome message received
GymSocketAI: welcome message received

java -jar /seu_share/home/weiweiwu/uRTS/microrts/microrts/rts_wrapper/microrts-java.jar --map /seu_share/home/weiweiwu/uRTS/microrts/microrts/rts_wrapper/maps/6x6/fullgame6x6.xml --ai1_type socketAI --ai2_type socketAI --maxCycles 2000 --maxEpisodes 100000 --period 1 --render 0 --port1 48998 --port2 43286
Player0 Wait for Java client connection...
Player0: Send welcome msg to client...
Client: ack!
Player1 Wait for Java client connection...
Player1: Send welcome msg to client...
Client: ack!
Server: Send reset command...
Server: Send reset command...
ParallelVecEnv worker: got KeyboardInterrupt
Client received info:
--map
/seu_share/home/weiweiwu/uRTS/microrts/microrts/rts_wrapper/maps/6x6/fullgame6x6.xml
--ai1_type
socketAI
--ai2_type
socketAI
--maxCycles
2000
--maxEpisodes
100000
--period
1
--render
0
--port1
48998
--port2
43286
GymSocketAI: welcome message received
GymSocketAI: welcome message received

java -jar /seu_share/home/weiweiwu/uRTS/microrts/microrts/rts_wrapper/microrts-java.jar --map /seu_share/home/weiweiwu/uRTS/microrts/microrts/rts_wrapper/maps/6x6/fullgame6x6.xml --ai1_type socketAI --ai2_type socketAI --maxCycles 2000 --maxEpisodes 100000 --period 1 --render 0 --port1 34831 --port2 60287
Player0 Wait for Java client connection...
Player0: Send welcome msg to client...
Client: ack!
Player1 Wait for Java client connection...
Player1: Send welcome msg to client...
Client: ack!
Server: Send reset command...
Server: Send reset command...
ParallelVecEnv worker: got KeyboardInterrupt
Client received info:
--map
/seu_share/home/weiweiwu/uRTS/microrts/microrts/rts_wrapper/maps/6x6/fullgame6x6.xml
--ai1_type
socketAI
--ai2_type
socketAI
--maxCycles
2000
--maxEpisodes
100000
--period
1
--render
0
--port1
34831
--port2
60287
GymSocketAI: welcome message received
GymSocketAI: welcome message received

java -jar /seu_share/home/weiweiwu/uRTS/microrts/microrts/rts_wrapper/microrts-java.jar --map /seu_share/home/weiweiwu/uRTS/microrts/microrts/rts_wrapper/maps/6x6/fullgame6x6.xml --ai1_type socketAI --ai2_type socketAI --maxCycles 2000 --maxEpisodes 100000 --period 1 --render 0 --port1 51657 --port2 44043
Player0 Wait for Java client connection...
Player0: Send welcome msg to client...
Client: ack!
Player1 Wait for Java client connection...
Player1: Send welcome msg to client...
Client: ack!
Server: Send reset command...
Server: Send reset command...
Client received info:
--map
/seu_share/home/weiweiwu/uRTS/microrts/microrts/rts_wrapper/maps/6x6/fullgame6x6.xml
--ai1_type
socketAI
--ai2_type
socketAI
--maxCycles
2000
--maxEpisodes
100000
--period
1
--render
0
--port1
51657
--port2
44043
GymSocketAI: welcome message received
client request for connecting to server...
GymSocketAI: welcome message received

java -jar /seu_share/home/weiweiwu/uRTS/microrts/microrts/rts_wrapper/microrts-java.jar --map /seu_share/home/weiweiwu/uRTS/microrts/microrts/rts_wrapper/maps/6x6/fullgame6x6.xml --ai1_type socketAI --ai2_type Passive --maxCycles 2000 --maxEpisodes 100000 --period 1 --render 0 --port1 52077
Player0 Wait for Java client connection...
Player0: Send welcome msg to client...
Client: ack!
Server: Send reset command...
Client received info:
--map
/seu_share/home/weiweiwu/uRTS/microrts/microrts/rts_wrapper/maps/6x6/fullgame6x6.xml
--ai1_type
socketAI
--ai2_type
Passive
--maxCycles
2000
--maxEpisodes
100000
--period
1
--render
0
--port1
52077
GymSocketAI: welcome message received

java -jar /seu_share/home/weiweiwu/uRTS/microrts/microrts/rts_wrapper/microrts-java.jar --map /seu_share/home/weiweiwu/uRTS/microrts/microrts/rts_wrapper/maps/6x6/fullgame6x6.xml --ai1_type socketAI --ai2_type WorkerRush --maxCycles 2000 --maxEpisodes 100000 --period 1 --render 0 --port1 48398
Player0 Wait for Java client connection...
Player0: Send welcome msg to client...
Client: ack!
Server: Send reset command...
Client received info:
--map
/seu_share/home/weiweiwu/uRTS/microrts/microrts/rts_wrapper/maps/6x6/fullgame6x6.xml
--ai1_type
socketAI
--ai2_type
WorkerRush
--maxCycles
2000
--maxEpisodes
100000
--period
1
--render
0
--port1
48398
GymSocketAI: welcome message received

java -jar /seu_share/home/weiweiwu/uRTS/microrts/microrts/rts_wrapper/microrts-java.jar --map /seu_share/home/weiweiwu/uRTS/microrts/microrts/rts_wrapper/maps/6x6/fullgame6x6.xml --ai1_type socketAI --ai2_type socketAI --maxCycles 2000 --maxEpisodes 100000 --period 1 --render 0 --port1 41870 --port2 41578
Player0 Wait for Java client connection...
Player0: Send welcome msg to client...
Client: ack!
Player1 Wait for Java client connection...
Player1: Send welcome msg to client...
Client: ack!
Server: Send reset command...
Server: Send reset command...
ParallelVecEnv worker: got KeyboardInterrupt
Client received info:
--map
/seu_share/home/weiweiwu/uRTS/microrts/microrts/rts_wrapper/maps/6x6/fullgame6x6.xml
--ai1_type
socketAI
--ai2_type
socketAI
--maxCycles
2000
--maxEpisodes
100000
--period
1
--render
0
--port1
41870
--port2
41578
GymSocketAI: welcome message received
client request for connecting to server...
GymSocketAI: welcome message received

java -jar /seu_share/home/weiweiwu/uRTS/microrts/microrts/rts_wrapper/microrts-java.jar --map /seu_share/home/weiweiwu/uRTS/microrts/microrts/rts_wrapper/maps/6x6/fullgame6x6.xml --ai1_type socketAI --ai2_type socketAI --maxCycles 2000 --maxEpisodes 100000 --period 1 --render 0 --port1 59077 --port2 43139
Player0 Wait for Java client connection...
Player0: Send welcome msg to client...
Client: ack!
Player1 Wait for Java client connection...
Player1: Send welcome msg to client...
Client: ack!
Server: Send reset command...
Server: Send reset command...
ParallelVecEnv worker: got KeyboardInterrupt
Client received info:
--map
/seu_share/home/weiweiwu/uRTS/microrts/microrts/rts_wrapper/maps/6x6/fullgame6x6.xml
--ai1_type
socketAI
--ai2_type
socketAI
--maxCycles
2000
--maxEpisodes
100000
--period
1
--render
0
--port1
59077
--port2
43139
GymSocketAI: welcome message received
client request for connecting to server...
GymSocketAI: welcome message received

java -jar /seu_share/home/weiweiwu/uRTS/microrts/microrts/rts_wrapper/microrts-java.jar --map /seu_share/home/weiweiwu/uRTS/microrts/microrts/rts_wrapper/maps/6x6/fullgame6x6.xml --ai1_type socketAI --ai2_type UCT --maxCycles 2000 --maxEpisodes 100000 --period 1 --render 0 --port1 60792
Player0 Wait for Java client connection...
Player0: Send welcome msg to client...
Client: ack!
Server: Send reset command...
ParallelVecEnv worker: got KeyboardInterrupt
Client received info:
--map
/seu_share/home/weiweiwu/uRTS/microrts/microrts/rts_wrapper/maps/6x6/fullgame6x6.xml
--ai1_type
socketAI
--ai2_type
UCT
--maxCycles
2000
--maxEpisodes
100000
--period
1
--render
0
--port1
60792
GymSocketAI: welcome message received

java -jar /seu_share/home/weiweiwu/uRTS/microrts/microrts/rts_wrapper/microrts-java.jar --map /seu_share/home/weiweiwu/uRTS/microrts/microrts/rts_wrapper/maps/6x6/fullgame6x6.xml --ai1_type socketAI --ai2_type socketAI --maxCycles 2000 --maxEpisodes 100000 --period 1 --render 0 --port1 47198 --port2 41025
Player0 Wait for Java client connection...
Player0: Send welcome msg to client...
Client: ack!
Player1 Wait for Java client connection...
Player1: Send welcome msg to client...
Client: ack!
Server: Send reset command...
Server: Send reset command...
ParallelVecEnv worker: got KeyboardInterrupt
Client received info:
--map
/seu_share/home/weiweiwu/uRTS/microrts/microrts/rts_wrapper/maps/6x6/fullgame6x6.xml
--ai1_type
socketAI
--ai2_type
socketAI
--maxCycles
2000
--maxEpisodes
100000
--period
1
--render
0
--port1
47198
--port2
41025
GymSocketAI: welcome message received
GymSocketAI: welcome message received

java -jar /seu_share/home/weiweiwu/uRTS/microrts/microrts/rts_wrapper/microrts-java.jar --map /seu_share/home/weiweiwu/uRTS/microrts/microrts/rts_wrapper/maps/6x6/fullgame6x6.xml --ai1_type socketAI --ai2_type socketAI --maxCycles 2000 --maxEpisodes 100000 --period 1 --render 0 --port1 42258 --port2 35148
Player0 Wait for Java client connection...
Player0: Send welcome msg to client...
Client: ack!
Player1 Wait for Java client connection...
Player1: Send welcome msg to client...
Client: ack!
Server: Send reset command...
Server: Send reset command...
ParallelVecEnv worker: got KeyboardInterrupt
Client received info:
--map
/seu_share/home/weiweiwu/uRTS/microrts/microrts/rts_wrapper/maps/6x6/fullgame6x6.xml
--ai1_type
socketAI
--ai2_type
socketAI
--maxCycles
2000
--maxEpisodes
100000
--period
1
--render
0
--port1
42258
--port2
35148
GymSocketAI: welcome message received
client request for connecting to server...
GymSocketAI: welcome message received

java -jar /seu_share/home/weiweiwu/uRTS/microrts/microrts/rts_wrapper/microrts-java.jar --map /seu_share/home/weiweiwu/uRTS/microrts/microrts/rts_wrapper/maps/6x6/fullgame6x6.xml --ai1_type socketAI --ai2_type MCTS --maxCycles 2000 --maxEpisodes 100000 --period 1 --render 0 --port1 52025
Player0 Wait for Java client connection...
Player0: Send welcome msg to client...
Client: ack!
Server: Send reset command...
ParallelVecEnv worker: got KeyboardInterrupt
Client received info:
--map
/seu_share/home/weiweiwu/uRTS/microrts/microrts/rts_wrapper/maps/6x6/fullgame6x6.xml
--ai1_type
socketAI
--ai2_type
MCTS
--maxCycles
2000
--maxEpisodes
100000
--period
1
--render
0
--port1
52025
GymSocketAI: welcome message received



PS:

Read file <14183.err> for stderr output of this job.

