Sender: LSF System <lsfadmin@gpu22>
Subject: Job 14184: <PPO_League_Six_Copy> in cluster <cluster1> Exited

Job <PPO_League_Six_Copy> was submitted from host <login01> by user <weiweiwu> in cluster <cluster1> at Fri Mar 12 12:40:11 2021
Job was executed on host(s) <2*gpu22>, in queue <gpu_v100>, as user <weiweiwu> in cluster <cluster1> at Fri Mar 12 14:49:36 2021
                            <14*gpu19>
</seu_share/home/weiweiwu> was used as the home directory.
</seu_share/home/weiweiwu/uRTS/microrts/sub_job/ZT_FG_v1> was used as the working directory.
Started at Fri Mar 12 14:49:36 2021
Terminated at Mon Mar 15 10:56:21 2021
Results reported at Mon Mar 15 10:56:21 2021

Your job looked like:

------------------------------------------------------------
# LSBATCH: User input
#!/bin/bash
#BSUB -J PPO_League_Six_Copy
#BSUB -o %J.out
#BSUB -e %J.err
#BSUB -q gpu_v100
#BSUB -gpu num=1
JAVA_HOME=/seu_share/home/weiweiwu/wlocal/jdk/jdk-11.0.1
#JRE_HOME=${JAVA_HOME}/jre
CLASSPATH=.:${JAVA_HOME}/lib
PATH=$JAVA_HOME/bin:$PATH
PATH=/seu_share/home/weiweiwu/anaconda3/bin:$PATH
LD_LIBRARY_PATH=/seu_share/home/weiweiwu/anaconda3/lib:$LD_LIBRARY_PATH
export JAVA_HOME  CLASSPATH PATH 
cd ~/uRTS/microrts
python3 test_paralell.py  --algo ppo -lr 1e-4 --env-id  fullgame-v1 --render 0 --saving-prefix PPO_League_Six_Copy --league Random,WorkerRush,NaiveMCTS,UCT,MCTS,Passive --num-process 16

------------------------------------------------------------

TERM_OWNER: job killed by owner.
Exited with exit code 130.

Resource usage summary:

    CPU time :                                   513833.75 sec.
    Max Memory :                                 25428 MB
    Average Memory :                             24071.56 MB
    Total Requested Memory :                     -
    Delta Memory :                               -
    Max Swap :                                   17592186044408 MB
    Max Processes :                              36
    Max Threads :                                738
    Run time :                                   245211 sec.
    Turnaround time :                            252970 sec.

The output (if any) follows:

Random,WorkerRush,NaiveMCTS,UCT,MCTS,Passive
cuda:0
league learning staring
Random
WorkerRush
NaiveMCTS
UCT
MCTS
Passive
All leagues participated are ['Random', 'WorkerRush', 'NaiveMCTS', 'UCT', 'MCTS', 'Passive', 'socketAI', 'socketAI', 'socketAI', 'socketAI', 'socketAI', 'socketAI', 'socketAI', 'socketAI', 'socketAI', 'socketAI']
16 16
fps 59.2996018281114
fps 66.97227972813823
fps 61.566760921612456
fps 61.92156022090159
fps 52.270885571026994
fps 56.72594010978926
fps 62.28517741093383
fps 65.59464846986036
fps 61.06295199928876
fps 59.129870833311315
fps 60.94009645664762
fps 64.15919529702823
fps 68.55624434016407
fps 57.04781809760243
fps 61.21373957442178
fps 63.30599435627931
fps 63.50037222625577
fps 72.01556872675701
fps 66.12908411554167
fps 63.45799177345263
fps 58.61823612575518
fps 62.012922283165274
fps 64.982286885339
fps 61.01416292615605
fps 63.824847911710016
fps 62.91540868954109
fps 63.49589590106598
fps 59.125787448381764
fps 57.05194639937477
fps 71.12560901167797
fps 57.22097483425652
fps 60.27894710799688
fps 55.674809736973096
fps 65.07281311430113
fps 65.9712458744823
fps 66.37946434145448
fps 63.44544423547484
fps 67.79268857852078
fps 59.524201970102254
fps 64.48096044716381
fps 68.64239847011373
fps 72.84692397750209
fps 61.91482836721151
fps 58.065832970014114
fps 63.75005703142824
fps 63.03987643847308
fps 62.85849277806823
fps 61.52512326002957
fps 66.01369099123688
fps 66.91570078858312
fps 64.39198866278052
fps 58.44612082627997
fps 62.713076329867874
fps 66.52706782744669
fps 61.10197274713926
fps 72.84959762198909
fps 56.01758337149747
fps 56.49267455860382
fps 63.25411353713463
fps 67.75252326944324
fps 58.110010125842834
fps 65.96003464663771
fps 62.490468028630005
fps 59.27569919867234
fps 57.11673753531725
fps 59.57545369187067
fps 64.05804943058962
fps 69.51023931175051
fps 63.25685346918022
fps 71.59342662984909
fps 67.86617552675463
fps 67.37395227250632
fps 61.58408096412919
fps 69.43631483520525
fps 65.81573861344273
fps 68.53848054467369
fps 69.67555893190163
fps 61.325177083786954
fps 66.95679407278968
fps 63.33453528165314
fps 61.228020010692106
fps 65.39591084677043
fps 65.61061862338146
fps 67.25382275505861
fps 70.41538988214428
fps 71.84688553922378
fps 69.68792352504941
fps 64.50819365926706
fps 63.027297754727165
fps 64.52234457817171
fps 60.42774940946115
fps 69.4451470108333
fps 59.05388830155044
fps 79.24557754987474
fps 65.07351969936879
fps 74.66725871576759
fps 63.237179092739275
fps 73.04643785753468
fps 71.27859918457304
fps 84.0613425402859
fps 74.44421480470061
fps 71.7218382825444
fps 79.9078883523564
fps 72.31395953242969
fps 71.85134514253039
fps 78.78101054466165
fps 78.63585657824659
fps 76.8078492005684
fps 78.7587847619637
fps 74.34752143291642
fps 70.1075172396295
fps 73.68307233128951
fps 82.90950326295497
fps 82.90372485155983
fps 77.6517087971268
fps 72.48687855924659
fps 74.63535942047567
fps 74.88847657756739
fps 74.84847430524431
fps 82.1568276864504
fps 72.01878414757331
fps 83.79675464971632
fps 69.3503176552015
fps 71.97664631792047
fps 68.93800264215248
fps 77.29258039249724
fps 72.11000741377782
fps 74.928124250891
fps 71.6688302330237
fps 72.7997934008644
fps 74.40942492759706
fps 63.983134084517005
fps 70.7916152097095
fps 80.84536905056345
fps 78.82584974738343
fps 74.28961012747101
fps 74.55680000983709
fps 76.46217215360154
fps 80.10394012503085
fps 80.96300004391813
fps 81.32980749702494
fps 71.57406714790567
fps 80.78384289821597
fps 70.81418119020007
fps 73.42512578387736
fps 71.43990076867068
fps 73.45965012258819
fps 71.53938427298394
fps 69.97981363642015
fps 75.04586357251415
fps 74.00347435597372
fps 74.29058804080313
fps 78.41055078077018
fps 67.9655101251335
fps 76.03277352841744
fps 75.08526923621639
fps 66.92379514539017
fps 78.9434291386115
fps 78.0071328856044
fps 78.33138170969701
fps 70.94120058877859
fps 71.42417669271738
fps 75.01966434956576
fps 72.28814677925045
fps 78.50136116482149
fps 79.85772931556565
fps 77.22556908204388
fps 75.9842336398191
fps 74.96623884475301
fps 75.84572906080346
fps 72.31737068477511
fps 76.7620730457627
fps 78.83901767280096
fps 80.37547718178168
fps 78.33827545400416
fps 76.29017891251284
fps 87.90282013301959
fps 70.8015007669728
fps 68.62391086252826
fps 73.12584595346874
fps 74.9328899905008
fps 80.67466376052799
fps 74.52698131395822
fps 77.0934756259825
fps 75.54989980575151
fps 86.26701444487003
fps 79.83884201620224
fps 74.86444506337351
fps 77.85112673188786
fps 77.7558052211475
fps 75.898916101136
fps 77.46996912563412
fps 75.64513357955694
fps 78.83756783351261
fps 78.06813054190957
fps 75.72945707503624
fps 77.57147429886693
fps 75.67143452696808
fps 78.67634403877251
fps 74.11744462090398
fps 76.6939544817892
fps 76.45005362991985
fps 81.88232383577267
fps 77.63799009927996
fps 73.08307489064562
fps 76.35667607015448
fps 75.66784594894217
fps 80.9594586181329
fps 83.39037881862143
fps 84.54712277623587
fps 74.90520257438683
fps 77.35372910866734
fps 81.84846721722464
fps 79.675471644718
fps 80.94843342383933
fps 81.50214946338932
fps 78.13157303462697
fps 72.98750024668094
fps 81.77998053410974
fps 80.47890824132193
fps 85.15753781780712
fps 83.9132752435905
fps 101.12129639581929
fps 85.38635356066466
fps 79.1622591095235
fps 74.88884253213509
fps 78.4244361076867
fps 79.55834377897575
fps 78.7973681280503
fps 72.99081836858187
fps 84.65570277159415
fps 72.1441356684804
fps 80.02678480176314
fps 73.13676342226674
fps 74.20880532667636
fps 78.87288928400201
fps 74.75623168682213
fps 71.57949866378674
fps 72.5391867649221
fps 75.82713965525673
fps 73.35847390794572
fps 79.38958499777807
fps 81.84025789773747
fps 78.00811092107466
fps 79.96178364951732
fps 78.96854067073126
fps 74.69992514865105
fps 76.84831443772566
fps 78.87078608974367
fps 78.32914629471824
fps 82.39469148794149
fps 78.19464412128353
fps 76.92986504505593
fps 71.53890603462645
fps 72.56859324469082
fps 71.6107739098803
fps 84.35215655896562
fps 75.80368330017888
fps 72.29529771573975
fps 80.6007018939869
fps 81.03487295834654
fps 79.59233187307416
fps 71.87146785609208
fps 79.5506845330184
fps 74.71020377686055
fps 79.16764557330256
fps 78.31088567649887
fps 82.89440941375472
fps 78.76683818288323
fps 81.55179821040463
fps 80.29765344759336
fps 76.67178312576091
fps 76.12596101620306
fps 76.67133489246083
fps 79.6245852366598
fps 82.26427740683124
fps 79.44594541801871
fps 79.82357100682746
fps 71.93384036991063
fps 74.37185730501514
fps 81.09166585732729
fps 79.3331382074718
fps 75.27083822402976
fps 76.2483478108798
fps 74.86206818095222
fps 81.49888366802648
fps 74.76788851400599
fps 79.06635687226535
fps 79.73502401788848
fps 76.65795582920316
fps 77.64953581534331
fps 77.43346692784414
fps 82.95693792662132
fps 78.99196420955353
fps 73.62206528934136
fps 82.18379050505129
fps 78.29165258900943
fps 81.84452440228424
fps 78.0052970270969
fps 75.19723686140456
fps 87.81638714969834
fps 74.47926511935171
fps 88.57056325120577
fps 76.01240849327577
fps 85.0856120664907
fps 75.74486168679636
fps 80.42314936289017
fps 77.4377212162467
fps 80.43157906888614
fps 76.51778148504147
fps 77.94131652370874
fps 81.34923748393733
fps 74.09609394597747
fps 74.15057695108646
fps 74.49583568056265
fps 83.35523365319621
fps 80.79746548495919
fps 79.87678451652388
fps 72.0784910785354
fps 74.75381287463638
fps 75.50674722995304
fps 79.50009145626889
fps 79.02774998842031
fps 78.72271378480517
fps 80.75927907903885
fps 73.55421348135668
fps 73.11099029284887
fps 76.40967627440051
fps 73.15941797075237
fps 75.07459857662013
fps 71.88018446012171
fps 71.96931198895957
fps 72.00535184679241
fps 68.17017380500955
fps 79.88297221438573
fps 69.73404870643
fps 71.73369859940026
fps 73.15663149976619
fps 73.30303263886485
fps 79.77571543938335
fps 73.079188203209
fps 69.6156190632742
fps 74.43421207803989
fps 73.97871003740175
fps 71.69033301902752
fps 70.54979515586983
fps 76.4584156754906
fps 71.53895392680981
fps 78.30726717684716
fps 78.80030561603104
fps 79.97366799468104
fps 72.37034817868988
fps 73.77721288632006
fps 77.37729883720475
fps 72.35312118174427
fps 75.42689702298328
fps 68.2919912660768
fps 75.50576065431405
fps 70.71266064279152
fps 65.80412075360383
fps 75.88331826074327
fps 74.9876757942538
fps 81.07036388253306
fps 75.50823933335099
fps 74.47990870897105
fps 73.41740165975716
fps 73.52059219892712
fps 69.78002319110897
fps 69.818092523358
fps 76.53044880220801
fps 70.28334708839039
fps 70.98468756837059
fps 72.40705262154938
fps 72.6350375283321
fps 77.80557165727502
fps 72.09941661721078
fps 74.92667874435355
fps 69.69128031586314
fps 73.41679887083292
fps 79.15213141609638
fps 73.32758382605238
fps 71.34505323155585
fps 72.26629630978925
fps 79.64031106714808
fps 72.25292369094427
fps 75.1713365334126
fps 72.50377874948411
fps 72.84051981155605
fps 77.61820350548778
fps 70.4300364583986
fps 70.87936668873935
fps 71.9693105225057
fps 71.87105975251684
fps 76.37727487065476
fps 75.3892156589707
fps 69.12251006546514
fps 67.44528682352512
fps 76.16953147666328
fps 70.54154383823685
fps 73.08005906475874
fps 78.28344609941036
fps 75.85732266821684
fps 71.31535992684516
fps 70.20934982010687
fps 72.41960291958479
fps 72.53337336617878
fps 71.3586938810981
fps 71.195165032539
fps 67.2016648622599
fps 68.27312422189347
fps 64.41306934908869
fps 66.34759593053913
fps 69.45107346378349
fps 70.88122824902429
fps 71.2308783236413
fps 68.47663849525853
fps 71.21266131403888
fps 65.76094127205029
fps 76.58536305184676
fps 66.67407058440858
fps 71.8589784611685
fps 74.59716584551796
fps 72.22779721097052
fps 67.60923181152931
fps 68.61756793542047
fps 64.82873865692447
fps 65.95839913395382
fps 68.74247432070699
fps 67.56751914427075
fps 63.81137404423318
fps 68.27477401827056
fps 68.55103519433561
fps 69.71296330122836
fps 70.4021891378949
fps 73.45431770359856
fps 69.31920135594413
fps 67.000946178998
fps 67.90006495761425
fps 68.79255765219136
fps 66.65086028315514
fps 65.28318246051143
fps 72.01939387722538
fps 68.39089112604728
fps 67.93206090991089
fps 67.95722060344615
fps 70.97712640306193
fps 70.14223693191346
fps 68.5806884890269
fps 67.59400966246889
fps 64.67052696854229
fps 67.24556603178355
fps 76.05225854802192
fps 71.99673694236101
fps 76.07682673407119
fps 72.2093667730561
fps 73.20549747750813
fps 76.42286837410657
fps 72.86668764428902
fps 72.36812382715434
fps 72.81092418092256
fps 70.71083214056
fps 71.56289996351137
fps 74.81253593627932
fps 74.15856659299175
fps 73.53989502077346
fps 72.8288938250638
fps 72.83835089727681
fps 73.85862752087128
fps 69.71935109157756
fps 71.90803640738831
fps 72.53538836524241
fps 69.95717718497528
fps 74.3099422204785
fps 73.5240786701808
fps 73.35545022475125
fps 78.38942260381717
fps 68.33361079122528
fps 70.29536903542457
fps 70.20074004485764
fps 82.09757107331258
fps 74.3830590035764
fps 73.7507793938685
fps 70.35687543485959
fps 72.91885156638745
fps 71.05028491117174
fps 69.8397109561527
fps 70.50475847674512
fps 74.52834638353507
fps 71.91331813883107
fps 66.83261605979995
fps 72.21674016635197
fps 74.81661644687685
fps 71.22981425959068
fps 73.08559269979774
fps 78.73966504015955
fps 65.14114953031257
fps 72.31779571817026
fps 65.92789944907776
fps 75.33269743123658
fps 72.25542741252093
fps 76.17321422885745
fps 74.01701582829998
fps 70.54975347395269
fps 73.39639181364194
fps 78.7622131807294
fps 69.2335218421449
fps 68.36731226065375
fps 69.24849435297759
fps 66.94485379434363
fps 68.10329793666662
fps 72.573522673026
fps 71.28927870982896
fps 76.39531387560815
fps 73.21168771865237
fps 73.86861777781351
fps 76.79465946319424
fps 70.77569582632685
fps 77.04011023422154
fps 75.40971024520013
fps 68.52565039231231
fps 74.01011085881052
fps 75.78262359741956
fps 73.79246275161229
fps 69.83617400846747
fps 73.89047057777049
fps 77.04486573783574
fps 71.71912582761236
fps 74.33508255977783
fps 68.4340032032632
fps 75.6791350905984
fps 78.83346005988376
fps 76.08514217785722
fps 74.29371521709557
fps 73.47423716052676
fps 73.68496360980505
fps 77.53068372070821
fps 74.3950987710317
fps 81.40092117102638
fps 77.58586438619172
fps 82.78880974098645
fps 75.02255899237643
fps 69.1888179690297
fps 77.15000620216766
fps 74.19576829903625
fps 76.57006952512279
fps 67.86898413441234
fps 76.68437556857924
fps 77.02900832544212
fps 75.03242946210032
fps 75.06917146704913
fps 70.5753089810883
fps 79.54637425637283
fps 68.97785874496357
fps 76.5002229225277
fps 75.17367549725644
fps 70.37954783667048
fps 67.72090563518454
fps 72.61217203198696
fps 73.58315605744266
fps 70.58321727801736
fps 67.33423815920573
fps 76.71194715433803
fps 67.31757628865384
fps 70.50470981114974
fps 67.81816304511007
fps 66.14843046318573
fps 68.9062155171099
fps 66.39965466687514
fps 79.57339344907156
fps 72.07754220146016
fps 71.83191975334272
fps 73.28690142038339
fps 77.02573814936319
fps 72.18389307230427
fps 72.65220752765524
fps 67.91659435879428
fps 73.83444142339611
fps 72.99862220083426
fps 70.17720649020876
fps 75.22657296746763
fps 66.23711344200014
fps 74.05463498062196
fps 75.00095842699592
fps 71.71390400214737
fps 71.72809776321937
fps 70.78397566098786
fps 73.80348611911417
fps 73.68955123529068
fps 70.07568080266292
fps 69.4719233361502
fps 70.15237344032344
fps 71.26011123340558
fps 68.85620088713836
fps 72.95528059118281
fps 69.88428497301507
fps 72.46247639201445
fps 72.22365094714554
fps 82.87580068088111
fps 67.43082359333226
fps 70.98084646055226
fps 70.1173221724031
fps 70.19796056420186
fps 75.02507608326619
fps 72.63837565001108
fps 68.52535490036243
fps 71.19305870631045
fps 77.18743768886571
fps 67.95804007784852
fps 71.95779784605232
fps 69.95758061604602
fps 72.29578541961534
fps 76.03648941745803
fps 73.5078384336345
fps 69.25067691283358
fps 73.49867730807387
fps 74.43786921602918
fps 73.20360238418232
fps 78.69249817579177
fps 73.7540134330763
fps 71.74370898502364
fps 67.90433586126301
fps 69.67610069353117
fps 69.28080454406934
fps 71.83960662273472
fps 74.32461836422914
fps 73.39980831158631
fps 71.40619165280006
fps 71.36106179775521
fps 72.66048289107752
fps 70.58391155342659
fps 71.99740948270448
fps 65.42182288305584
fps 73.37135445668758
fps 77.6751199307486
fps 74.95490745446511
fps 69.61323507776666
fps 70.1876368284653
fps 71.14109487343228
fps 69.89465148991152
fps 72.54744753651875
fps 71.30369328985199
fps 74.51852318554124
fps 68.56084194555928
fps 70.29269419113098
fps 74.96035112813658
fps 75.29696110570222
fps 69.60284314639922
fps 68.48414506934138
fps 71.66492268924561
fps 74.14095800436128
fps 73.17691883621684
fps 71.68209499716636
fps 75.36168505210722
fps 75.08812071880395
fps 69.95174152900351
fps 73.34319662838624
fps 74.3188160167009
fps 70.70933906923096
fps 75.07658472667343
fps 68.15972300459705
fps 75.34942500706823
fps 73.15758738875974
fps 73.54588152607155
fps 72.43735269425817
fps 71.94217754407656
fps 72.10295838976565
fps 69.5692920727737
fps 70.79155419908957
fps 71.00625556867203
fps 73.28142792507877
fps 67.16077141849624
fps 71.56558237393155
fps 69.22773757856656
fps 71.84872096041485
fps 73.60707548939745
fps 75.59481158354073
fps 77.6754688537273
fps 71.7876672827246
fps 71.55325802718929
fps 76.85224239795377
fps 67.57762137413856
fps 61.81769521363304
fps 68.14521901210927
fps 71.90220739977632
fps 70.80238407384073
fps 73.09574743777287
fps 71.35381573668072
fps 72.14563379467315
fps 68.96165137751247
fps 74.5094997184407
fps 75.89143156453248
fps 75.64975773298889
fps 71.5432400793043
fps 74.49335265281003
fps 74.76266815338646
fps 77.25699016841938
fps 73.16829256339088
fps 71.74579785708085
fps 73.8694394984294
fps 69.93909691848364
fps 71.2163457182261
fps 73.70270786135922
fps 74.24693763233425
fps 67.65184276391136
fps 72.12386953687356
fps 69.99524255841862
fps 68.43919555438302
fps 72.86538268674911
fps 69.58728985621659
fps 72.94260127910337
fps 67.88857741409633
fps 67.81939320140154
fps 69.56218047681791
fps 68.81167735495566
fps 69.4976225207541
fps 72.45691341651546
fps 70.85838242694616
fps 68.62675411613182
fps 68.5148631943448
fps 70.1369166647811
fps 70.99706039793814
fps 70.40390931253108
fps 73.24051582045767
fps 74.18746350066459
fps 72.22277954604853
fps 72.88308777813326
fps 70.99391468284438
fps 70.80606349880469
fps 69.45174643620922
fps 71.28152221636445
fps 73.61486049238263
fps 70.08088727568516
fps 71.12132519133444
fps 67.51580362355956
fps 75.52117551983557
fps 73.6972736526289
fps 68.30852043616915
fps 74.23667471555108
fps 65.12959356228052
fps 68.98249499418473
fps 67.30270993819107
fps 71.18492248501103
fps 69.69960566087326
fps 69.36212000512823
fps 72.04789056148347
fps 68.3707109700942
fps 67.97734803670478
fps 64.37493369586144
fps 68.49384090170545
fps 68.04499326705144
fps 65.55114237790409
fps 71.17846791966458
fps 71.65973094406854
fps 70.91886386707866
fps 67.49316705602449
fps 63.85176879976751
fps 69.75384592354415
fps 65.59517491905828
fps 64.51026108248307
fps 70.90349916477096
fps 68.76537871994014
fps 67.78107775505492
fps 73.21808151075713
fps 68.79817660155689
fps 68.82848505728705
fps 64.35696845943733
fps 67.72833717224572
fps 63.81935968997238
fps 70.29129912354483
fps 63.13132160976103
fps 66.61922865797874
fps 71.28332182325246
fps 69.9726060482277
fps 68.95673011338162
fps 65.58327503773081
fps 73.02780569942519
fps 70.58462262082067
fps 66.62230114815776
fps 64.41124016801227
fps 67.81677078600187
fps 71.51451642818925
fps 65.3235800297072
fps 66.48812066628895
fps 70.66814609300128
fps 64.63909655455839
fps 63.63268813366799
fps 67.07082753007025
fps 68.51049542510283
fps 72.38212784580584
fps 70.4217898507177
fps 67.7178812436348
fps 71.70667269173903
fps 68.03427188100426
fps 74.53792752821971
fps 71.14616459604234
fps 68.70414343101184
fps 69.35884051056867
fps 69.77872690283222
fps 75.27353503982137
fps 71.42847183421456
fps 67.88129736559402
fps 72.485128531988
fps 66.41323806339695
fps 71.58273985764579
fps 69.88236312438774
fps 70.60682428938891
fps 68.8426585770424
fps 71.38290911609877
fps 73.0404189392465
fps 68.71186185220013
fps 67.00436506431554
fps 74.15554223080719
fps 72.98313311884557
fps 66.88587125413557
fps 71.67015583025933
fps 67.30024341398808
fps 69.06987631241728
fps 69.27602763513458
fps 66.52620072400032
fps 69.57684269466253
fps 69.63717007959275
fps 68.56925332878146
fps 64.96917736378659
fps 66.23468949390696
fps 69.5859341922613
fps 66.50222557760968
fps 68.74613437943084
fps 66.75550581272688
fps 63.77201178587165
fps 68.47412178786536
fps 70.48762322993848
fps 72.31360210243886
fps 57.95525701043095
fps 72.57848872128984
fps 70.63452203103301
fps 69.49109561482805
fps 68.118734870985
fps 68.53615373179929
fps 66.09512128661541
fps 67.36152779486771
fps 69.59093413237038
fps 71.01738368837712
fps 65.51264314328965
fps 67.61834612686675
fps 68.46408286073886
fps 67.29078052039928
fps 69.50583384528856
fps 68.51448224702287
fps 68.76301407026463
fps 66.88603624700079
fps 66.7666112069259
fps 71.40680290666934
fps 69.68609509880436
fps 67.22230816559333
fps 69.31111302549307
fps 67.72503442245458
fps 73.07012302147602
fps 69.89433242614453
fps 69.92126684151663
fps 71.06444962882375
fps 69.74478218692808
fps 70.0008073542251
fps 71.08807328447452
fps 70.59151517868338
fps 67.16763144595443
fps 71.1681972692382
fps 70.4787666907291
fps 68.29089811185659
fps 70.38004081467538
fps 67.73879660373343
fps 68.59211849010195
fps 66.04584814854735
fps 68.9564101315284
fps 73.42248652401592
fps 66.93291243311863
fps 68.27319513815937
fps 69.20047507038579
fps 67.33485397760302
fps 71.1916664151507
fps 73.89854748266922
fps 67.82560298833245
fps 69.39872755036092
fps 69.73820334109281
fps 71.03643225274679
fps 66.37256433810448
fps 70.14613569915721
fps 69.60876383923262
fps 61.37735091591745
fps 67.91646335195405
fps 67.74488700715646
fps 64.00302132182351
fps 68.05651565922305
fps 69.2414287562627
fps 64.21070337271706
fps 70.04091737337046
fps 67.34461094915628
fps 62.403670432713355
fps 67.59030473897316
fps 73.20134496195269
fps 68.05000882373395
fps 66.75855940791074
fps 68.27909010767833
fps 68.79698988401512
fps 68.65524302244627
fps 64.94982830695031
fps 66.79474714031778
fps 69.58321378775973
fps 73.63558912440404
fps 68.62444123538086
fps 67.04377676177546
fps 66.50862123255719
fps 67.7506072368323
fps 52.663834414053376
fps 66.06368848591498
fps 67.80814498833247
fps 69.89021987269865
fps 65.51658866321513
fps 65.77119135732589
fps 61.30392227983169
fps 64.99408075105491
fps 68.93100217234733
fps 70.79766997263307
fps 65.84758543703258
fps 61.93324612099935
fps 66.33087356183094
fps 67.12542176066027
fps 68.97429406133115
fps 68.25478852544455
fps 66.85949273432986
fps 63.78910599191443
fps 64.6284180136258
fps 66.74480771680427
fps 66.509919824646
fps 65.9388527123184
fps 66.6897695492973
fps 68.90917999957111
fps 60.51834996579668
fps 67.75968116929967
fps 66.91190112417237
fps 73.19527789647717
fps 66.23585797189972
fps 67.868883923498
fps 66.552103609561
fps 63.20619919038204
fps 66.97400948780597
fps 67.93598344351305
fps 65.84303190907708
fps 65.36841536378266
fps 65.09312405569118
fps 67.35506129773647
fps 70.01086497089915
fps 70.07175723131344
fps 68.52679438932198
fps 72.7538318487945
fps 71.10424825715303
fps 65.56020548090466
fps 66.96107688564877
fps 65.6016568160216
fps 68.08766724809709
fps 65.33129287917517
fps 61.391723974857996
fps 68.83852197422773
fps 68.79066273143246
fps 70.42237823360419
fps 70.91178712613903
fps 68.11182769070251
fps 68.48338924317922
fps 67.07782601665687
fps 71.59803456216724
fps 72.60548771410613
fps 71.83749836593954
fps 67.35325190688152
fps 71.31959878746765
fps 67.56406894193616
fps 67.83013478865325
fps 66.00061273130393
fps 64.72680501551513
fps 67.97457169526454
fps 70.02789837234941
fps 65.85418342641564
fps 72.08784989144816
fps 65.78029065508039
fps 63.975439116696535
fps 63.48470064190816
fps 68.6440457995753
fps 70.20380734130198
fps 65.87061086707938
fps 65.10914558603466
fps 65.94069750796051
fps 63.785753737973316
fps 68.25568121250538
fps 63.50526497840085
fps 68.17605937715759
fps 70.5766658378001
fps 73.01835585781375
fps 67.77788492989777
fps 70.03588903833099
fps 63.09181513363306
fps 65.84420650680205
fps 66.40389435995591
fps 68.74756273548455
fps 71.17668598359957
fps 67.4137173238669
fps 65.02646443612616
fps 71.02913679118183
fps 68.76963430120104
fps 65.08363713347735
fps 68.55556017662745
fps 67.54994541900201
fps 68.46114802949995
fps 69.43751444330698
fps 68.90815989957487
fps 65.02905633856219
fps 69.22700202721055
fps 68.45466142262374
fps 69.25723378045477
fps 69.44092755759249
fps 65.91833561634073
fps 65.92894475183905
fps 68.2454722765979
fps 69.05620662635226
fps 65.60876665747138
fps 66.51720767243613
fps 70.48779669787159
fps 69.20033257019848
fps 70.0358230376
fps 73.82982713040273
fps 64.35265910920832
fps 66.97570417749269
fps 64.68628519014567
fps 65.08909477924938
fps 66.54217698006495
fps 67.99962198825212
fps 66.35050650674769
fps 69.01574097167222
fps 65.23425126244143
fps 67.69881728708908
fps 70.0258427907534
fps 70.4137493815583
fps 68.56583828475239
fps 72.37452020157228
fps 71.78439053527659
fps 68.29167971703308
fps 66.364405749237
fps 67.04633799316068
fps 64.56011230559687
fps 67.80192853327428
fps 64.39979900013239
fps 64.26158895622602
fps 63.974149117783554
fps 69.02156127626941
fps 69.54927344848625
fps 67.47639374669556
fps 65.2676236744152
fps 65.51325877402586
fps 65.77915695760346
fps 68.046035233128
fps 66.54696960457409
fps 69.2051173153225
fps 67.91817672214842
fps 66.6874679572894
fps 70.97596413865118
fps 70.14639334964392
fps 69.1882124264766
fps 66.96845966863869
fps 68.13140381823256
fps 71.4488143091603
fps 70.38419217155052
fps 65.49642544791827
fps 59.319980438695396
fps 70.0415419545256
fps 65.73751044205525
fps 66.20156858961037
fps 68.12848478187584
fps 70.37544617907271
fps 68.49643358570187
fps 65.77425284280525
fps 71.16068584962616
fps 67.81313644699954
fps 70.62778311432983
fps 68.89521361511471
fps 71.2209207319925
fps 68.83571953848865
fps 65.80461340371689
java -jar /seu_share/home/weiweiwu/uRTS/microrts/microrts/rts_wrapper/microrts-java.jar --map /seu_share/home/weiweiwu/uRTS/microrts/microrts/rts_wrapper/maps/6x6/fullgame6x6.xml --ai1_type socketAI --ai2_type NaiveMCTS --maxCycles 2000 --maxEpisodes 100000 --period 1 --render 0 --port1 43999
Player0 Wait for Java client connection...
Player0: Send welcome msg to client...
Client: ack!
Server: Send reset command...
Client received info:
--map
/seu_share/home/weiweiwu/uRTS/microrts/microrts/rts_wrapper/maps/6x6/fullgame6x6.xml
--ai1_type
socketAI
--ai2_type
NaiveMCTS
--maxCycles
2000
--maxEpisodes
100000
--period
1
--render
0
--port1
43999
GymSocketAI: welcome message received

java -jar /seu_share/home/weiweiwu/uRTS/microrts/microrts/rts_wrapper/microrts-java.jar --map /seu_share/home/weiweiwu/uRTS/microrts/microrts/rts_wrapper/maps/6x6/fullgame6x6.xml --ai1_type socketAI --ai2_type socketAI --maxCycles 2000 --maxEpisodes 100000 --period 1 --render 0 --port1 40838 --port2 34333
Player0 Wait for Java client connection...
Player0: Send welcome msg to client...
Client: ack!
Player1 Wait for Java client connection...
Player1: Send welcome msg to client...
Client: ack!
Server: Send reset command...
Server: Send reset command...
ParallelVecEnv worker: got KeyboardInterrupt
Client received info:
--map
/seu_share/home/weiweiwu/uRTS/microrts/microrts/rts_wrapper/maps/6x6/fullgame6x6.xml
--ai1_type
socketAI
--ai2_type
socketAI
--maxCycles
2000
--maxEpisodes
100000
--period
1
--render
0
--port1
40838
--port2
34333
GymSocketAI: welcome message received
GymSocketAI: welcome message received

java -jar /seu_share/home/weiweiwu/uRTS/microrts/microrts/rts_wrapper/microrts-java.jar --map /seu_share/home/weiweiwu/uRTS/microrts/microrts/rts_wrapper/maps/6x6/fullgame6x6.xml --ai1_type socketAI --ai2_type socketAI --maxCycles 2000 --maxEpisodes 100000 --period 1 --render 0 --port1 54475 --port2 53395
Player0 Wait for Java client connection...
Player0: Send welcome msg to client...
Client: ack!
Player1 Wait for Java client connection...
Player1: Send welcome msg to client...
Client: ack!
Server: Send reset command...
Server: Send reset command...
Client received info:
--map
/seu_share/home/weiweiwu/uRTS/microrts/microrts/rts_wrapper/maps/6x6/fullgame6x6.xml
--ai1_type
socketAI
--ai2_type
socketAI
--maxCycles
2000
--maxEpisodes
100000
--period
1
--render
0
--port1
54475
--port2
53395
GymSocketAI: welcome message received
GymSocketAI: welcome message received

java -jar /seu_share/home/weiweiwu/uRTS/microrts/microrts/rts_wrapper/microrts-java.jar --map /seu_share/home/weiweiwu/uRTS/microrts/microrts/rts_wrapper/maps/6x6/fullgame6x6.xml --ai1_type socketAI --ai2_type socketAI --maxCycles 2000 --maxEpisodes 100000 --period 1 --render 0 --port1 51458 --port2 41608
Player0 Wait for Java client connection...
Player0: Send welcome msg to client...
Client: ack!
Player1 Wait for Java client connection...
Player1: Send welcome msg to client...
Client: ack!
Server: Send reset command...
Server: Send reset command...
Client received info:
--map
/seu_share/home/weiweiwu/uRTS/microrts/microrts/rts_wrapper/maps/6x6/fullgame6x6.xml
--ai1_type
socketAI
--ai2_type
socketAI
--maxCycles
2000
--maxEpisodes
100000
--period
1
--render
0
--port1
51458
--port2
41608
GymSocketAI: welcome message received
client request for connecting to server...
GymSocketAI: welcome message received

java -jar /seu_share/home/weiweiwu/uRTS/microrts/microrts/rts_wrapper/microrts-java.jar --map /seu_share/home/weiweiwu/uRTS/microrts/microrts/rts_wrapper/maps/6x6/fullgame6x6.xml --ai1_type socketAI --ai2_type MCTS --maxCycles 2000 --maxEpisodes 100000 --period 1 --render 0 --port1 36500
Player0 Wait for Java client connection...
Player0: Send welcome msg to client...
Client: ack!
Server: Send reset command...
Client received info:
--map
/seu_share/home/weiweiwu/uRTS/microrts/microrts/rts_wrapper/maps/6x6/fullgame6x6.xml
--ai1_type
socketAI
--ai2_type
MCTS
--maxCycles
2000
--maxEpisodes
100000
--period
1
--render
0
--port1
36500
GymSocketAI: welcome message received

java -jar /seu_share/home/weiweiwu/uRTS/microrts/microrts/rts_wrapper/microrts-java.jar --map /seu_share/home/weiweiwu/uRTS/microrts/microrts/rts_wrapper/maps/6x6/fullgame6x6.xml --ai1_type socketAI --ai2_type WorkerRush --maxCycles 2000 --maxEpisodes 100000 --period 1 --render 0 --port1 57953
Player0 Wait for Java client connection...
Player0: Send welcome msg to client...
Client: ack!
Server: Send reset command...
Client received info:
--map
/seu_share/home/weiweiwu/uRTS/microrts/microrts/rts_wrapper/maps/6x6/fullgame6x6.xml
--ai1_type
socketAI
--ai2_type
WorkerRush
--maxCycles
2000
--maxEpisodes
100000
--period
1
--render
0
--port1
57953
GymSocketAI: welcome message received

java -jar /seu_share/home/weiweiwu/uRTS/microrts/microrts/rts_wrapper/microrts-java.jar --map /seu_share/home/weiweiwu/uRTS/microrts/microrts/rts_wrapper/maps/6x6/fullgame6x6.xml --ai1_type socketAI --ai2_type socketAI --maxCycles 2000 --maxEpisodes 100000 --period 1 --render 0 --port1 43678 --port2 53556
Player0 Wait for Java client connection...
Player0: Send welcome msg to client...
Client: ack!
Player1 Wait for Java client connection...
Player1: Send welcome msg to client...
Client: ack!
Server: Send reset command...
Server: Send reset command...
Client received info:
--map
/seu_share/home/weiweiwu/uRTS/microrts/microrts/rts_wrapper/maps/6x6/fullgame6x6.xml
--ai1_type
socketAI
--ai2_type
socketAI
--maxCycles
2000
--maxEpisodes
100000
--period
1
--render
0
--port1
43678
--port2
53556
GymSocketAI: welcome message received
GymSocketAI: welcome message received

java -jar /seu_share/home/weiweiwu/uRTS/microrts/microrts/rts_wrapper/microrts-java.jar --map /seu_share/home/weiweiwu/uRTS/microrts/microrts/rts_wrapper/maps/6x6/fullgame6x6.xml --ai1_type socketAI --ai2_type socketAI --maxCycles 2000 --maxEpisodes 100000 --period 1 --render 0 --port1 53008 --port2 42328
Player0 Wait for Java client connection...
Player0: Send welcome msg to client...
Client: ack!
Player1 Wait for Java client connection...
Player1: Send welcome msg to client...
Client: ack!
Server: Send reset command...
Server: Send reset command...
Client received info:
--map
/seu_share/home/weiweiwu/uRTS/microrts/microrts/rts_wrapper/maps/6x6/fullgame6x6.xml
--ai1_type
socketAI
--ai2_type
socketAI
--maxCycles
2000
--maxEpisodes
100000
--period
1
--render
0
--port1
53008
--port2
42328
GymSocketAI: welcome message received
client request for connecting to server...
GymSocketAI: welcome message received

java -jar /seu_share/home/weiweiwu/uRTS/microrts/microrts/rts_wrapper/microrts-java.jar --map /seu_share/home/weiweiwu/uRTS/microrts/microrts/rts_wrapper/maps/6x6/fullgame6x6.xml --ai1_type socketAI --ai2_type socketAI --maxCycles 2000 --maxEpisodes 100000 --period 1 --render 0 --port1 48310 --port2 59607
Player0 Wait for Java client connection...
Player0: Send welcome msg to client...
Client: ack!
Player1 Wait for Java client connection...
Player1: Send welcome msg to client...
Client: ack!
Server: Send reset command...
Server: Send reset command...
Client received info:
--map
/seu_share/home/weiweiwu/uRTS/microrts/microrts/rts_wrapper/maps/6x6/fullgame6x6.xml
--ai1_type
socketAI
--ai2_type
socketAI
--maxCycles
2000
--maxEpisodes
100000
--period
1
--render
0
--port1
48310
--port2
59607
GymSocketAI: welcome message received
GymSocketAI: welcome message received

java -jar /seu_share/home/weiweiwu/uRTS/microrts/microrts/rts_wrapper/microrts-java.jar --map /seu_share/home/weiweiwu/uRTS/microrts/microrts/rts_wrapper/maps/6x6/fullgame6x6.xml --ai1_type socketAI --ai2_type UCT --maxCycles 2000 --maxEpisodes 100000 --period 1 --render 0 --port1 55766
Player0 Wait for Java client connection...
Player0: Send welcome msg to client...
Client: ack!
Server: Send reset command...
Client received info:
--map
/seu_share/home/weiweiwu/uRTS/microrts/microrts/rts_wrapper/maps/6x6/fullgame6x6.xml
--ai1_type
socketAI
--ai2_type
UCT
--maxCycles
2000
--maxEpisodes
100000
--period
1
--render
0
--port1
55766
GymSocketAI: welcome message received

java -jar /seu_share/home/weiweiwu/uRTS/microrts/microrts/rts_wrapper/microrts-java.jar --map /seu_share/home/weiweiwu/uRTS/microrts/microrts/rts_wrapper/maps/6x6/fullgame6x6.xml --ai1_type socketAI --ai2_type Random --maxCycles 2000 --maxEpisodes 100000 --period 1 --render 0 --port1 35791
Player0 Wait for Java client connection...
Player0: Send welcome msg to client...
Client: ack!
Server: Send reset command...
Client received info:
--map
/seu_share/home/weiweiwu/uRTS/microrts/microrts/rts_wrapper/maps/6x6/fullgame6x6.xml
--ai1_type
socketAI
--ai2_type
Random
--maxCycles
2000
--maxEpisodes
100000
--period
1
--render
0
--port1
35791
GymSocketAI: welcome message received

java -jar /seu_share/home/weiweiwu/uRTS/microrts/microrts/rts_wrapper/microrts-java.jar --map /seu_share/home/weiweiwu/uRTS/microrts/microrts/rts_wrapper/maps/6x6/fullgame6x6.xml --ai1_type socketAI --ai2_type socketAI --maxCycles 2000 --maxEpisodes 100000 --period 1 --render 0 --port1 40884 --port2 35862
Player0 Wait for Java client connection...
Player0: Send welcome msg to client...
Client: ack!
Player1 Wait for Java client connection...
Player1: Send welcome msg to client...
Client: ack!
Server: Send reset command...
Server: Send reset command...
Client received info:
--map
/seu_share/home/weiweiwu/uRTS/microrts/microrts/rts_wrapper/maps/6x6/fullgame6x6.xml
--ai1_type
socketAI
--ai2_type
socketAI
--maxCycles
2000
--maxEpisodes
100000
--period
1
--render
0
--port1
40884
--port2
35862
GymSocketAI: welcome message received
client request for connecting to server...
GymSocketAI: welcome message received

java -jar /seu_share/home/weiweiwu/uRTS/microrts/microrts/rts_wrapper/microrts-java.jar --map /seu_share/home/weiweiwu/uRTS/microrts/microrts/rts_wrapper/maps/6x6/fullgame6x6.xml --ai1_type socketAI --ai2_type socketAI --maxCycles 2000 --maxEpisodes 100000 --period 1 --render 0 --port1 36020 --port2 47298
Player0 Wait for Java client connection...
Player0: Send welcome msg to client...
Client: ack!
Player1 Wait for Java client connection...
Player1: Send welcome msg to client...
Client: ack!
Server: Send reset command...
Server: Send reset command...
Client received info:
--map
/seu_share/home/weiweiwu/uRTS/microrts/microrts/rts_wrapper/maps/6x6/fullgame6x6.xml
--ai1_type
socketAI
--ai2_type
socketAI
--maxCycles
2000
--maxEpisodes
100000
--period
1
--render
0
--port1
36020
--port2
47298
GymSocketAI: welcome message received
client request for connecting to server...
GymSocketAI: welcome message received

java -jar /seu_share/home/weiweiwu/uRTS/microrts/microrts/rts_wrapper/microrts-java.jar --map /seu_share/home/weiweiwu/uRTS/microrts/microrts/rts_wrapper/maps/6x6/fullgame6x6.xml --ai1_type socketAI --ai2_type socketAI --maxCycles 2000 --maxEpisodes 100000 --period 1 --render 0 --port1 40674 --port2 43143
Player0 Wait for Java client connection...
Player0: Send welcome msg to client...
Client: ack!
Player1 Wait for Java client connection...
Player1: Send welcome msg to client...
Client: ack!
Server: Send reset command...
Server: Send reset command...
Client received info:
--map
/seu_share/home/weiweiwu/uRTS/microrts/microrts/rts_wrapper/maps/6x6/fullgame6x6.xml
--ai1_type
socketAI
--ai2_type
socketAI
--maxCycles
2000
--maxEpisodes
100000
--period
1
--render
0
--port1
40674
--port2
43143
GymSocketAI: welcome message received
GymSocketAI: welcome message received

java -jar /seu_share/home/weiweiwu/uRTS/microrts/microrts/rts_wrapper/microrts-java.jar --map /seu_share/home/weiweiwu/uRTS/microrts/microrts/rts_wrapper/maps/6x6/fullgame6x6.xml --ai1_type socketAI --ai2_type socketAI --maxCycles 2000 --maxEpisodes 100000 --period 1 --render 0 --port1 57618 --port2 43972
Player0 Wait for Java client connection...
Player0: Send welcome msg to client...
Client: ack!
Player1 Wait for Java client connection...
Player1: Send welcome msg to client...
Client: ack!
Server: Send reset command...
Server: Send reset command...
Client received info:
--map
/seu_share/home/weiweiwu/uRTS/microrts/microrts/rts_wrapper/maps/6x6/fullgame6x6.xml
--ai1_type
socketAI
--ai2_type
socketAI
--maxCycles
2000
--maxEpisodes
100000
--period
1
--render
0
--port1
57618
--port2
43972
GymSocketAI: welcome message received
client request for connecting to server...
GymSocketAI: welcome message received

java -jar /seu_share/home/weiweiwu/uRTS/microrts/microrts/rts_wrapper/microrts-java.jar --map /seu_share/home/weiweiwu/uRTS/microrts/microrts/rts_wrapper/maps/6x6/fullgame6x6.xml --ai1_type socketAI --ai2_type Passive --maxCycles 2000 --maxEpisodes 100000 --period 1 --render 0 --port1 44395
Player0 Wait for Java client connection...
Player0: Send welcome msg to client...
Client: ack!
Server: Send reset command...
Client received info:
--map
/seu_share/home/weiweiwu/uRTS/microrts/microrts/rts_wrapper/maps/6x6/fullgame6x6.xml
--ai1_type
socketAI
--ai2_type
Passive
--maxCycles
2000
--maxEpisodes
100000
--period
1
--render
0
--port1
44395
GymSocketAI: welcome message received



PS:

Read file <14184.err> for stderr output of this job.

