Sender: LSF System <lsfadmin@gpu11>
Subject: Job 13704: <rl_six_ppo_league_MCTS> in cluster <cluster1> Exited

Job <rl_six_ppo_league_MCTS> was submitted from host <login01> by user <weiweiwu> in cluster <cluster1> at Thu Mar 11 16:35:07 2021
Job was executed on host(s) <gpu11>, in queue <gpu_v100>, as user <weiweiwu> in cluster <cluster1> at Thu Mar 11 16:35:08 2021
</seu_share/home/weiweiwu> was used as the home directory.
</seu_share/home/weiweiwu/uRTS/microrts/sub_job> was used as the working directory.
Started at Thu Mar 11 16:35:08 2021
Terminated at Thu Mar 11 16:35:38 2021
Results reported at Thu Mar 11 16:35:38 2021

Your job looked like:

------------------------------------------------------------
# LSBATCH: User input
#!/bin/bash
#BSUB -J rl_six_ppo_league_MCTS
#BSUB -o %J.out
#BSUB -e %J.err
#BSUB -q gpu_v100
#BSUB -gpu num=1
JAVA_HOME=/seu_share/home/weiweiwu/wlocal/jdk/jdk-11.0.1
#JRE_HOME=${JAVA_HOME}/jre
CLASSPATH=.:${JAVA_HOME}/lib
PATH=$JAVA_HOME/bin:$PATH
PATH=/seu_share/home/weiweiwu/anaconda3/bin:$PATH
LD_LIBRARY_PATH=/seu_share/home/weiweiwu/anaconda3/lib:$LD_LIBRARY_PATH
export JAVA_HOME  CLASSPATH PATH 
cd ~/uRTS/microrts
python3 test_paralell.py  --algo ppo -lr 1e-4 --env-id  fullgame-v1 --render 0 --saving-prefix rl_six_ppo_league_MCTS --league NaiveMCTS,NaiveMCTS,NavieMCTS,NaiveMCTS,NaiveMCTS,NaiveMCTS,NaiveMCTS,NaiveMCTS,NaiveMCTS,NaiveMCTS --num-process 28


------------------------------------------------------------

TERM_OWNER: job killed by owner.
Exited with exit code 130.

Resource usage summary:

    CPU time :                                   93.24 sec.
    Max Memory :                                 252 MB
    Average Memory :                             158.50 MB
    Total Requested Memory :                     -
    Delta Memory :                               -
    Max Swap :                                   -
    Max Processes :                              4
    Max Threads :                                51
    Run time :                                   29 sec.
    Turnaround time :                            31 sec.

The output (if any) follows:

NaiveMCTS,NaiveMCTS,NavieMCTS,NaiveMCTS,NaiveMCTS,NaiveMCTS,NaiveMCTS,NaiveMCTS,NaiveMCTS,NaiveMCTS


PS:

Read file <13704.err> for stderr output of this job.

