Sender: LSF System <lsfadmin@gpu12>
Subject: Job 14149: <rl_four_ppo_v1> in cluster <cluster1> Exited

Job <rl_four_ppo_v1> was submitted from host <login02> by user <weiweiwu> in cluster <cluster1> at Fri Mar 12 12:25:57 2021
Job was executed on host(s) <gpu12>, in queue <gpu_v100>, as user <weiweiwu> in cluster <cluster1> at Fri Mar 12 12:26:39 2021
</seu_share/home/weiweiwu> was used as the home directory.
</seu_share/home/weiweiwu/uRTS/microrts/sub_job/jobs_four> was used as the working directory.
Started at Fri Mar 12 12:26:39 2021
Terminated at Sun Mar 14 19:01:47 2021
Results reported at Sun Mar 14 19:01:47 2021

Your job looked like:

------------------------------------------------------------
# LSBATCH: User input
#!/bin/bash
#BSUB -J rl_four_ppo_v1
#BSUB -o %J.out
#BSUB -e %J.err
#BSUB -q gpu_v100
#BSUB -gpu num=1
JAVA_HOME=/seu_share/home/weiweiwu/wlocal/jdk/jdk-11.0.1
#JRE_HOME=${JAVA_HOME}/jre
CLASSPATH=.:${JAVA_HOME}/lib
PATH=$JAVA_HOME/bin:$PATH
PATH=/seu_share/home/weiweiwu/anaconda3/bin:$PATH
LD_LIBRARY_PATH=/seu_share/home/weiweiwu/anaconda3/lib:$LD_LIBRARY_PATH
export JAVA_HOME  CLASSPATH PATH 
cd ~/uRTS/microrts
CUDA_VISIBLE_DEVICES=3
python3 test.py  --algo ppo -lr 1e-4 --env-id  fullgame-v0 --render 0 --saving-prefix rl_four_ppo_v1


------------------------------------------------------------

TERM_OWNER: job killed by owner.
Exited with exit code 1.

Resource usage summary:

    CPU time :                                   609.00 sec.
    Max Memory :                                 658 MB
    Average Memory :                             644.95 MB
    Total Requested Memory :                     -
    Delta Memory :                               -
    Max Swap :                                   -
    Max Processes :                              5
    Max Threads :                                50
    Run time :                                   196510 sec.
    Turnaround time :                            196550 sec.

The output (if any) follows:

Namespace(algo='ppo', debug=False, entropy_coef=0.01, env_id='fullgame-v0', episodes=100000.0, gamma=0.99, log_interval=100, lr=0.0001, model_path=None, opponent='socketAI', recurrent=False, render=0, saving_prefix='rl_four_ppo_v1', value_loss_coef=0.1)
java -jar /seu_share/home/weiweiwu/uRTS/microrts/microrts/rts_wrapper/microrts-java.jar --map /seu_share/home/weiweiwu/uRTS/microrts/microrts/rts_wrapper/maps/4x4/fullgame4x4.xml --ai1_type socketAI --ai2_type socketAI --maxCycles 1000 --maxEpisodes 1000000000 --period 1 --render 0 --port1 42238 --port2 42786
Player0 Wait for Java client connection...
Player0: Send welcome msg to client...
Client: ack!
Player1 Wait for Java client connection...
Player1: Send welcome msg to client...
Client: ack!


PS:

Read file <14149.err> for stderr output of this job.

