{"moveConflictResolutionStrategy":3,"unitTypes":[{"ID":0, "name":"Resource", "cost":1, "hp":1, "minDamage":1, "maxDamage":1, "attackRange":1, "produceTime":10, "moveTime":10, "attackTime":10, "harvestTime":10, "returnTime":10, "harvestAmount":1, "sightRadius":0, "isResource":true, "isStockpile":false, "canHarvest":false, "canMove":false, "canAttack":false, "produces":[], "producedBy":[]}, {"ID":1, "name":"Base", "cost":10, "hp":10, "minDamage":1, "maxDamage":1, "attackRange":1, "produceTime":250, "moveTime":10, "attackTime":10, "harvestTime":10, "returnTime":10, "harvestAmount":1, "sightRadius":5, "isResource":false, "isStockpile":true, "canHarvest":false, "canMove":false, "canAttack":false, "produces":["Worker"], "producedBy":["Worker"]}, {"ID":2, "name":"Barracks", "cost":5, "hp":4, "minDamage":1, "maxDamage":1, "attackRange":1, "produceTime":200, "moveTime":10, "attackTime":10, "harvestTime":10, "returnTime":10, "harvestAmount":1, "sightRadius":3, "isResource":false, "isStockpile":false, "canHarvest":false, "canMove":false, "canAttack":false, "produces":["Light", "Heavy", "Ranged"], "producedBy":["Worker"]}, {"ID":3, "name":"Worker", "cost":1, "hp":1, "minDamage":1, "maxDamage":1, "attackRange":1, "produceTime":50, "moveTime":10, "attackTime":5, "harvestTime":20, "returnTime":10, "harvestAmount":1, "sightRadius":3, "isResource":false, "isStockpile":false, "canHarvest":true, "canMove":true, "canAttack":true, "produces":["Base", "Barracks"], "producedBy":["Base"]}, {"ID":4, "name":"Light", "cost":2, "hp":4, "minDamage":2, "maxDamage":2, "attackRange":1, "produceTime":80, "moveTime":8, "attackTime":5, "harvestTime":10, "returnTime":10, "harvestAmount":1, "sightRadius":2, "isResource":false, "isStockpile":false, "canHarvest":false, "canMove":true, "canAttack":true, "produces":[], "producedBy":["Barracks"]}, {"ID":5, "name":"Heavy", "cost":2, "hp":4, "minDamage":4, "maxDamage":4, "attackRange":1, "produceTime":120, "moveTime":12, "attackTime":5, "harvestTime":10, "returnTime":10, "harvestAmount":1, "sightRadius":2, "isResource":false, "isStockpile":false, "canHarvest":false, "canMove":true, "canAttack":true, "produces":[], "producedBy":["Barracks"]}, {"ID":6, "name":"Ranged", "cost":2, "hp":1, "minDamage":1, "maxDamage":1, "attackRange":3, "produceTime":100, "moveTime":10, "attackTime":5, "harvestTime":10, "returnTime":10, "harvestAmount":1, "sightRadius":3, "isResource":false, "isStockpile":false, "canHarvest":false, "canMove":true, "canAttack":true, "produces":[], "producedBy":["Barracks"]}]}
Traceback (most recent call last):
  File "test.py", line 244, in <module>
    self_play(args)
  File "test.py", line 66, in self_play
    nn.to(device)
  File "/seu_share/home/weiweiwu/anaconda3/lib/python3.8/site-packages/torch/nn/modules/module.py", line 673, in to
    return self._apply(convert)
  File "/seu_share/home/weiweiwu/anaconda3/lib/python3.8/site-packages/torch/nn/modules/module.py", line 387, in _apply
    module._apply(fn)
  File "/seu_share/home/weiweiwu/anaconda3/lib/python3.8/site-packages/torch/nn/modules/module.py", line 387, in _apply
    module._apply(fn)
  File "/seu_share/home/weiweiwu/anaconda3/lib/python3.8/site-packages/torch/nn/modules/module.py", line 387, in _apply
    module._apply(fn)
  File "/seu_share/home/weiweiwu/anaconda3/lib/python3.8/site-packages/torch/nn/modules/module.py", line 409, in _apply
    param_applied = fn(param)
  File "/seu_share/home/weiweiwu/anaconda3/lib/python3.8/site-packages/torch/nn/modules/module.py", line 671, in convert
    return t.to(device, dtype if t.is_floating_point() or t.is_complex() else None, non_blocking)
RuntimeError: CUDA error: all CUDA-capable devices are busy or unavailable
Exception ignored in: <module 'threading' from '/seu_share/home/weiweiwu/anaconda3/lib/python3.8/threading.py'>
Traceback (most recent call last):
  File "/seu_share/home/weiweiwu/anaconda3/lib/python3.8/threading.py", line 1388, in _shutdown
    lock.acquire()
KeyboardInterrupt: 
